{
  "/Users/leighforrest/Desktop/code/hello/frontend/settings.js": {
    "path": "/Users/leighforrest/Desktop/code/hello/frontend/settings.js",
    "all": false,
    "statementMap": {
      "0": {
        "start": { "line": 1, "column": 0 },
        "end": { "line": 1, "column": 57 }
      },
      "2": {
        "start": { "line": 3, "column": 0 },
        "end": { "line": 3, "column": 26 }
      },
      "3": {
        "start": { "line": 4, "column": 0 },
        "end": { "line": 4, "column": 35 }
      },
      "4": {
        "start": { "line": 5, "column": 0 },
        "end": { "line": 5, "column": 38 }
      },
      "5": {
        "start": { "line": 6, "column": 0 },
        "end": { "line": 6, "column": 32 }
      },
      "6": {
        "start": { "line": 7, "column": 0 },
        "end": { "line": 7, "column": 32 }
      },
      "7": {
        "start": { "line": 8, "column": 0 },
        "end": { "line": 8, "column": 1 }
      }
    },
    "s": { "0": 1, "2": 1, "3": 1, "4": 1, "5": 1, "6": 1, "7": 1 },
    "branchMap": {},
    "b": {},
    "fnMap": {},
    "f": {}
  },
  "/Users/leighforrest/Desktop/code/hello/frontend/src/apiClient.js": {
    "path": "/Users/leighforrest/Desktop/code/hello/frontend/src/apiClient.js",
    "all": false,
    "statementMap": {
      "0": {
        "start": { "line": 1, "column": 0 },
        "end": { "line": 1, "column": 48 }
      },
      "2": {
        "start": { "line": 3, "column": 0 },
        "end": { "line": 3, "column": 50 }
      },
      "3": {
        "start": { "line": 4, "column": 0 },
        "end": { "line": 4, "column": 81 }
      },
      "5": {
        "start": { "line": 6, "column": 0 },
        "end": { "line": 6, "column": 26 }
      },
      "6": {
        "start": { "line": 7, "column": 0 },
        "end": { "line": 7, "column": 21 }
      },
      "7": {
        "start": { "line": 8, "column": 0 },
        "end": { "line": 8, "column": 2 }
      },
      "9": {
        "start": { "line": 10, "column": 0 },
        "end": { "line": 10, "column": 41 }
      },
      "10": {
        "start": { "line": 11, "column": 0 },
        "end": { "line": 11, "column": 9 }
      },
      "11": {
        "start": { "line": 12, "column": 0 },
        "end": { "line": 12, "column": 90 }
      },
      "13": {
        "start": { "line": 14, "column": 0 },
        "end": { "line": 14, "column": 12 }
      },
      "14": {
        "start": { "line": 15, "column": 0 },
        "end": { "line": 15, "column": 33 }
      },
      "15": {
        "start": { "line": 16, "column": 0 },
        "end": { "line": 16, "column": 34 }
      },
      "16": {
        "start": { "line": 17, "column": 0 },
        "end": { "line": 17, "column": 5 }
      },
      "17": {
        "start": { "line": 18, "column": 0 },
        "end": { "line": 18, "column": 21 }
      },
      "18": {
        "start": { "line": 19, "column": 0 },
        "end": { "line": 19, "column": 53 }
      },
      "19": {
        "start": { "line": 20, "column": 0 },
        "end": { "line": 20, "column": 19 }
      },
      "20": {
        "start": { "line": 21, "column": 0 },
        "end": { "line": 21, "column": 5 }
      },
      "21": {
        "start": { "line": 22, "column": 0 },
        "end": { "line": 22, "column": 4 }
      },
      "22": {
        "start": { "line": 23, "column": 0 },
        "end": { "line": 23, "column": 1 }
      },
      "24": {
        "start": { "line": 25, "column": 0 },
        "end": { "line": 25, "column": 32 }
      },
      "25": {
        "start": { "line": 26, "column": 0 },
        "end": { "line": 26, "column": 19 }
      },
      "26": {
        "start": { "line": 27, "column": 0 },
        "end": { "line": 27, "column": 25 }
      },
      "27": {
        "start": { "line": 28, "column": 0 },
        "end": { "line": 28, "column": 2 }
      },
      "29": {
        "start": { "line": 30, "column": 0 },
        "end": { "line": 30, "column": 18 }
      }
    },
    "s": {
      "0": 1,
      "2": 1,
      "3": 1,
      "5": 1,
      "6": 1,
      "7": 1,
      "9": 1,
      "10": 4,
      "11": 4,
      "13": 4,
      "14": 4,
      "15": 4,
      "16": 4,
      "17": 4,
      "18": 0,
      "19": 0,
      "20": 0,
      "21": 4,
      "22": 4,
      "24": 1,
      "25": 1,
      "26": 1,
      "27": 1,
      "29": 1
    },
    "branchMap": {
      "0": {
        "type": "branch",
        "line": 10,
        "loc": {
          "start": { "line": 10, "column": 23 },
          "end": { "line": 23, "column": 1 }
        },
        "locations": [
          {
            "start": { "line": 10, "column": 23 },
            "end": { "line": 23, "column": 1 }
          }
        ]
      },
      "1": {
        "type": "branch",
        "line": 18,
        "loc": {
          "start": { "line": 18, "column": 6 },
          "end": { "line": 21, "column": 5 }
        },
        "locations": [
          {
            "start": { "line": 18, "column": 6 },
            "end": { "line": 21, "column": 5 }
          }
        ]
      }
    },
    "b": { "0": [4], "1": [0] },
    "fnMap": {
      "0": {
        "name": "requestRefresh",
        "decl": {
          "start": { "line": 10, "column": 23 },
          "end": { "line": 23, "column": 1 }
        },
        "loc": {
          "start": { "line": 10, "column": 23 },
          "end": { "line": 23, "column": 1 }
        },
        "line": 10
      }
    },
    "f": { "0": 4 }
  },
  "/Users/leighforrest/Desktop/code/hello/frontend/src/components/DarkModeButton.jsx": {
    "path": "/Users/leighforrest/Desktop/code/hello/frontend/src/components/DarkModeButton.jsx",
    "all": false,
    "statementMap": {
      "0": {
        "start": { "line": 1, "column": 0 },
        "end": { "line": 1, "column": 64 }
      },
      "1": {
        "start": { "line": 2, "column": 0 },
        "end": { "line": 2, "column": 53 }
      },
      "3": {
        "start": { "line": 4, "column": 0 },
        "end": { "line": 4, "column": 30 }
      },
      "4": {
        "start": { "line": 5, "column": 0 },
        "end": { "line": 5, "column": 49 }
      },
      "5": {
        "start": { "line": 6, "column": 0 },
        "end": { "line": 6, "column": 10 }
      },
      "6": {
        "start": { "line": 7, "column": 0 },
        "end": { "line": 7, "column": 75 }
      },
      "7": {
        "start": { "line": 8, "column": 0 },
        "end": { "line": 8, "column": 19 }
      },
      "8": {
        "start": { "line": 9, "column": 0 },
        "end": { "line": 9, "column": 70 }
      },
      "10": {
        "start": { "line": 11, "column": 0 },
        "end": { "line": 11, "column": 61 }
      },
      "12": {
        "start": { "line": 13, "column": 0 },
        "end": { "line": 13, "column": 13 }
      },
      "14": {
        "start": { "line": 15, "column": 0 },
        "end": { "line": 15, "column": 2 }
      },
      "16": {
        "start": { "line": 17, "column": 0 },
        "end": { "line": 17, "column": 30 }
      }
    },
    "s": {
      "0": 1,
      "1": 1,
      "3": 1,
      "4": 21,
      "5": 21,
      "6": 21,
      "7": 21,
      "8": 4,
      "10": 17,
      "12": 21,
      "14": 21,
      "16": 1
    },
    "branchMap": {
      "0": {
        "type": "branch",
        "line": 4,
        "loc": {
          "start": { "line": 4, "column": 23 },
          "end": { "line": 15, "column": 2 }
        },
        "locations": [
          {
            "start": { "line": 4, "column": 23 },
            "end": { "line": 15, "column": 2 }
          }
        ]
      },
      "1": {
        "type": "branch",
        "line": 8,
        "loc": {
          "start": { "line": 8, "column": 7 },
          "end": { "line": 9, "column": 70 }
        },
        "locations": [
          {
            "start": { "line": 8, "column": 7 },
            "end": { "line": 9, "column": 70 }
          }
        ]
      },
      "2": {
        "type": "branch",
        "line": 9,
        "loc": {
          "start": { "line": 9, "column": 68 },
          "end": { "line": 11, "column": 61 }
        },
        "locations": [
          {
            "start": { "line": 9, "column": 68 },
            "end": { "line": 11, "column": 61 }
          }
        ]
      }
    },
    "b": { "0": [21], "1": [4], "2": [17] },
    "fnMap": {
      "0": {
        "name": "DarkModeButton",
        "decl": {
          "start": { "line": 4, "column": 23 },
          "end": { "line": 15, "column": 2 }
        },
        "loc": {
          "start": { "line": 4, "column": 23 },
          "end": { "line": 15, "column": 2 }
        },
        "line": 4
      }
    },
    "f": { "0": 21 }
  },
  "/Users/leighforrest/Desktop/code/hello/frontend/src/components/Footer.jsx": {
    "path": "/Users/leighforrest/Desktop/code/hello/frontend/src/components/Footer.jsx",
    "all": false,
    "statementMap": {
      "0": {
        "start": { "line": 1, "column": 0 },
        "end": { "line": 1, "column": 26 }
      },
      "2": {
        "start": { "line": 3, "column": 0 },
        "end": { "line": 3, "column": 22 }
      },
      "3": {
        "start": { "line": 4, "column": 0 },
        "end": { "line": 4, "column": 10 }
      },
      "4": {
        "start": { "line": 5, "column": 0 },
        "end": { "line": 5, "column": 11 }
      },
      "5": {
        "start": { "line": 6, "column": 0 },
        "end": { "line": 6, "column": 98 }
      },
      "6": {
        "start": { "line": 7, "column": 0 },
        "end": { "line": 7, "column": 26 }
      },
      "8": {
        "start": { "line": 9, "column": 0 },
        "end": { "line": 9, "column": 53 }
      },
      "9": {
        "start": { "line": 10, "column": 0 },
        "end": { "line": 10, "column": 13 }
      },
      "11": {
        "start": { "line": 12, "column": 0 },
        "end": { "line": 12, "column": 2 }
      },
      "13": {
        "start": { "line": 14, "column": 0 },
        "end": { "line": 14, "column": 22 }
      }
    },
    "s": {
      "0": 1,
      "2": 1,
      "3": 1,
      "4": 1,
      "5": 1,
      "6": 1,
      "8": 1,
      "9": 1,
      "11": 1,
      "13": 1
    },
    "branchMap": {
      "0": {
        "type": "branch",
        "line": 3,
        "loc": {
          "start": { "line": 3, "column": 15 },
          "end": { "line": 12, "column": 2 }
        },
        "locations": [
          {
            "start": { "line": 3, "column": 15 },
            "end": { "line": 12, "column": 2 }
          }
        ]
      }
    },
    "b": { "0": [1] },
    "fnMap": {
      "0": {
        "name": "Footer",
        "decl": {
          "start": { "line": 3, "column": 15 },
          "end": { "line": 12, "column": 2 }
        },
        "loc": {
          "start": { "line": 3, "column": 15 },
          "end": { "line": 12, "column": 2 }
        },
        "line": 3
      }
    },
    "f": { "0": 1 }
  },
  "/Users/leighforrest/Desktop/code/hello/frontend/src/components/Hamburger.jsx": {
    "path": "/Users/leighforrest/Desktop/code/hello/frontend/src/components/Hamburger.jsx",
    "all": false,
    "statementMap": {
      "0": {
        "start": { "line": 1, "column": 0 },
        "end": { "line": 1, "column": 25 }
      },
      "2": {
        "start": { "line": 3, "column": 0 },
        "end": { "line": 3, "column": 50 }
      },
      "3": {
        "start": { "line": 4, "column": 0 },
        "end": { "line": 4, "column": 10 }
      },
      "4": {
        "start": { "line": 5, "column": 0 },
        "end": { "line": 5, "column": 11 }
      },
      "5": {
        "start": { "line": 6, "column": 0 },
        "end": { "line": 6, "column": 91 }
      },
      "6": {
        "start": { "line": 7, "column": 0 },
        "end": { "line": 7, "column": 33 }
      },
      "7": {
        "start": { "line": 8, "column": 0 },
        "end": { "line": 8, "column": 34 }
      },
      "8": {
        "start": { "line": 9, "column": 0 },
        "end": { "line": 9, "column": 23 }
      },
      "10": {
        "start": { "line": 11, "column": 0 },
        "end": { "line": 11, "column": 15 }
      },
      "11": {
        "start": { "line": 12, "column": 0 },
        "end": { "line": 12, "column": 105 }
      },
      "12": {
        "start": { "line": 13, "column": 0 },
        "end": { "line": 13, "column": 55 }
      },
      "13": {
        "start": { "line": 14, "column": 0 },
        "end": { "line": 14, "column": 15 }
      },
      "14": {
        "start": { "line": 15, "column": 0 },
        "end": { "line": 15, "column": 12 }
      },
      "15": {
        "start": { "line": 16, "column": 0 },
        "end": { "line": 16, "column": 15 }
      },
      "16": {
        "start": { "line": 17, "column": 0 },
        "end": { "line": 17, "column": 103 }
      },
      "17": {
        "start": { "line": 18, "column": 0 },
        "end": { "line": 18, "column": 39 }
      },
      "18": {
        "start": { "line": 19, "column": 0 },
        "end": { "line": 19, "column": 15 }
      },
      "19": {
        "start": { "line": 20, "column": 0 },
        "end": { "line": 20, "column": 12 }
      },
      "20": {
        "start": { "line": 21, "column": 0 },
        "end": { "line": 21, "column": 15 }
      },
      "21": {
        "start": { "line": 22, "column": 0 },
        "end": { "line": 22, "column": 105 }
      },
      "22": {
        "start": { "line": 23, "column": 0 },
        "end": { "line": 23, "column": 57 }
      },
      "23": {
        "start": { "line": 24, "column": 0 },
        "end": { "line": 24, "column": 15 }
      },
      "24": {
        "start": { "line": 25, "column": 0 },
        "end": { "line": 25, "column": 12 }
      },
      "25": {
        "start": { "line": 26, "column": 0 },
        "end": { "line": 26, "column": 17 }
      },
      "27": {
        "start": { "line": 28, "column": 0 },
        "end": { "line": 28, "column": 1 }
      },
      "29": {
        "start": { "line": 30, "column": 0 },
        "end": { "line": 30, "column": 24 }
      }
    },
    "s": {
      "0": 1,
      "2": 1,
      "3": 7,
      "4": 7,
      "5": 7,
      "6": 7,
      "7": 7,
      "8": 7,
      "10": 7,
      "11": 7,
      "12": 7,
      "13": 7,
      "14": 7,
      "15": 7,
      "16": 7,
      "17": 7,
      "18": 7,
      "19": 7,
      "20": 7,
      "21": 7,
      "22": 7,
      "23": 7,
      "24": 7,
      "25": 7,
      "27": 7,
      "29": 1
    },
    "branchMap": {
      "0": {
        "type": "branch",
        "line": 3,
        "loc": {
          "start": { "line": 3, "column": 18 },
          "end": { "line": 28, "column": 1 }
        },
        "locations": [
          {
            "start": { "line": 3, "column": 18 },
            "end": { "line": 28, "column": 1 }
          }
        ]
      },
      "1": {
        "type": "branch",
        "line": 13,
        "loc": {
          "start": { "line": 13, "column": 14 },
          "end": { "line": 13, "column": 53 }
        },
        "locations": [
          {
            "start": { "line": 13, "column": 14 },
            "end": { "line": 13, "column": 53 }
          }
        ]
      },
      "2": {
        "type": "branch",
        "line": 13,
        "loc": {
          "start": { "line": 13, "column": 23 },
          "end": { "line": 13, "column": 55 }
        },
        "locations": [
          {
            "start": { "line": 13, "column": 23 },
            "end": { "line": 13, "column": 55 }
          }
        ]
      },
      "3": {
        "type": "branch",
        "line": 18,
        "loc": {
          "start": { "line": 18, "column": 14 },
          "end": { "line": 18, "column": 37 }
        },
        "locations": [
          {
            "start": { "line": 18, "column": 14 },
            "end": { "line": 18, "column": 37 }
          }
        ]
      },
      "4": {
        "type": "branch",
        "line": 18,
        "loc": {
          "start": { "line": 18, "column": 23 },
          "end": { "line": 18, "column": 39 }
        },
        "locations": [
          {
            "start": { "line": 18, "column": 23 },
            "end": { "line": 18, "column": 39 }
          }
        ]
      },
      "5": {
        "type": "branch",
        "line": 23,
        "loc": {
          "start": { "line": 23, "column": 14 },
          "end": { "line": 23, "column": 55 }
        },
        "locations": [
          {
            "start": { "line": 23, "column": 14 },
            "end": { "line": 23, "column": 55 }
          }
        ]
      },
      "6": {
        "type": "branch",
        "line": 23,
        "loc": {
          "start": { "line": 23, "column": 23 },
          "end": { "line": 23, "column": 57 }
        },
        "locations": [
          {
            "start": { "line": 23, "column": 23 },
            "end": { "line": 23, "column": 57 }
          }
        ]
      }
    },
    "b": {
      "0": [7],
      "1": [2],
      "2": [5],
      "3": [2],
      "4": [5],
      "5": [2],
      "6": [5]
    },
    "fnMap": {
      "0": {
        "name": "Hamburger",
        "decl": {
          "start": { "line": 3, "column": 18 },
          "end": { "line": 28, "column": 1 }
        },
        "loc": {
          "start": { "line": 3, "column": 18 },
          "end": { "line": 28, "column": 1 }
        },
        "line": 3
      }
    },
    "f": { "0": 7 }
  },
  "/Users/leighforrest/Desktop/code/hello/frontend/src/components/MainContainer.jsx": {
    "path": "/Users/leighforrest/Desktop/code/hello/frontend/src/components/MainContainer.jsx",
    "all": false,
    "statementMap": {
      "0": {
        "start": { "line": 1, "column": 0 },
        "end": { "line": 1, "column": 26 }
      },
      "5": {
        "start": { "line": 6, "column": 0 },
        "end": { "line": 6, "column": 41 }
      },
      "6": {
        "start": { "line": 7, "column": 0 },
        "end": { "line": 7, "column": 7 }
      },
      "7": {
        "start": { "line": 8, "column": 0 },
        "end": { "line": 8, "column": 67 }
      },
      "8": {
        "start": { "line": 9, "column": 0 },
        "end": { "line": 9, "column": 31 }
      },
      "10": {
        "start": { "line": 11, "column": 0 },
        "end": { "line": 11, "column": 14 }
      },
      "11": {
        "start": { "line": 12, "column": 0 },
        "end": { "line": 12, "column": 9 }
      },
      "14": {
        "start": { "line": 15, "column": 0 },
        "end": { "line": 15, "column": 29 }
      }
    },
    "s": {
      "0": 1,
      "5": 1,
      "6": 18,
      "7": 18,
      "8": 18,
      "10": 18,
      "11": 18,
      "14": 1
    },
    "branchMap": {
      "0": {
        "type": "branch",
        "line": 6,
        "loc": {
          "start": { "line": 6, "column": 22 },
          "end": { "line": 12, "column": 9 }
        },
        "locations": [
          {
            "start": { "line": 6, "column": 22 },
            "end": { "line": 12, "column": 9 }
          }
        ]
      }
    },
    "b": { "0": [18] },
    "fnMap": {
      "0": {
        "name": "MainContainer",
        "decl": {
          "start": { "line": 6, "column": 22 },
          "end": { "line": 12, "column": 9 }
        },
        "loc": {
          "start": { "line": 6, "column": 22 },
          "end": { "line": 12, "column": 9 }
        },
        "line": 6
      }
    },
    "f": { "0": 18 }
  },
  "/Users/leighforrest/Desktop/code/hello/frontend/src/components/Navbar.jsx": {
    "path": "/Users/leighforrest/Desktop/code/hello/frontend/src/components/Navbar.jsx",
    "all": false,
    "statementMap": {
      "0": {
        "start": { "line": 1, "column": 0 },
        "end": { "line": 1, "column": 44 }
      },
      "1": {
        "start": { "line": 2, "column": 0 },
        "end": { "line": 2, "column": 36 }
      },
      "2": {
        "start": { "line": 3, "column": 0 },
        "end": { "line": 3, "column": 46 }
      },
      "3": {
        "start": { "line": 4, "column": 0 },
        "end": { "line": 4, "column": 34 }
      },
      "4": {
        "start": { "line": 5, "column": 0 },
        "end": { "line": 5, "column": 36 }
      },
      "6": {
        "start": { "line": 7, "column": 0 },
        "end": { "line": 7, "column": 22 }
      },
      "7": {
        "start": { "line": 8, "column": 0 },
        "end": { "line": 8, "column": 74 }
      },
      "8": {
        "start": { "line": 9, "column": 0 },
        "end": { "line": 9, "column": 46 }
      },
      "10": {
        "start": { "line": 11, "column": 0 },
        "end": { "line": 11, "column": 19 }
      },
      "11": {
        "start": { "line": 12, "column": 0 },
        "end": { "line": 12, "column": 32 }
      },
      "12": {
        "start": { "line": 13, "column": 0 },
        "end": { "line": 13, "column": 43 }
      },
      "13": {
        "start": { "line": 14, "column": 0 },
        "end": { "line": 14, "column": 6 }
      },
      "14": {
        "start": { "line": 15, "column": 0 },
        "end": { "line": 15, "column": 52 }
      },
      "15": {
        "start": { "line": 16, "column": 0 },
        "end": { "line": 16, "column": 68 }
      },
      "16": {
        "start": { "line": 17, "column": 0 },
        "end": { "line": 17, "column": 9 }
      },
      "18": {
        "start": { "line": 19, "column": 0 },
        "end": { "line": 19, "column": 54 }
      },
      "19": {
        "start": { "line": 20, "column": 0 },
        "end": { "line": 20, "column": 43 }
      },
      "21": {
        "start": { "line": 22, "column": 0 },
        "end": { "line": 22, "column": 10 }
      },
      "22": {
        "start": { "line": 23, "column": 0 },
        "end": { "line": 23, "column": 57 }
      },
      "23": {
        "start": { "line": 24, "column": 0 },
        "end": { "line": 24, "column": 124 }
      },
      "24": {
        "start": { "line": 25, "column": 0 },
        "end": { "line": 25, "column": 78 }
      },
      "25": {
        "start": { "line": 26, "column": 0 },
        "end": { "line": 26, "column": 53 }
      },
      "27": {
        "start": { "line": 28, "column": 0 },
        "end": { "line": 28, "column": 17 }
      },
      "29": {
        "start": { "line": 30, "column": 0 },
        "end": { "line": 30, "column": 80 }
      },
      "31": {
        "start": { "line": 32, "column": 0 },
        "end": { "line": 32, "column": 13 }
      },
      "32": {
        "start": { "line": 33, "column": 0 },
        "end": { "line": 33, "column": 24 }
      },
      "34": {
        "start": { "line": 35, "column": 0 },
        "end": { "line": 35, "column": 14 }
      },
      "35": {
        "start": { "line": 36, "column": 0 },
        "end": { "line": 36, "column": 159 }
      },
      "36": {
        "start": { "line": 37, "column": 0 },
        "end": { "line": 37, "column": 104 }
      },
      "37": {
        "start": { "line": 38, "column": 0 },
        "end": { "line": 38, "column": 5 }
      },
      "40": {
        "start": { "line": 41, "column": 0 },
        "end": { "line": 41, "column": 25 }
      },
      "41": {
        "start": { "line": 42, "column": 0 },
        "end": { "line": 42, "column": 45 }
      },
      "42": {
        "start": { "line": 43, "column": 0 },
        "end": { "line": 43, "column": 46 }
      },
      "43": {
        "start": { "line": 44, "column": 0 },
        "end": { "line": 44, "column": 5 }
      },
      "45": {
        "start": { "line": 46, "column": 0 },
        "end": { "line": 46, "column": 31 }
      },
      "47": {
        "start": { "line": 48, "column": 0 },
        "end": { "line": 48, "column": 24 }
      },
      "48": {
        "start": { "line": 49, "column": 0 },
        "end": { "line": 49, "column": 65 }
      },
      "49": {
        "start": { "line": 50, "column": 0 },
        "end": { "line": 50, "column": 32 }
      },
      "50": {
        "start": { "line": 51, "column": 0 },
        "end": { "line": 51, "column": 17 }
      },
      "51": {
        "start": { "line": 52, "column": 0 },
        "end": { "line": 52, "column": 15 }
      },
      "52": {
        "start": { "line": 53, "column": 0 },
        "end": { "line": 53, "column": 14 }
      },
      "53": {
        "start": { "line": 54, "column": 0 },
        "end": { "line": 54, "column": 12 }
      },
      "54": {
        "start": { "line": 55, "column": 0 },
        "end": { "line": 55, "column": 13 }
      },
      "56": {
        "start": { "line": 57, "column": 0 },
        "end": { "line": 57, "column": 2 }
      },
      "58": {
        "start": { "line": 59, "column": 0 },
        "end": { "line": 59, "column": 22 }
      }
    },
    "s": {
      "0": 1,
      "1": 1,
      "2": 1,
      "3": 1,
      "4": 1,
      "6": 1,
      "7": 11,
      "8": 11,
      "10": 11,
      "11": 8,
      "12": 1,
      "13": 1,
      "14": 8,
      "15": 8,
      "16": 11,
      "18": 11,
      "19": 11,
      "21": 11,
      "22": 11,
      "23": 11,
      "24": 11,
      "25": 11,
      "27": 11,
      "29": 11,
      "31": 11,
      "32": 11,
      "34": 11,
      "35": 7,
      "36": 4,
      "37": 11,
      "40": 11,
      "41": 6,
      "42": 5,
      "43": 11,
      "45": 11,
      "47": 11,
      "48": 11,
      "49": 11,
      "50": 11,
      "51": 11,
      "52": 11,
      "53": 11,
      "54": 11,
      "56": 11,
      "58": 1
    },
    "branchMap": {
      "0": {
        "type": "branch",
        "line": 7,
        "loc": {
          "start": { "line": 7, "column": 15 },
          "end": { "line": 57, "column": 2 }
        },
        "locations": [
          {
            "start": { "line": 7, "column": 15 },
            "end": { "line": 57, "column": 2 }
          }
        ]
      },
      "1": {
        "type": "branch",
        "line": 30,
        "loc": {
          "start": { "line": 30, "column": 11 },
          "end": { "line": 30, "column": 80 }
        },
        "locations": [
          {
            "start": { "line": 30, "column": 11 },
            "end": { "line": 30, "column": 80 }
          }
        ]
      },
      "2": {
        "type": "branch",
        "line": 35,
        "loc": {
          "start": { "line": 35, "column": 6 },
          "end": { "line": 36, "column": 159 }
        },
        "locations": [
          {
            "start": { "line": 35, "column": 6 },
            "end": { "line": 36, "column": 159 }
          }
        ]
      },
      "3": {
        "type": "branch",
        "line": 36,
        "loc": {
          "start": { "line": 36, "column": 10 },
          "end": { "line": 37, "column": 104 }
        },
        "locations": [
          {
            "start": { "line": 36, "column": 10 },
            "end": { "line": 37, "column": 104 }
          }
        ]
      },
      "4": {
        "type": "branch",
        "line": 41,
        "loc": {
          "start": { "line": 41, "column": 6 },
          "end": { "line": 41, "column": 25 }
        },
        "locations": [
          {
            "start": { "line": 41, "column": 6 },
            "end": { "line": 41, "column": 25 }
          }
        ]
      },
      "5": {
        "type": "branch",
        "line": 41,
        "loc": {
          "start": { "line": 41, "column": 17 },
          "end": { "line": 42, "column": 45 }
        },
        "locations": [
          {
            "start": { "line": 41, "column": 17 },
            "end": { "line": 42, "column": 45 }
          }
        ]
      },
      "6": {
        "type": "branch",
        "line": 42,
        "loc": {
          "start": { "line": 42, "column": 10 },
          "end": { "line": 43, "column": 46 }
        },
        "locations": [
          {
            "start": { "line": 42, "column": 10 },
            "end": { "line": 43, "column": 46 }
          }
        ]
      },
      "7": {
        "type": "branch",
        "line": 8,
        "loc": {
          "start": { "line": 8, "column": 43 },
          "end": { "line": 8, "column": 72 }
        },
        "locations": [
          {
            "start": { "line": 8, "column": 43 },
            "end": { "line": 8, "column": 72 }
          }
        ]
      },
      "8": {
        "type": "branch",
        "line": 11,
        "loc": {
          "start": { "line": 11, "column": 12 },
          "end": { "line": 17, "column": 5 }
        },
        "locations": [
          {
            "start": { "line": 11, "column": 12 },
            "end": { "line": 17, "column": 5 }
          }
        ]
      },
      "9": {
        "type": "branch",
        "line": 12,
        "loc": {
          "start": { "line": 12, "column": 25 },
          "end": { "line": 14, "column": 6 }
        },
        "locations": [
          {
            "start": { "line": 12, "column": 25 },
            "end": { "line": 14, "column": 6 }
          }
        ]
      },
      "10": {
        "type": "branch",
        "line": 16,
        "loc": {
          "start": { "line": 16, "column": 11 },
          "end": { "line": 16, "column": 68 }
        },
        "locations": [
          {
            "start": { "line": 16, "column": 11 },
            "end": { "line": 16, "column": 68 }
          }
        ]
      },
      "11": {
        "type": "branch",
        "line": 19,
        "loc": {
          "start": { "line": 19, "column": 21 },
          "end": { "line": 19, "column": 54 }
        },
        "locations": [
          {
            "start": { "line": 19, "column": 21 },
            "end": { "line": 19, "column": 54 }
          }
        ]
      },
      "12": {
        "type": "branch",
        "line": 19,
        "loc": {
          "start": { "line": 19, "column": 37 },
          "end": { "line": 19, "column": 52 }
        },
        "locations": [
          {
            "start": { "line": 19, "column": 37 },
            "end": { "line": 19, "column": 52 }
          }
        ]
      }
    },
    "b": {
      "0": [11],
      "1": [7],
      "2": [7],
      "3": [4],
      "4": [9],
      "5": [6],
      "6": [5],
      "7": [8],
      "8": [8],
      "9": [1],
      "10": [8],
      "11": [2],
      "12": [2]
    },
    "fnMap": {
      "0": {
        "name": "Navbar",
        "decl": {
          "start": { "line": 7, "column": 15 },
          "end": { "line": 57, "column": 2 }
        },
        "loc": {
          "start": { "line": 7, "column": 15 },
          "end": { "line": 57, "column": 2 }
        },
        "line": 7
      },
      "1": {
        "name": "handleResize",
        "decl": {
          "start": { "line": 12, "column": 25 },
          "end": { "line": 14, "column": 6 }
        },
        "loc": {
          "start": { "line": 12, "column": 25 },
          "end": { "line": 14, "column": 6 }
        },
        "line": 12
      },
      "2": {
        "name": "toggleMenu",
        "decl": {
          "start": { "line": 19, "column": 21 },
          "end": { "line": 19, "column": 54 }
        },
        "loc": {
          "start": { "line": 19, "column": 21 },
          "end": { "line": 19, "column": 54 }
        },
        "line": 19
      },
      "3": {
        "name": "closeMenu",
        "decl": {
          "start": { "line": 20, "column": 20 },
          "end": { "line": 20, "column": 43 }
        },
        "loc": {
          "start": { "line": 20, "column": 20 },
          "end": { "line": 20, "column": 43 }
        },
        "line": 20
      }
    },
    "f": { "0": 11, "1": 1, "2": 2, "3": 0 }
  },
  "/Users/leighforrest/Desktop/code/hello/frontend/src/components/PrivateRoute.jsx": {
    "path": "/Users/leighforrest/Desktop/code/hello/frontend/src/components/PrivateRoute.jsx",
    "all": false,
    "statementMap": {
      "0": {
        "start": { "line": 1, "column": 0 },
        "end": { "line": 1, "column": 51 }
      },
      "1": {
        "start": { "line": 2, "column": 0 },
        "end": { "line": 2, "column": 48 }
      },
      "3": {
        "start": { "line": 4, "column": 0 },
        "end": { "line": 4, "column": 32 }
      },
      "5": {
        "start": { "line": 6, "column": 0 },
        "end": { "line": 6, "column": 28 }
      },
      "6": {
        "start": { "line": 7, "column": 0 },
        "end": { "line": 7, "column": 38 }
      },
      "8": {
        "start": { "line": 9, "column": 0 },
        "end": { "line": 9, "column": 33 }
      },
      "10": {
        "start": { "line": 11, "column": 0 },
        "end": { "line": 11, "column": 53 }
      },
      "11": {
        "start": { "line": 12, "column": 0 },
        "end": { "line": 12, "column": 2 }
      },
      "14": {
        "start": { "line": 15, "column": 0 },
        "end": { "line": 15, "column": 27 }
      }
    },
    "s": {
      "0": 1,
      "1": 1,
      "3": 1,
      "5": 1,
      "6": 3,
      "8": 3,
      "10": 3,
      "11": 3,
      "14": 1
    },
    "branchMap": {
      "0": {
        "type": "branch",
        "line": 6,
        "loc": {
          "start": { "line": 6, "column": 21 },
          "end": { "line": 12, "column": 2 }
        },
        "locations": [
          {
            "start": { "line": 6, "column": 21 },
            "end": { "line": 12, "column": 2 }
          }
        ]
      },
      "1": {
        "type": "branch",
        "line": 9,
        "loc": {
          "start": { "line": 9, "column": 15 },
          "end": { "line": 9, "column": 33 }
        },
        "locations": [
          {
            "start": { "line": 9, "column": 15 },
            "end": { "line": 9, "column": 33 }
          }
        ]
      },
      "2": {
        "type": "branch",
        "line": 9,
        "loc": {
          "start": { "line": 9, "column": 31 },
          "end": { "line": 11, "column": 16 }
        },
        "locations": [
          {
            "start": { "line": 9, "column": 31 },
            "end": { "line": 11, "column": 16 }
          }
        ]
      },
      "3": {
        "type": "branch",
        "line": 11,
        "loc": {
          "start": { "line": 11, "column": 9 },
          "end": { "line": 11, "column": 29 }
        },
        "locations": [
          {
            "start": { "line": 11, "column": 9 },
            "end": { "line": 11, "column": 29 }
          }
        ]
      },
      "4": {
        "type": "branch",
        "line": 11,
        "loc": {
          "start": { "line": 11, "column": 24 },
          "end": { "line": 11, "column": 53 }
        },
        "locations": [
          {
            "start": { "line": 11, "column": 24 },
            "end": { "line": 11, "column": 53 }
          }
        ]
      }
    },
    "b": { "0": [3], "1": [1], "2": [2], "3": [1], "4": [1] },
    "fnMap": {
      "0": {
        "name": "PrivateRoute",
        "decl": {
          "start": { "line": 6, "column": 21 },
          "end": { "line": 12, "column": 2 }
        },
        "loc": {
          "start": { "line": 6, "column": 21 },
          "end": { "line": 12, "column": 2 }
        },
        "line": 6
      }
    },
    "f": { "0": 3 }
  },
  "/Users/leighforrest/Desktop/code/hello/frontend/src/components/PublicRoute.jsx": {
    "path": "/Users/leighforrest/Desktop/code/hello/frontend/src/components/PublicRoute.jsx",
    "all": false,
    "statementMap": {
      "0": {
        "start": { "line": 1, "column": 0 },
        "end": { "line": 1, "column": 51 }
      },
      "1": {
        "start": { "line": 2, "column": 0 },
        "end": { "line": 2, "column": 48 }
      },
      "3": {
        "start": { "line": 4, "column": 0 },
        "end": { "line": 4, "column": 32 }
      },
      "5": {
        "start": { "line": 6, "column": 0 },
        "end": { "line": 6, "column": 28 }
      },
      "6": {
        "start": { "line": 7, "column": 0 },
        "end": { "line": 7, "column": 38 }
      },
      "8": {
        "start": { "line": 9, "column": 0 },
        "end": { "line": 9, "column": 33 }
      },
      "10": {
        "start": { "line": 11, "column": 0 },
        "end": { "line": 11, "column": 56 }
      },
      "11": {
        "start": { "line": 12, "column": 0 },
        "end": { "line": 12, "column": 2 }
      },
      "14": {
        "start": { "line": 15, "column": 0 },
        "end": { "line": 15, "column": 27 }
      }
    },
    "s": {
      "0": 1,
      "1": 1,
      "3": 1,
      "5": 1,
      "6": 3,
      "8": 3,
      "10": 3,
      "11": 3,
      "14": 1
    },
    "branchMap": {
      "0": {
        "type": "branch",
        "line": 6,
        "loc": {
          "start": { "line": 6, "column": 21 },
          "end": { "line": 12, "column": 2 }
        },
        "locations": [
          {
            "start": { "line": 6, "column": 21 },
            "end": { "line": 12, "column": 2 }
          }
        ]
      },
      "1": {
        "type": "branch",
        "line": 9,
        "loc": {
          "start": { "line": 9, "column": 15 },
          "end": { "line": 9, "column": 33 }
        },
        "locations": [
          {
            "start": { "line": 9, "column": 15 },
            "end": { "line": 9, "column": 33 }
          }
        ]
      },
      "2": {
        "type": "branch",
        "line": 9,
        "loc": {
          "start": { "line": 9, "column": 31 },
          "end": { "line": 11, "column": 16 }
        },
        "locations": [
          {
            "start": { "line": 9, "column": 31 },
            "end": { "line": 11, "column": 16 }
          }
        ]
      },
      "3": {
        "type": "branch",
        "line": 11,
        "loc": {
          "start": { "line": 11, "column": 9 },
          "end": { "line": 11, "column": 46 }
        },
        "locations": [
          {
            "start": { "line": 11, "column": 9 },
            "end": { "line": 11, "column": 46 }
          }
        ]
      },
      "4": {
        "type": "branch",
        "line": 11,
        "loc": {
          "start": { "line": 11, "column": 41 },
          "end": { "line": 11, "column": 56 }
        },
        "locations": [
          {
            "start": { "line": 11, "column": 41 },
            "end": { "line": 11, "column": 56 }
          }
        ]
      }
    },
    "b": { "0": [3], "1": [1], "2": [2], "3": [1], "4": [1] },
    "fnMap": {
      "0": {
        "name": "PrivateRoute",
        "decl": {
          "start": { "line": 6, "column": 21 },
          "end": { "line": 12, "column": 2 }
        },
        "loc": {
          "start": { "line": 6, "column": 21 },
          "end": { "line": 12, "column": 2 }
        },
        "line": 6
      }
    },
    "f": { "0": 3 }
  },
  "/Users/leighforrest/Desktop/code/hello/frontend/src/components/Spinner.jsx": {
    "path": "/Users/leighforrest/Desktop/code/hello/frontend/src/components/Spinner.jsx",
    "all": false,
    "statementMap": {
      "0": {
        "start": { "line": 1, "column": 0 },
        "end": { "line": 1, "column": 26 }
      },
      "2": {
        "start": { "line": 3, "column": 0 },
        "end": { "line": 3, "column": 23 }
      },
      "3": {
        "start": { "line": 4, "column": 0 },
        "end": { "line": 4, "column": 100 }
      },
      "6": {
        "start": { "line": 7, "column": 0 },
        "end": { "line": 7, "column": 23 }
      }
    },
    "s": { "0": 1, "2": 1, "3": 3, "6": 1 },
    "branchMap": {
      "0": {
        "type": "branch",
        "line": 3,
        "loc": {
          "start": { "line": 3, "column": 16 },
          "end": { "line": 4, "column": 100 }
        },
        "locations": [
          {
            "start": { "line": 3, "column": 16 },
            "end": { "line": 4, "column": 100 }
          }
        ]
      }
    },
    "b": { "0": [3] },
    "fnMap": {
      "0": {
        "name": "Spinner",
        "decl": {
          "start": { "line": 3, "column": 16 },
          "end": { "line": 4, "column": 100 }
        },
        "loc": {
          "start": { "line": 3, "column": 16 },
          "end": { "line": 4, "column": 100 }
        },
        "line": 3
      }
    },
    "f": { "0": 3 }
  },
  "/Users/leighforrest/Desktop/code/hello/frontend/src/components/UserMenu.jsx": {
    "path": "/Users/leighforrest/Desktop/code/hello/frontend/src/components/UserMenu.jsx",
    "all": false,
    "statementMap": {
      "0": {
        "start": { "line": 1, "column": 0 },
        "end": { "line": 1, "column": 39 }
      },
      "1": {
        "start": { "line": 2, "column": 0 },
        "end": { "line": 2, "column": 53 }
      },
      "2": {
        "start": { "line": 3, "column": 0 },
        "end": { "line": 3, "column": 51 }
      },
      "3": {
        "start": { "line": 4, "column": 0 },
        "end": { "line": 4, "column": 32 }
      },
      "6": {
        "start": { "line": 7, "column": 0 },
        "end": { "line": 7, "column": 39 }
      },
      "7": {
        "start": { "line": 8, "column": 0 },
        "end": { "line": 8, "column": 46 }
      },
      "9": {
        "start": { "line": 10, "column": 0 },
        "end": { "line": 10, "column": 33 }
      },
      "11": {
        "start": { "line": 12, "column": 0 },
        "end": { "line": 12, "column": 40 }
      },
      "12": {
        "start": { "line": 13, "column": 0 },
        "end": { "line": 13, "column": 52 }
      },
      "13": {
        "start": { "line": 14, "column": 0 },
        "end": { "line": 14, "column": 5 }
      },
      "15": {
        "start": { "line": 16, "column": 0 },
        "end": { "line": 16, "column": 6 }
      },
      "16": {
        "start": { "line": 17, "column": 0 },
        "end": { "line": 17, "column": 10 }
      },
      "17": {
        "start": { "line": 18, "column": 0 },
        "end": { "line": 18, "column": 16 }
      },
      "18": {
        "start": { "line": 19, "column": 0 },
        "end": { "line": 19, "column": 16 }
      },
      "19": {
        "start": { "line": 20, "column": 0 },
        "end": { "line": 20, "column": 13 }
      },
      "20": {
        "start": { "line": 21, "column": 0 },
        "end": { "line": 21, "column": 31 }
      },
      "21": {
        "start": { "line": 22, "column": 0 },
        "end": { "line": 22, "column": 38 }
      },
      "22": {
        "start": { "line": 23, "column": 0 },
        "end": { "line": 23, "column": 93 }
      },
      "23": {
        "start": { "line": 24, "column": 0 },
        "end": { "line": 24, "column": 60 }
      },
      "24": {
        "start": { "line": 25, "column": 0 },
        "end": { "line": 25, "column": 14 }
      },
      "27": {
        "start": { "line": 28, "column": 0 },
        "end": { "line": 28, "column": 25 }
      },
      "28": {
        "start": { "line": 29, "column": 0 },
        "end": { "line": 29, "column": 18 }
      },
      "29": {
        "start": { "line": 30, "column": 0 },
        "end": { "line": 30, "column": 11 }
      },
      "30": {
        "start": { "line": 31, "column": 0 },
        "end": { "line": 31, "column": 10 }
      },
      "31": {
        "start": { "line": 32, "column": 0 },
        "end": { "line": 32, "column": 16 }
      },
      "32": {
        "start": { "line": 33, "column": 0 },
        "end": { "line": 33, "column": 21 }
      },
      "33": {
        "start": { "line": 34, "column": 0 },
        "end": { "line": 34, "column": 31 }
      },
      "34": {
        "start": { "line": 35, "column": 0 },
        "end": { "line": 35, "column": 38 }
      },
      "35": {
        "start": { "line": 36, "column": 0 },
        "end": { "line": 36, "column": 93 }
      },
      "36": {
        "start": { "line": 37, "column": 0 },
        "end": { "line": 37, "column": 60 }
      },
      "37": {
        "start": { "line": 38, "column": 0 },
        "end": { "line": 38, "column": 14 }
      },
      "40": {
        "start": { "line": 41, "column": 0 },
        "end": { "line": 41, "column": 31 }
      },
      "41": {
        "start": { "line": 42, "column": 0 },
        "end": { "line": 42, "column": 18 }
      },
      "42": {
        "start": { "line": 43, "column": 0 },
        "end": { "line": 43, "column": 11 }
      },
      "43": {
        "start": { "line": 44, "column": 0 },
        "end": { "line": 44, "column": 10 }
      },
      "44": {
        "start": { "line": 45, "column": 0 },
        "end": { "line": 45, "column": 16 }
      },
      "45": {
        "start": { "line": 46, "column": 0 },
        "end": { "line": 46, "column": 24 }
      },
      "46": {
        "start": { "line": 47, "column": 0 },
        "end": { "line": 47, "column": 31 }
      },
      "47": {
        "start": { "line": 48, "column": 0 },
        "end": { "line": 48, "column": 38 }
      },
      "48": {
        "start": { "line": 49, "column": 0 },
        "end": { "line": 49, "column": 93 }
      },
      "49": {
        "start": { "line": 50, "column": 0 },
        "end": { "line": 50, "column": 60 }
      },
      "50": {
        "start": { "line": 51, "column": 0 },
        "end": { "line": 51, "column": 14 }
      },
      "52": {
        "start": { "line": 53, "column": 0 },
        "end": { "line": 53, "column": 9 }
      },
      "54": {
        "start": { "line": 55, "column": 0 },
        "end": { "line": 55, "column": 18 }
      },
      "55": {
        "start": { "line": 56, "column": 0 },
        "end": { "line": 56, "column": 11 }
      },
      "56": {
        "start": { "line": 57, "column": 0 },
        "end": { "line": 57, "column": 7 }
      },
      "58": {
        "start": { "line": 59, "column": 0 },
        "end": { "line": 59, "column": 2 }
      },
      "60": {
        "start": { "line": 61, "column": 0 },
        "end": { "line": 61, "column": 24 }
      }
    },
    "s": {
      "0": 1,
      "1": 1,
      "2": 1,
      "3": 1,
      "6": 1,
      "7": 11,
      "9": 11,
      "11": 11,
      "12": 2,
      "13": 2,
      "15": 8,
      "16": 8,
      "17": 8,
      "18": 8,
      "19": 8,
      "20": 8,
      "21": 8,
      "22": 8,
      "23": 8,
      "24": 8,
      "27": 8,
      "28": 8,
      "29": 8,
      "30": 8,
      "31": 8,
      "32": 8,
      "33": 8,
      "34": 8,
      "35": 8,
      "36": 8,
      "37": 8,
      "40": 8,
      "41": 8,
      "42": 8,
      "43": 8,
      "44": 8,
      "45": 8,
      "46": 8,
      "47": 8,
      "48": 8,
      "49": 8,
      "50": 8,
      "52": 8,
      "54": 8,
      "55": 8,
      "56": 8,
      "58": 11,
      "60": 1
    },
    "branchMap": {
      "0": {
        "type": "branch",
        "line": 7,
        "loc": {
          "start": { "line": 7, "column": 17 },
          "end": { "line": 59, "column": 2 }
        },
        "locations": [
          {
            "start": { "line": 7, "column": 17 },
            "end": { "line": 59, "column": 2 }
          }
        ]
      },
      "1": {
        "type": "branch",
        "line": 10,
        "loc": {
          "start": { "line": 10, "column": 15 },
          "end": { "line": 10, "column": 33 }
        },
        "locations": [
          {
            "start": { "line": 10, "column": 15 },
            "end": { "line": 10, "column": 33 }
          }
        ]
      },
      "2": {
        "type": "branch",
        "line": 10,
        "loc": {
          "start": { "line": 10, "column": 31 },
          "end": { "line": 12, "column": 17 }
        },
        "locations": [
          {
            "start": { "line": 10, "column": 31 },
            "end": { "line": 12, "column": 17 }
          }
        ]
      },
      "3": {
        "type": "branch",
        "line": 12,
        "loc": {
          "start": { "line": 12, "column": 9 },
          "end": { "line": 14, "column": 5 }
        },
        "locations": [
          {
            "start": { "line": 12, "column": 9 },
            "end": { "line": 14, "column": 5 }
          }
        ]
      },
      "4": {
        "type": "branch",
        "line": 14,
        "loc": {
          "start": { "line": 14, "column": 2 },
          "end": { "line": 57, "column": 7 }
        },
        "locations": [
          {
            "start": { "line": 14, "column": 2 },
            "end": { "line": 57, "column": 7 }
          }
        ]
      },
      "5": {
        "type": "branch",
        "line": 22,
        "loc": {
          "start": { "line": 22, "column": 21 },
          "end": { "line": 25, "column": 14 }
        },
        "locations": [
          {
            "start": { "line": 22, "column": 21 },
            "end": { "line": 25, "column": 14 }
          }
        ]
      },
      "6": {
        "type": "branch",
        "line": 24,
        "loc": {
          "start": { "line": 24, "column": 25 },
          "end": { "line": 24, "column": 60 }
        },
        "locations": [
          {
            "start": { "line": 24, "column": 25 },
            "end": { "line": 24, "column": 60 }
          }
        ]
      },
      "7": {
        "type": "branch",
        "line": 35,
        "loc": {
          "start": { "line": 35, "column": 21 },
          "end": { "line": 38, "column": 14 }
        },
        "locations": [
          {
            "start": { "line": 35, "column": 21 },
            "end": { "line": 38, "column": 14 }
          }
        ]
      },
      "8": {
        "type": "branch",
        "line": 37,
        "loc": {
          "start": { "line": 37, "column": 14 },
          "end": { "line": 37, "column": 58 }
        },
        "locations": [
          {
            "start": { "line": 37, "column": 14 },
            "end": { "line": 37, "column": 58 }
          }
        ]
      },
      "9": {
        "type": "branch",
        "line": 48,
        "loc": {
          "start": { "line": 48, "column": 21 },
          "end": { "line": 51, "column": 14 }
        },
        "locations": [
          {
            "start": { "line": 48, "column": 21 },
            "end": { "line": 51, "column": 14 }
          }
        ]
      },
      "10": {
        "type": "branch",
        "line": 50,
        "loc": {
          "start": { "line": 50, "column": 14 },
          "end": { "line": 50, "column": 58 }
        },
        "locations": [
          {
            "start": { "line": 50, "column": 14 },
            "end": { "line": 50, "column": 58 }
          }
        ]
      }
    },
    "b": {
      "0": [11],
      "1": [1],
      "2": [10],
      "3": [2],
      "4": [8],
      "5": [8],
      "6": [0],
      "7": [8],
      "8": [0],
      "9": [8],
      "10": [0]
    },
    "fnMap": {
      "0": {
        "name": "UserMenu",
        "decl": {
          "start": { "line": 7, "column": 17 },
          "end": { "line": 59, "column": 2 }
        },
        "loc": {
          "start": { "line": 7, "column": 17 },
          "end": { "line": 59, "column": 2 }
        },
        "line": 7
      },
      "1": {
        "name": "className",
        "decl": {
          "start": { "line": 22, "column": 21 },
          "end": { "line": 25, "column": 14 }
        },
        "loc": {
          "start": { "line": 22, "column": 21 },
          "end": { "line": 25, "column": 14 }
        },
        "line": 22
      },
      "2": {
        "name": "className",
        "decl": {
          "start": { "line": 35, "column": 21 },
          "end": { "line": 38, "column": 14 }
        },
        "loc": {
          "start": { "line": 35, "column": 21 },
          "end": { "line": 38, "column": 14 }
        },
        "line": 35
      },
      "3": {
        "name": "className",
        "decl": {
          "start": { "line": 48, "column": 21 },
          "end": { "line": 51, "column": 14 }
        },
        "loc": {
          "start": { "line": 48, "column": 21 },
          "end": { "line": 51, "column": 14 }
        },
        "line": 48
      }
    },
    "f": { "0": 11, "1": 8, "2": 8, "3": 8 }
  },
  "/Users/leighforrest/Desktop/code/hello/frontend/src/components/forms/Input.jsx": {
    "path": "/Users/leighforrest/Desktop/code/hello/frontend/src/components/forms/Input.jsx",
    "all": false,
    "statementMap": {
      "0": {
        "start": { "line": 1, "column": 0 },
        "end": { "line": 1, "column": 16 }
      },
      "1": {
        "start": { "line": 2, "column": 0 },
        "end": { "line": 2, "column": 8 }
      },
      "2": {
        "start": { "line": 3, "column": 0 },
        "end": { "line": 3, "column": 5 }
      },
      "3": {
        "start": { "line": 4, "column": 0 },
        "end": { "line": 4, "column": 16 }
      },
      "4": {
        "start": { "line": 5, "column": 0 },
        "end": { "line": 5, "column": 14 }
      },
      "5": {
        "start": { "line": 6, "column": 0 },
        "end": { "line": 6, "column": 11 }
      },
      "6": {
        "start": { "line": 7, "column": 0 },
        "end": { "line": 7, "column": 9 }
      },
      "7": {
        "start": { "line": 8, "column": 0 },
        "end": { "line": 8, "column": 7 }
      },
      "8": {
        "start": { "line": 9, "column": 0 },
        "end": { "line": 9, "column": 10 }
      },
      "9": {
        "start": { "line": 10, "column": 0 },
        "end": { "line": 10, "column": 26 }
      },
      "10": {
        "start": { "line": 11, "column": 0 },
        "end": { "line": 11, "column": 12 }
      },
      "11": {
        "start": { "line": 12, "column": 0 },
        "end": { "line": 12, "column": 78 }
      },
      "12": {
        "start": { "line": 13, "column": 0 },
        "end": { "line": 13, "column": 20 }
      },
      "14": {
        "start": { "line": 15, "column": 0 },
        "end": { "line": 15, "column": 15 }
      },
      "15": {
        "start": { "line": 16, "column": 0 },
        "end": { "line": 16, "column": 14 }
      },
      "16": {
        "start": { "line": 17, "column": 0 },
        "end": { "line": 17, "column": 12 }
      },
      "17": {
        "start": { "line": 18, "column": 0 },
        "end": { "line": 18, "column": 25 }
      },
      "18": {
        "start": { "line": 19, "column": 0 },
        "end": { "line": 19, "column": 15 }
      },
      "19": {
        "start": { "line": 20, "column": 0 },
        "end": { "line": 20, "column": 19 }
      },
      "20": {
        "start": { "line": 21, "column": 0 },
        "end": { "line": 21, "column": 33 }
      },
      "21": {
        "start": { "line": 22, "column": 0 },
        "end": { "line": 22, "column": 164 }
      },
      "22": {
        "start": { "line": 23, "column": 0 },
        "end": { "line": 23, "column": 64 }
      },
      "23": {
        "start": { "line": 24, "column": 0 },
        "end": { "line": 24, "column": 11 }
      },
      "24": {
        "start": { "line": 25, "column": 0 },
        "end": { "line": 25, "column": 8 }
      },
      "25": {
        "start": { "line": 26, "column": 0 },
        "end": { "line": 26, "column": 22 }
      },
      "26": {
        "start": { "line": 27, "column": 0 },
        "end": { "line": 27, "column": 69 }
      },
      "27": {
        "start": { "line": 28, "column": 0 },
        "end": { "line": 28, "column": 30 }
      },
      "28": {
        "start": { "line": 29, "column": 0 },
        "end": { "line": 29, "column": 12 }
      },
      "30": {
        "start": { "line": 31, "column": 0 },
        "end": { "line": 31, "column": 10 }
      },
      "32": {
        "start": { "line": 33, "column": 0 },
        "end": { "line": 33, "column": 2 }
      },
      "34": {
        "start": { "line": 35, "column": 0 },
        "end": { "line": 35, "column": 21 }
      }
    },
    "s": {
      "0": 1,
      "1": 114,
      "2": 114,
      "3": 114,
      "4": 114,
      "5": 114,
      "6": 114,
      "7": 114,
      "8": 114,
      "9": 114,
      "10": 114,
      "11": 114,
      "12": 114,
      "14": 114,
      "15": 114,
      "16": 114,
      "17": 114,
      "18": 114,
      "19": 114,
      "20": 114,
      "21": 114,
      "22": 114,
      "23": 114,
      "24": 114,
      "25": 114,
      "26": 13,
      "27": 13,
      "28": 13,
      "30": 114,
      "32": 114,
      "34": 1
    },
    "branchMap": {
      "0": {
        "type": "branch",
        "line": 1,
        "loc": {
          "start": { "line": 1, "column": 14 },
          "end": { "line": 33, "column": 2 }
        },
        "locations": [
          {
            "start": { "line": 1, "column": 14 },
            "end": { "line": 33, "column": 2 }
          }
        ]
      },
      "1": {
        "type": "branch",
        "line": 23,
        "loc": {
          "start": { "line": 23, "column": 19 },
          "end": { "line": 23, "column": 62 }
        },
        "locations": [
          {
            "start": { "line": 23, "column": 19 },
            "end": { "line": 23, "column": 62 }
          }
        ]
      },
      "2": {
        "type": "branch",
        "line": 23,
        "loc": {
          "start": { "line": 23, "column": 23 },
          "end": { "line": 23, "column": 64 }
        },
        "locations": [
          {
            "start": { "line": 23, "column": 23 },
            "end": { "line": 23, "column": 64 }
          }
        ]
      },
      "3": {
        "type": "branch",
        "line": 26,
        "loc": {
          "start": { "line": 26, "column": 16 },
          "end": { "line": 29, "column": 12 }
        },
        "locations": [
          {
            "start": { "line": 26, "column": 16 },
            "end": { "line": 29, "column": 12 }
          }
        ]
      }
    },
    "b": { "0": [114], "1": [13], "2": [101], "3": [13] },
    "fnMap": {
      "0": {
        "name": "Input",
        "decl": {
          "start": { "line": 1, "column": 14 },
          "end": { "line": 33, "column": 2 }
        },
        "loc": {
          "start": { "line": 1, "column": 14 },
          "end": { "line": 33, "column": 2 }
        },
        "line": 1
      }
    },
    "f": { "0": 114 }
  },
  "/Users/leighforrest/Desktop/code/hello/frontend/src/components/forms/LoginForm.jsx": {
    "path": "/Users/leighforrest/Desktop/code/hello/frontend/src/components/forms/LoginForm.jsx",
    "all": false,
    "statementMap": {
      "0": {
        "start": { "line": 1, "column": 0 },
        "end": { "line": 1, "column": 42 }
      },
      "1": {
        "start": { "line": 2, "column": 0 },
        "end": { "line": 2, "column": 54 }
      },
      "2": {
        "start": { "line": 3, "column": 0 },
        "end": { "line": 3, "column": 44 }
      },
      "3": {
        "start": { "line": 4, "column": 0 },
        "end": { "line": 4, "column": 28 }
      },
      "5": {
        "start": { "line": 6, "column": 0 },
        "end": { "line": 6, "column": 36 }
      },
      "6": {
        "start": { "line": 7, "column": 0 },
        "end": { "line": 7, "column": 9 }
      },
      "7": {
        "start": { "line": 8, "column": 0 },
        "end": { "line": 8, "column": 13 }
      },
      "8": {
        "start": { "line": 9, "column": 0 },
        "end": { "line": 9, "column": 17 }
      },
      "9": {
        "start": { "line": 10, "column": 0 },
        "end": { "line": 10, "column": 26 }
      },
      "10": {
        "start": { "line": 11, "column": 0 },
        "end": { "line": 11, "column": 15 }
      },
      "11": {
        "start": { "line": 12, "column": 0 },
        "end": { "line": 12, "column": 39 }
      },
      "12": {
        "start": { "line": 13, "column": 0 },
        "end": { "line": 13, "column": 5 }
      },
      "14": {
        "start": { "line": 15, "column": 0 },
        "end": { "line": 15, "column": 43 }
      },
      "16": {
        "start": { "line": 17, "column": 0 },
        "end": { "line": 17, "column": 10 }
      },
      "17": {
        "start": { "line": 18, "column": 0 },
        "end": { "line": 18, "column": 9 }
      },
      "18": {
        "start": { "line": 19, "column": 0 },
        "end": { "line": 19, "column": 39 }
      },
      "19": {
        "start": { "line": 20, "column": 0 },
        "end": { "line": 20, "column": 81 }
      },
      "21": {
        "start": { "line": 22, "column": 0 },
        "end": { "line": 22, "column": 58 }
      },
      "22": {
        "start": { "line": 23, "column": 0 },
        "end": { "line": 23, "column": 12 }
      },
      "23": {
        "start": { "line": 24, "column": 0 },
        "end": { "line": 24, "column": 18 }
      },
      "24": {
        "start": { "line": 25, "column": 0 },
        "end": { "line": 25, "column": 21 }
      },
      "25": {
        "start": { "line": 26, "column": 0 },
        "end": { "line": 26, "column": 35 }
      },
      "26": {
        "start": { "line": 27, "column": 0 },
        "end": { "line": 27, "column": 27 }
      },
      "27": {
        "start": { "line": 28, "column": 0 },
        "end": { "line": 28, "column": 23 }
      },
      "28": {
        "start": { "line": 29, "column": 0 },
        "end": { "line": 29, "column": 8 }
      },
      "29": {
        "start": { "line": 30, "column": 0 },
        "end": { "line": 30, "column": 12 }
      },
      "30": {
        "start": { "line": 31, "column": 0 },
        "end": { "line": 31, "column": 21 }
      },
      "31": {
        "start": { "line": 32, "column": 0 },
        "end": { "line": 32, "column": 24 }
      },
      "32": {
        "start": { "line": 33, "column": 0 },
        "end": { "line": 33, "column": 23 }
      },
      "33": {
        "start": { "line": 34, "column": 0 },
        "end": { "line": 34, "column": 35 }
      },
      "34": {
        "start": { "line": 35, "column": 0 },
        "end": { "line": 35, "column": 27 }
      },
      "35": {
        "start": { "line": 36, "column": 0 },
        "end": { "line": 36, "column": 23 }
      },
      "36": {
        "start": { "line": 37, "column": 0 },
        "end": { "line": 37, "column": 8 }
      },
      "37": {
        "start": { "line": 38, "column": 0 },
        "end": { "line": 38, "column": 13 }
      },
      "38": {
        "start": { "line": 39, "column": 0 },
        "end": { "line": 39, "column": 21 }
      },
      "39": {
        "start": { "line": 40, "column": 0 },
        "end": { "line": 40, "column": 168 }
      },
      "40": {
        "start": { "line": 41, "column": 0 },
        "end": { "line": 41, "column": 7 }
      },
      "42": {
        "start": { "line": 43, "column": 0 },
        "end": { "line": 43, "column": 15 }
      },
      "43": {
        "start": { "line": 44, "column": 0 },
        "end": { "line": 44, "column": 11 }
      },
      "45": {
        "start": { "line": 46, "column": 0 },
        "end": { "line": 46, "column": 2 }
      },
      "47": {
        "start": { "line": 48, "column": 0 },
        "end": { "line": 48, "column": 25 }
      }
    },
    "s": {
      "0": 1,
      "1": 1,
      "2": 1,
      "3": 1,
      "5": 1,
      "6": 29,
      "7": 29,
      "8": 29,
      "9": 29,
      "10": 29,
      "11": 29,
      "12": 29,
      "14": 29,
      "16": 29,
      "17": 29,
      "18": 29,
      "19": 29,
      "21": 29,
      "22": 29,
      "23": 29,
      "24": 29,
      "25": 29,
      "26": 29,
      "27": 29,
      "28": 29,
      "29": 29,
      "30": 29,
      "31": 29,
      "32": 29,
      "33": 29,
      "34": 29,
      "35": 29,
      "36": 29,
      "37": 29,
      "38": 29,
      "39": 29,
      "40": 29,
      "42": 29,
      "43": 29,
      "45": 29,
      "47": 1
    },
    "branchMap": {
      "0": {
        "type": "branch",
        "line": 6,
        "loc": {
          "start": { "line": 6, "column": 18 },
          "end": { "line": 46, "column": 2 }
        },
        "locations": [
          {
            "start": { "line": 6, "column": 18 },
            "end": { "line": 46, "column": 2 }
          }
        ]
      },
      "1": {
        "type": "branch",
        "line": 15,
        "loc": {
          "start": { "line": 15, "column": 19 },
          "end": { "line": 15, "column": 43 }
        },
        "locations": [
          {
            "start": { "line": 15, "column": 19 },
            "end": { "line": 15, "column": 43 }
          }
        ]
      }
    },
    "b": { "0": [29], "1": [3] },
    "fnMap": {
      "0": {
        "name": "LoginForm",
        "decl": {
          "start": { "line": 6, "column": 18 },
          "end": { "line": 46, "column": 2 }
        },
        "loc": {
          "start": { "line": 6, "column": 18 },
          "end": { "line": 46, "column": 2 }
        },
        "line": 6
      },
      "1": {
        "name": "onSubmit",
        "decl": {
          "start": { "line": 15, "column": 19 },
          "end": { "line": 15, "column": 43 }
        },
        "loc": {
          "start": { "line": 15, "column": 19 },
          "end": { "line": 15, "column": 43 }
        },
        "line": 15
      }
    },
    "f": { "0": 29, "1": 3 }
  },
  "/Users/leighforrest/Desktop/code/hello/frontend/src/components/forms/RegisterForm.jsx": {
    "path": "/Users/leighforrest/Desktop/code/hello/frontend/src/components/forms/RegisterForm.jsx",
    "all": false,
    "statementMap": {
      "0": {
        "start": { "line": 1, "column": 0 },
        "end": { "line": 1, "column": 42 }
      },
      "1": {
        "start": { "line": 2, "column": 0 },
        "end": { "line": 2, "column": 54 }
      },
      "2": {
        "start": { "line": 3, "column": 0 },
        "end": { "line": 3, "column": 44 }
      },
      "3": {
        "start": { "line": 4, "column": 0 },
        "end": { "line": 4, "column": 28 }
      },
      "5": {
        "start": { "line": 6, "column": 0 },
        "end": { "line": 6, "column": 42 }
      },
      "6": {
        "start": { "line": 7, "column": 0 },
        "end": { "line": 7, "column": 9 }
      },
      "7": {
        "start": { "line": 8, "column": 0 },
        "end": { "line": 8, "column": 13 }
      },
      "8": {
        "start": { "line": 9, "column": 0 },
        "end": { "line": 9, "column": 17 }
      },
      "9": {
        "start": { "line": 10, "column": 0 },
        "end": { "line": 10, "column": 13 }
      },
      "10": {
        "start": { "line": 11, "column": 0 },
        "end": { "line": 11, "column": 26 }
      },
      "11": {
        "start": { "line": 12, "column": 0 },
        "end": { "line": 12, "column": 15 }
      },
      "12": {
        "start": { "line": 13, "column": 0 },
        "end": { "line": 13, "column": 39 }
      },
      "13": {
        "start": { "line": 14, "column": 0 },
        "end": { "line": 14, "column": 5 }
      },
      "15": {
        "start": { "line": 16, "column": 0 },
        "end": { "line": 16, "column": 30 }
      },
      "16": {
        "start": { "line": 17, "column": 0 },
        "end": { "line": 17, "column": 31 }
      },
      "17": {
        "start": { "line": 18, "column": 0 },
        "end": { "line": 18, "column": 4 }
      },
      "18": {
        "start": { "line": 19, "column": 0 },
        "end": { "line": 19, "column": 10 }
      },
      "19": {
        "start": { "line": 20, "column": 0 },
        "end": { "line": 20, "column": 9 }
      },
      "20": {
        "start": { "line": 21, "column": 0 },
        "end": { "line": 21, "column": 39 }
      },
      "21": {
        "start": { "line": 22, "column": 0 },
        "end": { "line": 22, "column": 81 }
      },
      "23": {
        "start": { "line": 24, "column": 0 },
        "end": { "line": 24, "column": 61 }
      },
      "24": {
        "start": { "line": 25, "column": 0 },
        "end": { "line": 25, "column": 23 }
      },
      "25": {
        "start": { "line": 26, "column": 0 },
        "end": { "line": 26, "column": 74 }
      },
      "28": {
        "start": { "line": 29, "column": 0 },
        "end": { "line": 29, "column": 12 }
      },
      "29": {
        "start": { "line": 30, "column": 0 },
        "end": { "line": 30, "column": 18 }
      },
      "30": {
        "start": { "line": 31, "column": 0 },
        "end": { "line": 31, "column": 21 }
      },
      "31": {
        "start": { "line": 32, "column": 0 },
        "end": { "line": 32, "column": 35 }
      },
      "32": {
        "start": { "line": 33, "column": 0 },
        "end": { "line": 33, "column": 27 }
      },
      "33": {
        "start": { "line": 34, "column": 0 },
        "end": { "line": 34, "column": 23 }
      },
      "34": {
        "start": { "line": 35, "column": 0 },
        "end": { "line": 35, "column": 8 }
      },
      "35": {
        "start": { "line": 36, "column": 0 },
        "end": { "line": 36, "column": 12 }
      },
      "36": {
        "start": { "line": 37, "column": 0 },
        "end": { "line": 37, "column": 21 }
      },
      "37": {
        "start": { "line": 38, "column": 0 },
        "end": { "line": 38, "column": 24 }
      },
      "38": {
        "start": { "line": 39, "column": 0 },
        "end": { "line": 39, "column": 23 }
      },
      "39": {
        "start": { "line": 40, "column": 0 },
        "end": { "line": 40, "column": 35 }
      },
      "40": {
        "start": { "line": 41, "column": 0 },
        "end": { "line": 41, "column": 27 }
      },
      "41": {
        "start": { "line": 42, "column": 0 },
        "end": { "line": 42, "column": 23 }
      },
      "42": {
        "start": { "line": 43, "column": 0 },
        "end": { "line": 43, "column": 8 }
      },
      "43": {
        "start": { "line": 44, "column": 0 },
        "end": { "line": 44, "column": 13 }
      },
      "44": {
        "start": { "line": 45, "column": 0 },
        "end": { "line": 45, "column": 21 }
      },
      "45": {
        "start": { "line": 46, "column": 0 },
        "end": { "line": 46, "column": 168 }
      },
      "46": {
        "start": { "line": 47, "column": 0 },
        "end": { "line": 47, "column": 7 }
      },
      "48": {
        "start": { "line": 49, "column": 0 },
        "end": { "line": 49, "column": 15 }
      },
      "49": {
        "start": { "line": 50, "column": 0 },
        "end": { "line": 50, "column": 11 }
      },
      "51": {
        "start": { "line": 52, "column": 0 },
        "end": { "line": 52, "column": 2 }
      },
      "53": {
        "start": { "line": 54, "column": 0 },
        "end": { "line": 54, "column": 28 }
      }
    },
    "s": {
      "0": 1,
      "1": 1,
      "2": 1,
      "3": 1,
      "5": 1,
      "6": 28,
      "7": 28,
      "8": 28,
      "9": 28,
      "10": 28,
      "11": 28,
      "12": 28,
      "13": 28,
      "15": 28,
      "16": 4,
      "17": 4,
      "18": 28,
      "19": 28,
      "20": 28,
      "21": 28,
      "23": 28,
      "24": 28,
      "25": 1,
      "28": 28,
      "29": 28,
      "30": 28,
      "31": 28,
      "32": 28,
      "33": 28,
      "34": 28,
      "35": 28,
      "36": 28,
      "37": 28,
      "38": 28,
      "39": 28,
      "40": 28,
      "41": 28,
      "42": 28,
      "43": 28,
      "44": 28,
      "45": 28,
      "46": 28,
      "48": 28,
      "49": 28,
      "51": 28,
      "53": 1
    },
    "branchMap": {
      "0": {
        "type": "branch",
        "line": 6,
        "loc": {
          "start": { "line": 6, "column": 21 },
          "end": { "line": 52, "column": 2 }
        },
        "locations": [
          {
            "start": { "line": 6, "column": 21 },
            "end": { "line": 52, "column": 2 }
          }
        ]
      },
      "1": {
        "type": "branch",
        "line": 25,
        "loc": {
          "start": { "line": 25, "column": 14 },
          "end": { "line": 26, "column": 74 }
        },
        "locations": [
          {
            "start": { "line": 25, "column": 14 },
            "end": { "line": 26, "column": 74 }
          }
        ]
      },
      "2": {
        "type": "branch",
        "line": 16,
        "loc": {
          "start": { "line": 16, "column": 19 },
          "end": { "line": 18, "column": 4 }
        },
        "locations": [
          {
            "start": { "line": 16, "column": 19 },
            "end": { "line": 18, "column": 4 }
          }
        ]
      }
    },
    "b": { "0": [28], "1": [1], "2": [4] },
    "fnMap": {
      "0": {
        "name": "RegisterForm",
        "decl": {
          "start": { "line": 6, "column": 21 },
          "end": { "line": 52, "column": 2 }
        },
        "loc": {
          "start": { "line": 6, "column": 21 },
          "end": { "line": 52, "column": 2 }
        },
        "line": 6
      },
      "1": {
        "name": "onSubmit",
        "decl": {
          "start": { "line": 16, "column": 19 },
          "end": { "line": 18, "column": 4 }
        },
        "loc": {
          "start": { "line": 16, "column": 19 },
          "end": { "line": 18, "column": 4 }
        },
        "line": 16
      }
    },
    "f": { "0": 28, "1": 4 }
  },
  "/Users/leighforrest/Desktop/code/hello/frontend/src/contexts/ThemeProvider.jsx": {
    "path": "/Users/leighforrest/Desktop/code/hello/frontend/src/contexts/ThemeProvider.jsx",
    "all": false,
    "statementMap": {
      "0": {
        "start": { "line": 1, "column": 0 },
        "end": { "line": 1, "column": 78 }
      },
      "1": {
        "start": { "line": 2, "column": 0 },
        "end": { "line": 2, "column": 42 }
      },
      "4": {
        "start": { "line": 5, "column": 0 },
        "end": { "line": 5, "column": 37 }
      },
      "7": {
        "start": { "line": 8, "column": 0 },
        "end": { "line": 8, "column": 41 }
      },
      "8": {
        "start": { "line": 9, "column": 0 },
        "end": { "line": 9, "column": 50 }
      },
      "10": {
        "start": { "line": 11, "column": 0 },
        "end": { "line": 11, "column": 19 }
      },
      "11": {
        "start": { "line": 12, "column": 0 },
        "end": { "line": 12, "column": 57 }
      },
      "12": {
        "start": { "line": 13, "column": 0 },
        "end": { "line": 13, "column": 33 }
      },
      "13": {
        "start": { "line": 14, "column": 0 },
        "end": { "line": 14, "column": 24 }
      },
      "14": {
        "start": { "line": 15, "column": 0 },
        "end": { "line": 15, "column": 53 }
      },
      "15": {
        "start": { "line": 16, "column": 0 },
        "end": { "line": 16, "column": 12 }
      },
      "16": {
        "start": { "line": 17, "column": 0 },
        "end": { "line": 17, "column": 56 }
      },
      "17": {
        "start": { "line": 18, "column": 0 },
        "end": { "line": 18, "column": 5 }
      },
      "18": {
        "start": { "line": 19, "column": 0 },
        "end": { "line": 19, "column": 9 }
      },
      "20": {
        "start": { "line": 21, "column": 0 },
        "end": { "line": 21, "column": 32 }
      },
      "21": {
        "start": { "line": 22, "column": 0 },
        "end": { "line": 22, "column": 31 }
      },
      "22": {
        "start": { "line": 23, "column": 0 },
        "end": { "line": 23, "column": 32 }
      },
      "23": {
        "start": { "line": 24, "column": 0 },
        "end": { "line": 24, "column": 20 }
      },
      "24": {
        "start": { "line": 25, "column": 0 },
        "end": { "line": 25, "column": 55 }
      },
      "25": {
        "start": { "line": 26, "column": 0 },
        "end": { "line": 26, "column": 49 }
      },
      "26": {
        "start": { "line": 27, "column": 0 },
        "end": { "line": 27, "column": 14 }
      },
      "27": {
        "start": { "line": 28, "column": 0 },
        "end": { "line": 28, "column": 58 }
      },
      "28": {
        "start": { "line": 29, "column": 0 },
        "end": { "line": 29, "column": 50 }
      },
      "29": {
        "start": { "line": 30, "column": 0 },
        "end": { "line": 30, "column": 7 }
      },
      "30": {
        "start": { "line": 31, "column": 0 },
        "end": { "line": 31, "column": 21 }
      },
      "31": {
        "start": { "line": 32, "column": 0 },
        "end": { "line": 32, "column": 7 }
      },
      "32": {
        "start": { "line": 33, "column": 0 },
        "end": { "line": 33, "column": 4 }
      },
      "34": {
        "start": { "line": 35, "column": 0 },
        "end": { "line": 35, "column": 10 }
      },
      "35": {
        "start": { "line": 36, "column": 0 },
        "end": { "line": 36, "column": 64 }
      },
      "36": {
        "start": { "line": 37, "column": 0 },
        "end": { "line": 37, "column": 16 }
      },
      "37": {
        "start": { "line": 38, "column": 0 },
        "end": { "line": 38, "column": 28 }
      },
      "39": {
        "start": { "line": 40, "column": 0 },
        "end": { "line": 40, "column": 2 }
      },
      "41": {
        "start": { "line": 42, "column": 0 },
        "end": { "line": 42, "column": 29 }
      },
      "44": {
        "start": { "line": 45, "column": 0 },
        "end": { "line": 45, "column": 55 }
      }
    },
    "s": {
      "0": 1,
      "1": 1,
      "4": 1,
      "7": 1,
      "8": 18,
      "10": 18,
      "11": 13,
      "12": 13,
      "13": 2,
      "14": 2,
      "15": 13,
      "16": 11,
      "17": 11,
      "18": 18,
      "20": 18,
      "21": 3,
      "22": 3,
      "23": 3,
      "24": 2,
      "25": 2,
      "26": 3,
      "27": 1,
      "28": 1,
      "29": 1,
      "30": 3,
      "31": 3,
      "32": 3,
      "34": 18,
      "35": 18,
      "36": 18,
      "37": 18,
      "39": 18,
      "41": 1,
      "44": 1
    },
    "branchMap": {
      "0": {
        "type": "branch",
        "line": 8,
        "loc": {
          "start": { "line": 8, "column": 22 },
          "end": { "line": 40, "column": 2 }
        },
        "locations": [
          {
            "start": { "line": 8, "column": 22 },
            "end": { "line": 40, "column": 2 }
          }
        ]
      },
      "1": {
        "type": "branch",
        "line": 11,
        "loc": {
          "start": { "line": 11, "column": 12 },
          "end": { "line": 19, "column": 5 }
        },
        "locations": [
          {
            "start": { "line": 11, "column": 12 },
            "end": { "line": 19, "column": 5 }
          }
        ]
      },
      "2": {
        "type": "branch",
        "line": 13,
        "loc": {
          "start": { "line": 13, "column": 32 },
          "end": { "line": 16, "column": 11 }
        },
        "locations": [
          {
            "start": { "line": 13, "column": 32 },
            "end": { "line": 16, "column": 11 }
          }
        ]
      },
      "3": {
        "type": "branch",
        "line": 16,
        "loc": {
          "start": { "line": 16, "column": 4 },
          "end": { "line": 18, "column": 5 }
        },
        "locations": [
          {
            "start": { "line": 16, "column": 4 },
            "end": { "line": 18, "column": 5 }
          }
        ]
      },
      "4": {
        "type": "branch",
        "line": 21,
        "loc": {
          "start": { "line": 21, "column": 25 },
          "end": { "line": 33, "column": 4 }
        },
        "locations": [
          {
            "start": { "line": 21, "column": 25 },
            "end": { "line": 33, "column": 4 }
          }
        ]
      },
      "5": {
        "type": "branch",
        "line": 22,
        "loc": {
          "start": { "line": 22, "column": 16 },
          "end": { "line": 32, "column": 5 }
        },
        "locations": [
          {
            "start": { "line": 22, "column": 16 },
            "end": { "line": 32, "column": 5 }
          }
        ]
      },
      "6": {
        "type": "branch",
        "line": 24,
        "loc": {
          "start": { "line": 24, "column": 19 },
          "end": { "line": 27, "column": 13 }
        },
        "locations": [
          {
            "start": { "line": 24, "column": 19 },
            "end": { "line": 27, "column": 13 }
          }
        ]
      },
      "7": {
        "type": "branch",
        "line": 27,
        "loc": {
          "start": { "line": 27, "column": 6 },
          "end": { "line": 30, "column": 7 }
        },
        "locations": [
          {
            "start": { "line": 27, "column": 6 },
            "end": { "line": 30, "column": 7 }
          }
        ]
      },
      "8": {
[...]
        "end": { "line": 29, "column": 16 }
      },
      "29": {
        "start": { "line": 30, "column": 0 },
        "end": { "line": 30, "column": 20 }
      },
      "31": {
        "start": { "line": 32, "column": 0 },
        "end": { "line": 32, "column": 2 }
      },
      "33": {
        "start": { "line": 34, "column": 0 },
        "end": { "line": 34, "column": 25 }
      }
    },
    "s": {
      "0": 1,
      "1": 1,
      "2": 1,
      "3": 1,
      "4": 1,
      "6": 1,
      "7": 9,
      "8": 9,
      "10": 9,
      "11": 2,
      "13": 2,
      "14": 1,
      "15": 1,
      "16": 1,
      "17": 1,
      "18": 1,
      "19": 1,
      "20": 2,
      "22": 9,
      "23": 9,
      "24": 9,
      "25": 9,
      "26": 9,
      "27": 9,
      "28": 9,
      "29": 9,
      "31": 9,
      "33": 1
    },
    "branchMap": {
      "0": {
        "type": "branch",
        "line": 7,
        "loc": {
          "start": { "line": 7, "column": 18 },
          "end": { "line": 32, "column": 2 }
        },
        "locations": [
          {
            "start": { "line": 7, "column": 18 },
            "end": { "line": 32, "column": 2 }
          }
        ]
      },
      "1": {
        "type": "branch",
        "line": 11,
        "loc": {
          "start": { "line": 11, "column": 24 },
          "end": { "line": 21, "column": 4 }
        },
        "locations": [
          {
            "start": { "line": 11, "column": 24 },
            "end": { "line": 21, "column": 4 }
          }
        ]
      },
      "2": {
        "type": "branch",
        "line": 14,
        "loc": {
          "start": { "line": 14, "column": 23 },
          "end": { "line": 20, "column": 5 }
        },
        "locations": [
          {
            "start": { "line": 14, "column": 23 },
            "end": { "line": 20, "column": 5 }
          }
        ]
      }
    },
    "b": { "0": [9], "1": [2], "2": [1] },
    "fnMap": {
      "0": {
        "name": "LoginPage",
        "decl": {
          "start": { "line": 7, "column": 18 },
          "end": { "line": 32, "column": 2 }
        },
        "loc": {
          "start": { "line": 7, "column": 18 },
          "end": { "line": 32, "column": 2 }
        },
        "line": 7
      },
      "1": {
        "name": "submitHandler",
        "decl": {
          "start": { "line": 11, "column": 24 },
          "end": { "line": 21, "column": 4 }
        },
        "loc": {
          "start": { "line": 11, "column": 24 },
          "end": { "line": 21, "column": 4 }
        },
        "line": 11
      }
    },
    "f": { "0": 9, "1": 2 }
  },
  "/Users/leighforrest/Desktop/code/hello/frontend/src/pages/NotFoundPage.jsx": {
    "path": "/Users/leighforrest/Desktop/code/hello/frontend/src/pages/NotFoundPage.jsx",
    "all": false,
    "statementMap": {
      "0": {
        "start": { "line": 1, "column": 0 },
        "end": { "line": 1, "column": 56 }
      },
      "2": {
        "start": { "line": 3, "column": 0 },
        "end": { "line": 3, "column": 28 }
      },
      "3": {
        "start": { "line": 4, "column": 0 },
        "end": { "line": 4, "column": 10 }
      },
      "4": {
        "start": { "line": 5, "column": 0 },
        "end": { "line": 5, "column": 19 }
      },
      "5": {
        "start": { "line": 6, "column": 0 },
        "end": { "line": 6, "column": 94 }
      },
      "6": {
        "start": { "line": 7, "column": 0 },
        "end": { "line": 7, "column": 136 }
      },
      "8": {
        "start": { "line": 9, "column": 0 },
        "end": { "line": 9, "column": 14 }
      },
      "9": {
        "start": { "line": 10, "column": 0 },
        "end": { "line": 10, "column": 16 }
      },
      "10": {
        "start": { "line": 11, "column": 0 },
        "end": { "line": 11, "column": 20 }
      },
      "12": {
        "start": { "line": 13, "column": 0 },
        "end": { "line": 13, "column": 2 }
      },
      "14": {
        "start": { "line": 15, "column": 0 },
        "end": { "line": 15, "column": 28 }
      }
    },
    "s": {
      "0": 1,
      "2": 1,
      "3": 1,
      "4": 1,
      "5": 1,
      "6": 1,
      "8": 1,
      "9": 1,
      "10": 1,
      "12": 1,
      "14": 1
    },
    "branchMap": {
      "0": {
        "type": "branch",
        "line": 3,
        "loc": {
          "start": { "line": 3, "column": 21 },
          "end": { "line": 13, "column": 2 }
        },
        "locations": [
          {
            "start": { "line": 3, "column": 21 },
            "end": { "line": 13, "column": 2 }
          }
        ]
      }
    },
    "b": { "0": [1] },
    "fnMap": {
      "0": {
        "name": "NotFoundPage",
        "decl": {
          "start": { "line": 3, "column": 21 },
          "end": { "line": 13, "column": 2 }
        },
        "loc": {
          "start": { "line": 3, "column": 21 },
          "end": { "line": 13, "column": 2 }
        },
        "line": 3
      }
    },
    "f": { "0": 1 }
  },
  "/Users/leighforrest/Desktop/code/hello/frontend/src/pages/PasswordResetConfirm.jsx": {
    "path": "/Users/leighforrest/Desktop/code/hello/frontend/src/pages/PasswordResetConfirm.jsx",
    "all": true,
    "statementMap": {
      "0": {
        "start": { "line": 1, "column": 0 },
        "end": { "line": 1, "column": 26 }
      },
      "1": {
        "start": { "line": 2, "column": 0 },
        "end": { "line": 2, "column": 41 }
      },
      "3": {
        "start": { "line": 4, "column": 0 },
        "end": { "line": 4, "column": 36 }
      },
      "4": {
        "start": { "line": 5, "column": 0 },
        "end": { "line": 5, "column": 37 }
      },
      "6": {
        "start": { "line": 7, "column": 0 },
        "end": { "line": 7, "column": 10 }
      },
      "7": {
        "start": { "line": 8, "column": 0 },
        "end": { "line": 8, "column": 92 }
      },
      "8": {
        "start": { "line": 9, "column": 0 },
        "end": { "line": 9, "column": 121 }
      },
      "9": {
        "start": { "line": 10, "column": 0 },
        "end": { "line": 10, "column": 25 }
      },
      "10": {
        "start": { "line": 11, "column": 0 },
        "end": { "line": 11, "column": 29 }
      },
      "11": {
        "start": { "line": 12, "column": 0 },
        "end": { "line": 12, "column": 12 }
      },
      "12": {
        "start": { "line": 13, "column": 0 },
        "end": { "line": 13, "column": 14 }
      },
      "14": {
        "start": { "line": 15, "column": 0 },
        "end": { "line": 15, "column": 2 }
      },
      "16": {
        "start": { "line": 17, "column": 0 },
        "end": { "line": 17, "column": 36 }
      }
    },
    "s": {
      "0": 0,
      "1": 0,
      "3": 0,
      "4": 0,
      "6": 0,
      "7": 0,
      "8": 0,
      "9": 0,
      "10": 0,
      "11": 0,
      "12": 0,
      "14": 0,
      "16": 0
    },
    "branchMap": {
      "0": {
        "type": "branch",
        "line": 1,
        "loc": {
          "start": { "line": 1, "column": 501 },
          "end": { "line": 17, "column": 36 }
        },
        "locations": [
          {
            "start": { "line": 1, "column": 501 },
            "end": { "line": 17, "column": 36 }
          }
        ]
      }
    },
    "b": { "0": [0] },
    "fnMap": {
      "0": {
        "name": "(empty-report)",
        "decl": {
          "start": { "line": 1, "column": 501 },
          "end": { "line": 17, "column": 36 }
        },
        "loc": {
          "start": { "line": 1, "column": 501 },
          "end": { "line": 17, "column": 36 }
        },
        "line": 1
      }
    },
    "f": { "0": 0 }
  },
  "/Users/leighforrest/Desktop/code/hello/frontend/src/pages/PasswordRestRequest.jsx": {
    "path": "/Users/leighforrest/Desktop/code/hello/frontend/src/pages/PasswordRestRequest.jsx",
    "all": true,
    "statementMap": {
      "0": {
        "start": { "line": 1, "column": 0 },
        "end": { "line": 1, "column": 25 }
      },
      "2": {
        "start": { "line": 3, "column": 0 },
        "end": { "line": 3, "column": 35 }
      },
      "3": {
        "start": { "line": 4, "column": 0 },
        "end": { "line": 4, "column": 10 }
      },
      "4": {
        "start": { "line": 5, "column": 0 },
        "end": { "line": 5, "column": 34 }
      },
      "6": {
        "start": { "line": 7, "column": 0 },
        "end": { "line": 7, "column": 1 }
      },
      "8": {
        "start": { "line": 9, "column": 0 },
        "end": { "line": 9, "column": 34 }
      }
    },
    "s": { "0": 0, "2": 0, "3": 0, "4": 0, "6": 0, "8": 0 },
    "branchMap": {
      "0": {
        "type": "branch",
        "line": 1,
        "loc": {
          "start": { "line": 1, "column": 150 },
          "end": { "line": 9, "column": 34 }
        },
        "locations": [
          {
            "start": { "line": 1, "column": 150 },
            "end": { "line": 9, "column": 34 }
          }
        ]
      }
    },
    "b": { "0": [0] },
    "fnMap": {
      "0": {
        "name": "(empty-report)",
        "decl": {
          "start": { "line": 1, "column": 150 },
          "end": { "line": 9, "column": 34 }
        },
        "loc": {
          "start": { "line": 1, "column": 150 },
          "end": { "line": 9, "column": 34 }
        },
        "line": 1
      }
    },
    "f": { "0": 0 }
  },
  "/Users/leighforrest/Desktop/code/hello/frontend/src/pages/RegistrationPage.jsx": {
    "path": "/Users/leighforrest/Desktop/code/hello/frontend/src/pages/RegistrationPage.jsx",
    "all": false,
    "statementMap": {
      "0": {
        "start": { "line": 1, "column": 0 },
        "end": { "line": 1, "column": 43 }
      },
      "1": {
        "start": { "line": 2, "column": 0 },
        "end": { "line": 2, "column": 31 }
      },
      "2": {
        "start": { "line": 3, "column": 0 },
        "end": { "line": 3, "column": 39 }
      },
      "3": {
        "start": { "line": 4, "column": 0 },
        "end": { "line": 4, "column": 60 }
      },
      "4": {
        "start": { "line": 5, "column": 0 },
        "end": { "line": 5, "column": 56 }
      },
      "5": {
        "start": { "line": 6, "column": 0 },
        "end": { "line": 6, "column": 43 }
      },
      "7": {
        "start": { "line": 8, "column": 0 },
        "end": { "line": 8, "column": 28 }
      },
      "8": {
        "start": { "line": 9, "column": 0 },
        "end": { "line": 9, "column": 33 }
      },
      "10": {
        "start": { "line": 11, "column": 0 },
        "end": { "line": 11, "column": 66 }
      },
      "11": {
        "start": { "line": 12, "column": 0 },
        "end": { "line": 12, "column": 9 }
      },
      "12": {
        "start": { "line": 13, "column": 0 },
        "end": { "line": 13, "column": 75 }
      },
      "13": {
        "start": { "line": 14, "column": 0 },
        "end": { "line": 14, "column": 57 }
      },
      "14": {
        "start": { "line": 15, "column": 0 },
        "end": { "line": 15, "column": 25 }
      },
      "15": {
        "start": { "line": 16, "column": 0 },
        "end": { "line": 16, "column": 21 }
      },
      "16": {
        "start": { "line": 17, "column": 0 },
        "end": { "line": 17, "column": 51 }
      },
      "18": {
        "start": { "line": 19, "column": 0 },
        "end": { "line": 19, "column": 69 }
      },
      "19": {
        "start": { "line": 20, "column": 0 },
        "end": { "line": 20, "column": 72 }
      },
      "20": {
        "start": { "line": 21, "column": 0 },
        "end": { "line": 21, "column": 55 }
      },
      "21": {
        "start": { "line": 22, "column": 0 },
        "end": { "line": 22, "column": 9 }
      },
      "22": {
        "start": { "line": 23, "column": 0 },
        "end": { "line": 23, "column": 14 }
      },
      "23": {
        "start": { "line": 24, "column": 0 },
        "end": { "line": 24, "column": 26 }
      },
      "24": {
        "start": { "line": 25, "column": 0 },
        "end": { "line": 25, "column": 25 }
      },
      "25": {
        "start": { "line": 26, "column": 0 },
        "end": { "line": 26, "column": 60 }
      },
      "26": {
        "start": { "line": 27, "column": 0 },
        "end": { "line": 27, "column": 11 }
      },
      "27": {
        "start": { "line": 28, "column": 0 },
        "end": { "line": 28, "column": 7 }
      },
      "28": {
        "start": { "line": 29, "column": 0 },
        "end": { "line": 29, "column": 5 }
      },
      "29": {
        "start": { "line": 30, "column": 0 },
        "end": { "line": 30, "column": 4 }
      },
      "31": {
        "start": { "line": 32, "column": 0 },
        "end": { "line": 32, "column": 10 }
      },
      "32": {
        "start": { "line": 33, "column": 0 },
        "end": { "line": 33, "column": 19 }
      },
      "33": {
        "start": { "line": 34, "column": 0 },
        "end": { "line": 34, "column": 90 }
      },
      "34": {
        "start": { "line": 35, "column": 0 },
        "end": { "line": 35, "column": 58 }
      },
      "35": {
        "start": { "line": 36, "column": 0 },
        "end": { "line": 36, "column": 53 }
      },
      "36": {
        "start": { "line": 37, "column": 0 },
        "end": { "line": 37, "column": 14 }
      },
      "37": {
        "start": { "line": 38, "column": 0 },
        "end": { "line": 38, "column": 16 }
      },
      "38": {
        "start": { "line": 39, "column": 0 },
        "end": { "line": 39, "column": 20 }
      },
      "40": {
        "start": { "line": 41, "column": 0 },
        "end": { "line": 41, "column": 2 }
      },
      "42": {
        "start": { "line": 43, "column": 0 },
        "end": { "line": 43, "column": 28 }
      }
    },
    "s": {
      "0": 1,
      "1": 1,
      "2": 1,
      "3": 1,
      "4": 1,
      "5": 1,
      "7": 1,
      "8": 4,
      "10": 4,
      "11": 3,
      "12": 3,
      "13": 1,
      "14": 1,
      "15": 3,
      "16": 2,
      "18": 2,
      "19": 1,
      "20": 1,
      "21": 1,
      "22": 1,
      "23": 1,
      "24": 1,
      "25": 1,
      "26": 1,
      "27": 1,
      "28": 2,
      "29": 3,
      "31": 4,
      "32": 4,
      "33": 4,
      "34": 4,
      "35": 4,
      "36": 4,
      "37": 4,
      "38": 4,
      "40": 4,
      "42": 1
    },
    "branchMap": {
      "0": {
        "type": "branch",
        "line": 8,
        "loc": {
          "start": { "line": 8, "column": 21 },
          "end": { "line": 41, "column": 2 }
        },
        "locations": [
          {
            "start": { "line": 8, "column": 21 },
            "end": { "line": 41, "column": 2 }
          }
        ]
      },
      "1": {
        "type": "branch",
        "line": 11,
        "loc": {
          "start": { "line": 11, "column": 24 },
          "end": { "line": 30, "column": 4 }
        },
        "locations": [
          {
            "start": { "line": 11, "column": 24 },
            "end": { "line": 30, "column": 4 }
          }
        ]
      },
      "2": {
        "type": "branch",
        "line": 13,
        "loc": {
          "start": { "line": 13, "column": 73 },
          "end": { "line": 16, "column": 13 }
        },
        "locations": [
          {
            "start": { "line": 13, "column": 73 },
            "end": { "line": 16, "column": 13 }
          }
        ]
      },
      "3": {
        "type": "branch",
        "line": 16,
        "loc": {
          "start": { "line": 16, "column": 4 },
          "end": { "line": 29, "column": 5 }
        },
        "locations": [
          {
            "start": { "line": 16, "column": 4 },
            "end": { "line": 29, "column": 5 }
          }
        ]
      },
      "4": {
        "type": "branch",
        "line": 19,
        "loc": {
          "start": { "line": 19, "column": 68 },
          "end": { "line": 28, "column": 7 }
        },
        "locations": [
          {
            "start": { "line": 19, "column": 68 },
            "end": { "line": 28, "column": 7 }
          }
        ]
      }
    },
    "b": { "0": [4], "1": [3], "2": [1], "3": [2], "4": [1] },
    "fnMap": {
      "0": {
        "name": "RegisterPage",
        "decl": {
          "start": { "line": 8, "column": 21 },
          "end": { "line": 41, "column": 2 }
        },
        "loc": {
          "start": { "line": 8, "column": 21 },
          "end": { "line": 41, "column": 2 }
        },
        "line": 8
      },
      "1": {
        "name": "submitHandler",
        "decl": {
          "start": { "line": 11, "column": 24 },
          "end": { "line": 30, "column": 4 }
        },
        "loc": {
          "start": { "line": 11, "column": 24 },
          "end": { "line": 30, "column": 4 }
        },
        "line": 11
      }
    },
    "f": { "0": 4, "1": 3 }
  },
  "/Users/leighforrest/Desktop/code/hello/frontend/src/schemas/index.js": {
    "path": "/Users/leighforrest/Desktop/code/hello/frontend/src/schemas/index.js",
    "all": false,
    "statementMap": {
      "0": {
        "start": { "line": 1, "column": 0 },
        "end": { "line": 1, "column": 50 }
      },
      "2": {
        "start": { "line": 3, "column": 0 },
        "end": { "line": 3, "column": 39 }
      },
      "3": {
        "start": { "line": 4, "column": 0 },
        "end": { "line": 4, "column": 79 }
      },
      "4": {
        "start": { "line": 5, "column": 0 },
        "end": { "line": 5, "column": 110 }
      },
      "5": {
        "start": { "line": 6, "column": 0 },
        "end": { "line": 6, "column": 2 }
      },
      "7": {
        "start": { "line": 8, "column": 0 },
        "end": { "line": 8, "column": 42 }
      },
      "8": {
        "start": { "line": 9, "column": 0 },
        "end": { "line": 9, "column": 79 }
      },
      "9": {
        "start": { "line": 10, "column": 0 },
        "end": { "line": 10, "column": 110 }
      },
      "10": {
        "start": { "line": 11, "column": 0 },
        "end": { "line": 11, "column": 2 }
      }
    },
    "s": {
      "0": 1,
      "2": 1,
      "3": 1,
      "4": 1,
      "5": 1,
      "7": 1,
      "8": 1,
      "9": 1,
      "10": 1
    },
    "branchMap": {},
    "b": {},
    "fnMap": {},
    "f": {}
  },
  "/Users/leighforrest/Desktop/code/hello/frontend/tests/constants.js": {
    "path": "/Users/leighforrest/Desktop/code/hello/frontend/tests/constants.js",
    "all": false,
    "statementMap": {
      "0": {
        "start": { "line": 1, "column": 0 },
        "end": { "line": 1, "column": 27 }
      },
      "1": {
        "start": { "line": 2, "column": 0 },
        "end": { "line": 2, "column": 15 }
      },
      "2": {
        "start": { "line": 3, "column": 0 },
        "end": { "line": 3, "column": 140 }
      },
      "3": {
        "start": { "line": 4, "column": 0 },
        "end": { "line": 4, "column": 16 }
      },
      "4": {
        "start": { "line": 5, "column": 0 },
        "end": { "line": 5, "column": 149 }
      },
      "5": {
        "start": { "line": 6, "column": 0 },
        "end": { "line": 6, "column": 7 }
      },
      "8": {
        "start": { "line": 9, "column": 0 },
        "end": { "line": 9, "column": 36 }
      },
      "9": {
        "start": { "line": 10, "column": 0 },
        "end": { "line": 10, "column": 9 }
      },
      "10": {
        "start": { "line": 11, "column": 0 },
        "end": { "line": 11, "column": 139 }
      },
      "11": {
        "start": { "line": 12, "column": 0 },
        "end": { "line": 12, "column": 10 }
      },
      "12": {
        "start": { "line": 13, "column": 0 },
        "end": { "line": 13, "column": 147 }
      },
      "13": {
        "start": { "line": 14, "column": 0 },
        "end": { "line": 14, "column": 1 }
      }
    },
    "s": {
      "0": 1,
      "1": 1,
      "2": 1,
      "3": 1,
      "4": 1,
      "5": 1,
      "8": 1,
      "9": 1,
      "10": 1,
      "11": 1,
      "12": 1,
      "13": 1
    },
    "branchMap": {},
    "b": {},
    "fnMap": {},
    "f": {}
  }
}
