{"/Users/leighforrest/Desktop/code/hello/frontend/settings.js": {"path":"/Users/leighforrest/Desktop/code/hello/frontend/settings.js","all":false,"statementMap":{"0":{"start":{"line":1,"column":0},"end":{"line":1,"column":58}},"2":{"start":{"line":3,"column":0},"end":{"line":3,"column":26}},"3":{"start":{"line":4,"column":0},"end":{"line":4,"column":33}},"4":{"start":{"line":5,"column":0},"end":{"line":5,"column":36}},"5":{"start":{"line":6,"column":0},"end":{"line":6,"column":30}},"6":{"start":{"line":7,"column":0},"end":{"line":7,"column":31}},"7":{"start":{"line":8,"column":0},"end":{"line":8,"column":51}},"8":{"start":{"line":9,"column":0},"end":{"line":9,"column":66}},"9":{"start":{"line":10,"column":0},"end":{"line":10,"column":2}}},"s":{"0":1,"2":1,"3":1,"4":1,"5":1,"6":1,"7":1,"8":1,"9":1},"branchMap":{},"b":{},"fnMap":{},"f":{}}
,"/Users/leighforrest/Desktop/code/hello/frontend/src/apiClient.js": {"path":"/Users/leighforrest/Desktop/code/hello/frontend/src/apiClient.js","all":false,"statementMap":{"0":{"start":{"line":1,"column":0},"end":{"line":1,"column":49}},"2":{"start":{"line":3,"column":0},"end":{"line":3,"column":51}},"3":{"start":{"line":4,"column":0},"end":{"line":4,"column":82}},"5":{"start":{"line":6,"column":0},"end":{"line":6,"column":26}},"6":{"start":{"line":7,"column":0},"end":{"line":7,"column":20}},"7":{"start":{"line":8,"column":0},"end":{"line":8,"column":3}},"9":{"start":{"line":10,"column":0},"end":{"line":10,"column":43}},"10":{"start":{"line":11,"column":0},"end":{"line":11,"column":7}},"11":{"start":{"line":12,"column":0},"end":{"line":12,"column":74}},"12":{"start":{"line":13,"column":0},"end":{"line":13,"column":14}},"13":{"start":{"line":14,"column":0},"end":{"line":14,"column":7}},"15":{"start":{"line":16,"column":0},"end":{"line":16,"column":12}},"16":{"start":{"line":17,"column":0},"end":{"line":17,"column":31}},"17":{"start":{"line":18,"column":0},"end":{"line":18,"column":33}},"18":{"start":{"line":19,"column":0},"end":{"line":19,"column":6}},"19":{"start":{"line":20,"column":0},"end":{"line":20,"column":19}},"20":{"start":{"line":21,"column":0},"end":{"line":21,"column":50}},"21":{"start":{"line":22,"column":0},"end":{"line":22,"column":16}},"22":{"start":{"line":23,"column":0},"end":{"line":23,"column":3}},"23":{"start":{"line":24,"column":0},"end":{"line":24,"column":2}},"25":{"start":{"line":26,"column":0},"end":{"line":26,"column":32}},"26":{"start":{"line":27,"column":0},"end":{"line":27,"column":17}},"27":{"start":{"line":28,"column":0},"end":{"line":28,"column":23}},"28":{"start":{"line":29,"column":0},"end":{"line":29,"column":3}},"30":{"start":{"line":31,"column":0},"end":{"line":31,"column":19}}},"s":{"0":1,"2":1,"3":1,"5":1,"6":1,"7":1,"9":1,"10":5,"11":5,"12":5,"13":5,"15":4,"16":4,"17":4,"18":4,"19":5,"20":1,"21":1,"22":1,"23":5,"25":1,"26":1,"27":1,"28":1,"30":1},"branchMap":{"0":{"type":"branch","line":10,"loc":{"start":{"line":10,"column":23},"end":{"line":24,"column":2}},"locations":[{"start":{"line":10,"column":23},"end":{"line":24,"column":2}}]},"1":{"type":"branch","line":14,"loc":{"start":{"line":14,"column":6},"end":{"line":20,"column":4}},"locations":[{"start":{"line":14,"column":6},"end":{"line":20,"column":4}}]},"2":{"type":"branch","line":20,"loc":{"start":{"line":20,"column":4},"end":{"line":23,"column":3}},"locations":[{"start":{"line":20,"column":4},"end":{"line":23,"column":3}}]}},"b":{"0":[5],"1":[4],"2":[1]},"fnMap":{"0":{"name":"requestRefresh","decl":{"start":{"line":10,"column":23},"end":{"line":24,"column":2}},"loc":{"start":{"line":10,"column":23},"end":{"line":24,"column":2}},"line":10}},"f":{"0":5}}
,"/Users/leighforrest/Desktop/code/hello/frontend/src/components/DarkModeButton.jsx": {"path":"/Users/leighforrest/Desktop/code/hello/frontend/src/components/DarkModeButton.jsx","all":false,"statementMap":{"0":{"start":{"line":1,"column":0},"end":{"line":1,"column":64}},"1":{"start":{"line":2,"column":0},"end":{"line":2,"column":53}},"3":{"start":{"line":4,"column":0},"end":{"line":4,"column":30}},"4":{"start":{"line":5,"column":0},"end":{"line":5,"column":50}},"5":{"start":{"line":6,"column":0},"end":{"line":6,"column":10}},"6":{"start":{"line":7,"column":0},"end":{"line":7,"column":75}},"7":{"start":{"line":8,"column":0},"end":{"line":8,"column":19}},"8":{"start":{"line":9,"column":0},"end":{"line":9,"column":70}},"10":{"start":{"line":11,"column":0},"end":{"line":11,"column":61}},"12":{"start":{"line":13,"column":0},"end":{"line":13,"column":13}},"14":{"start":{"line":15,"column":0},"end":{"line":15,"column":2}},"16":{"start":{"line":17,"column":0},"end":{"line":17,"column":30}}},"s":{"0":1,"1":1,"3":1,"4":21,"5":21,"6":21,"7":21,"8":4,"10":17,"12":21,"14":21,"16":1},"branchMap":{"0":{"type":"branch","line":4,"loc":{"start":{"line":4,"column":23},"end":{"line":15,"column":2}},"locations":[{"start":{"line":4,"column":23},"end":{"line":15,"column":2}}]},"1":{"type":"branch","line":8,"loc":{"start":{"line":8,"column":7},"end":{"line":9,"column":70}},"locations":[{"start":{"line":8,"column":7},"end":{"line":9,"column":70}}]},"2":{"type":"branch","line":9,"loc":{"start":{"line":9,"column":68},"end":{"line":11,"column":61}},"locations":[{"start":{"line":9,"column":68},"end":{"line":11,"column":61}}]}},"b":{"0":[21],"1":[4],"2":[17]},"fnMap":{"0":{"name":"DarkModeButton","decl":{"start":{"line":4,"column":23},"end":{"line":15,"column":2}},"loc":{"start":{"line":4,"column":23},"end":{"line":15,"column":2}},"line":4}},"f":{"0":21}}
,"/Users/leighforrest/Desktop/code/hello/frontend/src/components/Footer.jsx": {"path":"/Users/leighforrest/Desktop/code/hello/frontend/src/components/Footer.jsx","all":false,"statementMap":{"0":{"start":{"line":1,"column":0},"end":{"line":1,"column":26}},"2":{"start":{"line":3,"column":0},"end":{"line":3,"column":22}},"3":{"start":{"line":4,"column":0},"end":{"line":4,"column":10}},"4":{"start":{"line":5,"column":0},"end":{"line":5,"column":11}},"5":{"start":{"line":6,"column":0},"end":{"line":6,"column":98}},"6":{"start":{"line":7,"column":0},"end":{"line":7,"column":26}},"8":{"start":{"line":9,"column":0},"end":{"line":9,"column":53}},"9":{"start":{"line":10,"column":0},"end":{"line":10,"column":13}},"11":{"start":{"line":12,"column":0},"end":{"line":12,"column":2}},"13":{"start":{"line":14,"column":0},"end":{"line":14,"column":22}}},"s":{"0":1,"2":1,"3":1,"4":1,"5":1,"6":1,"8":1,"9":1,"11":1,"13":1},"branchMap":{"0":{"type":"branch","line":3,"loc":{"start":{"line":3,"column":15},"end":{"line":12,"column":2}},"locations":[{"start":{"line":3,"column":15},"end":{"line":12,"column":2}}]}},"b":{"0":[1]},"fnMap":{"0":{"name":"Footer","decl":{"start":{"line":3,"column":15},"end":{"line":12,"column":2}},"loc":{"start":{"line":3,"column":15},"end":{"line":12,"column":2}},"line":3}},"f":{"0":1}}
,"/Users/leighforrest/Desktop/code/hello/frontend/src/components/Hamburger.jsx": {"path":"/Users/leighforrest/Desktop/code/hello/frontend/src/components/Hamburger.jsx","all":false,"statementMap":{"0":{"start":{"line":1,"column":0},"end":{"line":1,"column":26}},"2":{"start":{"line":3,"column":0},"end":{"line":3,"column":50}},"3":{"start":{"line":4,"column":0},"end":{"line":4,"column":10}},"4":{"start":{"line":5,"column":0},"end":{"line":5,"column":11}},"5":{"start":{"line":6,"column":0},"end":{"line":6,"column":87}},"6":{"start":{"line":7,"column":0},"end":{"line":7,"column":29}},"7":{"start":{"line":8,"column":0},"end":{"line":8,"column":30}},"8":{"start":{"line":9,"column":0},"end":{"line":9,"column":19}},"10":{"start":{"line":11,"column":0},"end":{"line":11,"column":11}},"11":{"start":{"line":12,"column":0},"end":{"line":12,"column":101}},"12":{"start":{"line":13,"column":0},"end":{"line":13,"column":51}},"13":{"start":{"line":14,"column":0},"end":{"line":14,"column":11}},"14":{"start":{"line":15,"column":0},"end":{"line":15,"column":8}},"15":{"start":{"line":16,"column":0},"end":{"line":16,"column":11}},"16":{"start":{"line":17,"column":0},"end":{"line":17,"column":99}},"17":{"start":{"line":18,"column":0},"end":{"line":18,"column":35}},"18":{"start":{"line":19,"column":0},"end":{"line":19,"column":11}},"19":{"start":{"line":20,"column":0},"end":{"line":20,"column":8}},"20":{"start":{"line":21,"column":0},"end":{"line":21,"column":11}},"21":{"start":{"line":22,"column":0},"end":{"line":22,"column":101}},"22":{"start":{"line":23,"column":0},"end":{"line":23,"column":53}},"23":{"start":{"line":24,"column":0},"end":{"line":24,"column":11}},"24":{"start":{"line":25,"column":0},"end":{"line":25,"column":8}},"25":{"start":{"line":26,"column":0},"end":{"line":26,"column":13}},"27":{"start":{"line":28,"column":0},"end":{"line":28,"column":2}},"29":{"start":{"line":30,"column":0},"end":{"line":30,"column":25}}},"s":{"0":1,"2":1,"3":7,"4":7,"5":7,"6":7,"7":7,"8":7,"10":7,"11":7,"12":7,"13":7,"14":7,"15":7,"16":7,"17":7,"18":7,"19":7,"20":7,"21":7,"22":7,"23":7,"24":7,"25":7,"27":7,"29":1},"branchMap":{"0":{"type":"branch","line":3,"loc":{"start":{"line":3,"column":18},"end":{"line":28,"column":2}},"locations":[{"start":{"line":3,"column":18},"end":{"line":28,"column":2}}]},"1":{"type":"branch","line":13,"loc":{"start":{"line":13,"column":10},"end":{"line":13,"column":49}},"locations":[{"start":{"line":13,"column":10},"end":{"line":13,"column":49}}]},"2":{"type":"branch","line":13,"loc":{"start":{"line":13,"column":19},"end":{"line":13,"column":51}},"locations":[{"start":{"line":13,"column":19},"end":{"line":13,"column":51}}]},"3":{"type":"branch","line":18,"loc":{"start":{"line":18,"column":10},"end":{"line":18,"column":33}},"locations":[{"start":{"line":18,"column":10},"end":{"line":18,"column":33}}]},"4":{"type":"branch","line":18,"loc":{"start":{"line":18,"column":19},"end":{"line":18,"column":35}},"locations":[{"start":{"line":18,"column":19},"end":{"line":18,"column":35}}]},"5":{"type":"branch","line":23,"loc":{"start":{"line":23,"column":10},"end":{"line":23,"column":51}},"locations":[{"start":{"line":23,"column":10},"end":{"line":23,"column":51}}]},"6":{"type":"branch","line":23,"loc":{"start":{"line":23,"column":19},"end":{"line":23,"column":53}},"locations":[{"start":{"line":23,"column":19},"end":{"line":23,"column":53}}]}},"b":{"0":[7],"1":[2],"2":[5],"3":[2],"4":[5],"5":[2],"6":[5]},"fnMap":{"0":{"name":"Hamburger","decl":{"start":{"line":3,"column":18},"end":{"line":28,"column":2}},"loc":{"start":{"line":3,"column":18},"end":{"line":28,"column":2}},"line":3}},"f":{"0":7}}
,"/Users/leighforrest/Desktop/code/hello/frontend/src/components/MainContainer.jsx": {"path":"/Users/leighforrest/Desktop/code/hello/frontend/src/components/MainContainer.jsx","all":false,"statementMap":{"0":{"start":{"line":1,"column":0},"end":{"line":1,"column":26}},"5":{"start":{"line":6,"column":0},"end":{"line":6,"column":41}},"6":{"start":{"line":7,"column":0},"end":{"line":7,"column":7}},"7":{"start":{"line":8,"column":0},"end":{"line":8,"column":67}},"8":{"start":{"line":9,"column":0},"end":{"line":9,"column":31}},"10":{"start":{"line":11,"column":0},"end":{"line":11,"column":14}},"11":{"start":{"line":12,"column":0},"end":{"line":12,"column":9}},"14":{"start":{"line":15,"column":0},"end":{"line":15,"column":29}}},"s":{"0":1,"5":1,"6":24,"7":24,"8":24,"10":24,"11":24,"14":1},"branchMap":{"0":{"type":"branch","line":6,"loc":{"start":{"line":6,"column":22},"end":{"line":12,"column":9}},"locations":[{"start":{"line":6,"column":22},"end":{"line":12,"column":9}}]}},"b":{"0":[24]},"fnMap":{"0":{"name":"MainContainer","decl":{"start":{"line":6,"column":22},"end":{"line":12,"column":9}},"loc":{"start":{"line":6,"column":22},"end":{"line":12,"column":9}},"line":6}},"f":{"0":24}}
,"/Users/leighforrest/Desktop/code/hello/frontend/src/components/Navbar.jsx": {"path":"/Users/leighforrest/Desktop/code/hello/frontend/src/components/Navbar.jsx","all":false,"statementMap":{"0":{"start":{"line":1,"column":0},"end":{"line":1,"column":44}},"1":{"start":{"line":2,"column":0},"end":{"line":2,"column":36}},"2":{"start":{"line":3,"column":0},"end":{"line":3,"column":46}},"3":{"start":{"line":4,"column":0},"end":{"line":4,"column":34}},"4":{"start":{"line":5,"column":0},"end":{"line":5,"column":36}},"6":{"start":{"line":7,"column":0},"end":{"line":7,"column":22}},"7":{"start":{"line":8,"column":0},"end":{"line":8,"column":74}},"8":{"start":{"line":9,"column":0},"end":{"line":9,"column":46}},"10":{"start":{"line":11,"column":0},"end":{"line":11,"column":19}},"11":{"start":{"line":12,"column":0},"end":{"line":12,"column":32}},"12":{"start":{"line":13,"column":0},"end":{"line":13,"column":43}},"13":{"start":{"line":14,"column":0},"end":{"line":14,"column":6}},"14":{"start":{"line":15,"column":0},"end":{"line":15,"column":52}},"15":{"start":{"line":16,"column":0},"end":{"line":16,"column":68}},"16":{"start":{"line":17,"column":0},"end":{"line":17,"column":9}},"18":{"start":{"line":19,"column":0},"end":{"line":19,"column":54}},"19":{"start":{"line":20,"column":0},"end":{"line":20,"column":43}},"21":{"start":{"line":22,"column":0},"end":{"line":22,"column":10}},"22":{"start":{"line":23,"column":0},"end":{"line":23,"column":57}},"23":{"start":{"line":24,"column":0},"end":{"line":24,"column":124}},"24":{"start":{"line":25,"column":0},"end":{"line":25,"column":78}},"25":{"start":{"line":26,"column":0},"end":{"line":26,"column":53}},"27":{"start":{"line":28,"column":0},"end":{"line":28,"column":17}},"29":{"start":{"line":30,"column":0},"end":{"line":30,"column":80}},"31":{"start":{"line":32,"column":0},"end":{"line":32,"column":13}},"32":{"start":{"line":33,"column":0},"end":{"line":33,"column":24}},"34":{"start":{"line":35,"column":0},"end":{"line":35,"column":14}},"35":{"start":{"line":36,"column":0},"end":{"line":36,"column":159}},"36":{"start":{"line":37,"column":0},"end":{"line":37,"column":104}},"37":{"start":{"line":38,"column":0},"end":{"line":38,"column":5}},"40":{"start":{"line":41,"column":0},"end":{"line":41,"column":25}},"41":{"start":{"line":42,"column":0},"end":{"line":42,"column":45}},"42":{"start":{"line":43,"column":0},"end":{"line":43,"column":46}},"43":{"start":{"line":44,"column":0},"end":{"line":44,"column":5}},"45":{"start":{"line":46,"column":0},"end":{"line":46,"column":31}},"47":{"start":{"line":48,"column":0},"end":{"line":48,"column":24}},"48":{"start":{"line":49,"column":0},"end":{"line":49,"column":65}},"49":{"start":{"line":50,"column":0},"end":{"line":50,"column":32}},"50":{"start":{"line":51,"column":0},"end":{"line":51,"column":17}},"51":{"start":{"line":52,"column":0},"end":{"line":52,"column":15}},"52":{"start":{"line":53,"column":0},"end":{"line":53,"column":14}},"53":{"start":{"line":54,"column":0},"end":{"line":54,"column":12}},"54":{"start":{"line":55,"column":0},"end":{"line":55,"column":13}},"56":{"start":{"line":57,"column":0},"end":{"line":57,"column":2}},"58":{"start":{"line":59,"column":0},"end":{"line":59,"column":22}}},"s":{"0":1,"1":1,"2":1,"3":1,"4":1,"6":1,"7":11,"8":11,"10":11,"11":8,"12":1,"13":1,"14":8,"15":8,"16":11,"18":11,"19":11,"21":11,"22":11,"23":11,"24":11,"25":11,"27":11,"29":11,"31":11,"32":11,"34":11,"35":7,"36":4,"37":11,"40":11,"41":6,"42":5,"43":11,"45":11,"47":11,"48":11,"49":11,"50":11,"51":11,"52":11,"53":11,"54":11,"56":11,"58":1},"branchMap":{"0":{"type":"branch","line":7,"loc":{"start":{"line":7,"column":15},"end":{"line":57,"column":2}},"locations":[{"start":{"line":7,"column":15},"end":{"line":57,"column":2}}]},"1":{"type":"branch","line":30,"loc":{"start":{"line":30,"column":11},"end":{"line":30,"column":80}},"locations":[{"start":{"line":30,"column":11},"end":{"line":30,"column":80}}]},"2":{"type":"branch","line":35,"loc":{"start":{"line":35,"column":6},"end":{"line":36,"column":159}},"locations":[{"start":{"line":35,"column":6},"end":{"line":36,"column":159}}]},"3":{"type":"branch","line":36,"loc":{"start":{"line":36,"column":10},"end":{"line":37,"column":104}},"locations":[{"start":{"line":36,"column":10},"end":{"line":37,"column":104}}]},"4":{"type":"branch","line":41,"loc":{"start":{"line":41,"column":6},"end":{"line":41,"column":25}},"locations":[{"start":{"line":41,"column":6},"end":{"line":41,"column":25}}]},"5":{"type":"branch","line":41,"loc":{"start":{"line":41,"column":17},"end":{"line":42,"column":45}},"locations":[{"start":{"line":41,"column":17},"end":{"line":42,"column":45}}]},"6":{"type":"branch","line":42,"loc":{"start":{"line":42,"column":10},"end":{"line":43,"column":46}},"locations":[{"start":{"line":42,"column":10},"end":{"line":43,"column":46}}]},"7":{"type":"branch","line":8,"loc":{"start":{"line":8,"column":43},"end":{"line":8,"column":72}},"locations":[{"start":{"line":8,"column":43},"end":{"line":8,"column":72}}]},"8":{"type":"branch","line":11,"loc":{"start":{"line":11,"column":12},"end":{"line":17,"column":5}},"locations":[{"start":{"line":11,"column":12},"end":{"line":17,"column":5}}]},"9":{"type":"branch","line":12,"loc":{"start":{"line":12,"column":25},"end":{"line":14,"column":6}},"locations":[{"start":{"line":12,"column":25},"end":{"line":14,"column":6}}]},"10":{"type":"branch","line":16,"loc":{"start":{"line":16,"column":11},"end":{"line":16,"column":68}},"locations":[{"start":{"line":16,"column":11},"end":{"line":16,"column":68}}]},"11":{"type":"branch","line":19,"loc":{"start":{"line":19,"column":21},"end":{"line":19,"column":54}},"locations":[{"start":{"line":19,"column":21},"end":{"line":19,"column":54}}]},"12":{"type":"branch","line":19,"loc":{"start":{"line":19,"column":37},"end":{"line":19,"column":52}},"locations":[{"start":{"line":19,"column":37},"end":{"line":19,"column":52}}]}},"b":{"0":[11],"1":[7],"2":[7],"3":[4],"4":[9],"5":[6],"6":[5],"7":[8],"8":[8],"9":[1],"10":[8],"11":[2],"12":[2]},"fnMap":{"0":{"name":"Navbar","decl":{"start":{"line":7,"column":15},"end":{"line":57,"column":2}},"loc":{"start":{"line":7,"column":15},"end":{"line":57,"column":2}},"line":7},"1":{"name":"handleResize","decl":{"start":{"line":12,"column":25},"end":{"line":14,"column":6}},"loc":{"start":{"line":12,"column":25},"end":{"line":14,"column":6}},"line":12},"2":{"name":"toggleMenu","decl":{"start":{"line":19,"column":21},"end":{"line":19,"column":54}},"loc":{"start":{"line":19,"column":21},"end":{"line":19,"column":54}},"line":19},"3":{"name":"closeMenu","decl":{"start":{"line":20,"column":20},"end":{"line":20,"column":43}},"loc":{"start":{"line":20,"column":20},"end":{"line":20,"column":43}},"line":20}},"f":{"0":11,"1":1,"2":2,"3":0}}
,"/Users/leighforrest/Desktop/code/hello/frontend/src/components/PrivateRoute.jsx": {"path":"/Users/leighforrest/Desktop/code/hello/frontend/src/components/PrivateRoute.jsx","all":false,"statementMap":{"0":{"start":{"line":1,"column":0},"end":{"line":1,"column":51}},"1":{"start":{"line":2,"column":0},"end":{"line":2,"column":48}},"3":{"start":{"line":4,"column":0},"end":{"line":4,"column":32}},"5":{"start":{"line":6,"column":0},"end":{"line":6,"column":28}},"6":{"start":{"line":7,"column":0},"end":{"line":7,"column":38}},"8":{"start":{"line":9,"column":0},"end":{"line":9,"column":34}},"10":{"start":{"line":11,"column":0},"end":{"line":11,"column":54}},"11":{"start":{"line":12,"column":0},"end":{"line":12,"column":2}},"13":{"start":{"line":14,"column":0},"end":{"line":14,"column":28}}},"s":{"0":1,"1":1,"3":1,"5":1,"6":3,"8":3,"10":3,"11":3,"13":1},"branchMap":{"0":{"type":"branch","line":6,"loc":{"start":{"line":6,"column":21},"end":{"line":12,"column":2}},"locations":[{"start":{"line":6,"column":21},"end":{"line":12,"column":2}}]},"1":{"type":"branch","line":9,"loc":{"start":{"line":9,"column":15},"end":{"line":9,"column":34}},"locations":[{"start":{"line":9,"column":15},"end":{"line":9,"column":34}}]},"2":{"type":"branch","line":9,"loc":{"start":{"line":9,"column":31},"end":{"line":11,"column":16}},"locations":[{"start":{"line":9,"column":31},"end":{"line":11,"column":16}}]},"3":{"type":"branch","line":11,"loc":{"start":{"line":11,"column":9},"end":{"line":11,"column":29}},"locations":[{"start":{"line":11,"column":9},"end":{"line":11,"column":29}}]},"4":{"type":"branch","line":11,"loc":{"start":{"line":11,"column":24},"end":{"line":11,"column":54}},"locations":[{"start":{"line":11,"column":24},"end":{"line":11,"column":54}}]}},"b":{"0":[3],"1":[1],"2":[2],"3":[1],"4":[1]},"fnMap":{"0":{"name":"PrivateRoute","decl":{"start":{"line":6,"column":21},"end":{"line":12,"column":2}},"loc":{"start":{"line":6,"column":21},"end":{"line":12,"column":2}},"line":6}},"f":{"0":3}}
,"/Users/leighforrest/Desktop/code/hello/frontend/src/components/PublicRoute.jsx": {"path":"/Users/leighforrest/Desktop/code/hello/frontend/src/components/PublicRoute.jsx","all":false,"statementMap":{"0":{"start":{"line":1,"column":0},"end":{"line":1,"column":51}},"1":{"start":{"line":2,"column":0},"end":{"line":2,"column":48}},"3":{"start":{"line":4,"column":0},"end":{"line":4,"column":32}},"5":{"start":{"line":6,"column":0},"end":{"line":6,"column":28}},"6":{"start":{"line":7,"column":0},"end":{"line":7,"column":38}},"8":{"start":{"line":9,"column":0},"end":{"line":9,"column":34}},"10":{"start":{"line":11,"column":0},"end":{"line":11,"column":57}},"11":{"start":{"line":12,"column":0},"end":{"line":12,"column":2}},"13":{"start":{"line":14,"column":0},"end":{"line":14,"column":28}}},"s":{"0":1,"1":1,"3":1,"5":1,"6":3,"8":3,"10":3,"11":3,"13":1},"branchMap":{"0":{"type":"branch","line":6,"loc":{"start":{"line":6,"column":21},"end":{"line":12,"column":2}},"locations":[{"start":{"line":6,"column":21},"end":{"line":12,"column":2}}]},"1":{"type":"branch","line":9,"loc":{"start":{"line":9,"column":15},"end":{"line":9,"column":34}},"locations":[{"start":{"line":9,"column":15},"end":{"line":9,"column":34}}]},"2":{"type":"branch","line":9,"loc":{"start":{"line":9,"column":31},"end":{"line":11,"column":16}},"locations":[{"start":{"line":9,"column":31},"end":{"line":11,"column":16}}]},"3":{"type":"branch","line":11,"loc":{"start":{"line":11,"column":9},"end":{"line":11,"column":46}},"locations":[{"start":{"line":11,"column":9},"end":{"line":11,"column":46}}]},"4":{"type":"branch","line":11,"loc":{"start":{"line":11,"column":41},"end":{"line":11,"column":57}},"locations":[{"start":{"line":11,"column":41},"end":{"line":11,"column":57}}]}},"b":{"0":[3],"1":[1],"2":[2],"3":[1],"4":[1]},"fnMap":{"0":{"name":"PrivateRoute","decl":{"start":{"line":6,"column":21},"end":{"line":12,"column":2}},"loc":{"start":{"line":6,"column":21},"end":{"line":12,"column":2}},"line":6}},"f":{"0":3}}
,"/Users/leighforrest/Desktop/code/hello/frontend/src/components/Spinner.jsx": {"path":"/Users/leighforrest/Desktop/code/hello/frontend/src/components/Spinner.jsx","all":false,"statementMap":{"0":{"start":{"line":1,"column":0},"end":{"line":1,"column":26}},"2":{"start":{"line":3,"column":0},"end":{"line":3,"column":23}},"3":{"start":{"line":4,"column":0},"end":{"line":4,"column":6}},"4":{"start":{"line":5,"column":0},"end":{"line":5,"column":73}},"5":{"start":{"line":6,"column":0},"end":{"line":6,"column":25}},"6":{"start":{"line":7,"column":0},"end":{"line":7,"column":4}},"9":{"start":{"line":10,"column":0},"end":{"line":10,"column":23}}},"s":{"0":1,"2":1,"3":4,"4":4,"5":4,"6":4,"9":1},"branchMap":{"0":{"type":"branch","line":3,"loc":{"start":{"line":3,"column":16},"end":{"line":7,"column":4}},"locations":[{"start":{"line":3,"column":16},"end":{"line":7,"column":4}}]}},"b":{"0":[4]},"fnMap":{"0":{"name":"Spinner","decl":{"start":{"line":3,"column":16},"end":{"line":7,"column":4}},"loc":{"start":{"line":3,"column":16},"end":{"line":7,"column":4}},"line":3}},"f":{"0":4}}
,"/Users/leighforrest/Desktop/code/hello/frontend/src/components/UserMenu.jsx": {"path":"/Users/leighforrest/Desktop/code/hello/frontend/src/components/UserMenu.jsx","all":false,"statementMap":{"0":{"start":{"line":1,"column":0},"end":{"line":1,"column":39}},"1":{"start":{"line":2,"column":0},"end":{"line":2,"column":53}},"2":{"start":{"line":3,"column":0},"end":{"line":3,"column":51}},"3":{"start":{"line":4,"column":0},"end":{"line":4,"column":32}},"5":{"start":{"line":6,"column":0},"end":{"line":6,"column":39}},"6":{"start":{"line":7,"column":0},"end":{"line":7,"column":46}},"8":{"start":{"line":9,"column":0},"end":{"line":9,"column":34}},"10":{"start":{"line":11,"column":0},"end":{"line":11,"column":17}},"11":{"start":{"line":12,"column":0},"end":{"line":12,"column":6}},"12":{"start":{"line":13,"column":0},"end":{"line":13,"column":27}},"13":{"start":{"line":14,"column":0},"end":{"line":14,"column":10}},"14":{"start":{"line":15,"column":0},"end":{"line":15,"column":49}},"15":{"start":{"line":16,"column":0},"end":{"line":16,"column":11}},"16":{"start":{"line":17,"column":0},"end":{"line":17,"column":7}},"18":{"start":{"line":19,"column":0},"end":{"line":19,"column":6}},"19":{"start":{"line":20,"column":0},"end":{"line":20,"column":10}},"20":{"start":{"line":21,"column":0},"end":{"line":21,"column":16}},"21":{"start":{"line":22,"column":0},"end":{"line":22,"column":16}},"22":{"start":{"line":23,"column":0},"end":{"line":23,"column":13}},"23":{"start":{"line":24,"column":0},"end":{"line":24,"column":31}},"24":{"start":{"line":25,"column":0},"end":{"line":25,"column":38}},"25":{"start":{"line":26,"column":0},"end":{"line":26,"column":93}},"26":{"start":{"line":27,"column":0},"end":{"line":27,"column":60}},"27":{"start":{"line":28,"column":0},"end":{"line":28,"column":14}},"30":{"start":{"line":31,"column":0},"end":{"line":31,"column":25}},"31":{"start":{"line":32,"column":0},"end":{"line":32,"column":18}},"32":{"start":{"line":33,"column":0},"end":{"line":33,"column":11}},"33":{"start":{"line":34,"column":0},"end":{"line":34,"column":10}},"34":{"start":{"line":35,"column":0},"end":{"line":35,"column":16}},"35":{"start":{"line":36,"column":0},"end":{"line":36,"column":21}},"36":{"start":{"line":37,"column":0},"end":{"line":37,"column":31}},"37":{"start":{"line":38,"column":0},"end":{"line":38,"column":38}},"38":{"start":{"line":39,"column":0},"end":{"line":39,"column":93}},"39":{"start":{"line":40,"column":0},"end":{"line":40,"column":60}},"40":{"start":{"line":41,"column":0},"end":{"line":41,"column":14}},"43":{"start":{"line":44,"column":0},"end":{"line":44,"column":31}},"44":{"start":{"line":45,"column":0},"end":{"line":45,"column":18}},"45":{"start":{"line":46,"column":0},"end":{"line":46,"column":11}},"46":{"start":{"line":47,"column":0},"end":{"line":47,"column":10}},"47":{"start":{"line":48,"column":0},"end":{"line":48,"column":16}},"48":{"start":{"line":49,"column":0},"end":{"line":49,"column":24}},"49":{"start":{"line":50,"column":0},"end":{"line":50,"column":31}},"50":{"start":{"line":51,"column":0},"end":{"line":51,"column":38}},"51":{"start":{"line":52,"column":0},"end":{"line":52,"column":93}},"52":{"start":{"line":53,"column":0},"end":{"line":53,"column":60}},"53":{"start":{"line":54,"column":0},"end":{"line":54,"column":14}},"55":{"start":{"line":56,"column":0},"end":{"line":56,"column":9}},"57":{"start":{"line":58,"column":0},"end":{"line":58,"column":18}},"58":{"start":{"line":59,"column":0},"end":{"line":59,"column":11}},"59":{"start":{"line":60,"column":0},"end":{"line":60,"column":7}},"61":{"start":{"line":62,"column":0},"end":{"line":62,"column":2}},"63":{"start":{"line":64,"column":0},"end":{"line":64,"column":24}}},"s":{"0":1,"1":1,"2":1,"3":1,"5":1,"6":12,"8":12,"10":10,"11":2,"12":2,"13":2,"14":2,"15":2,"16":2,"18":8,"19":8,"20":8,"21":8,"22":8,"23":8,"24":8,"25":8,"26":8,"27":8,"30":8,"31":8,"32":8,"33":8,"34":8,"35":8,"36":8,"37":8,"38":8,"39":8,"40":8,"43":8,"44":8,"45":8,"46":8,"47":8,"48":8,"49":8,"50":8,"51":8,"52":8,"53":8,"55":8,"57":8,"58":8,"59":8,"61":12,"63":1},"branchMap":{"0":{"type":"branch","line":6,"loc":{"start":{"line":6,"column":17},"end":{"line":62,"column":2}},"locations":[{"start":{"line":6,"column":17},"end":{"line":62,"column":2}}]},"1":{"type":"branch","line":9,"loc":{"start":{"line":9,"column":15},"end":{"line":11,"column":17}},"locations":[{"start":{"line":9,"column":15},"end":{"line":11,"column":17}}]},"2":{"type":"branch","line":9,"loc":{"start":{"line":9,"column":15},"end":{"line":9,"column":34}},"locations":[{"start":{"line":9,"column":15},"end":{"line":9,"column":34}}]},"3":{"type":"branch","line":9,"loc":{"start":{"line":9,"column":31},"end":{"line":11,"column":17}},"locations":[{"start":{"line":9,"column":31},"end":{"line":11,"column":17}}]},"4":{"type":"branch","line":11,"loc":{"start":{"line":11,"column":9},"end":{"line":17,"column":7}},"locations":[{"start":{"line":11,"column":9},"end":{"line":17,"column":7}}]},"5":{"type":"branch","line":17,"loc":{"start":{"line":17,"column":4},"end":{"line":60,"column":7}},"locations":[{"start":{"line":17,"column":4},"end":{"line":60,"column":7}}]},"6":{"type":"branch","line":25,"loc":{"start":{"line":25,"column":21},"end":{"line":28,"column":14}},"locations":[{"start":{"line":25,"column":21},"end":{"line":28,"column":14}}]},"7":{"type":"branch","line":27,"loc":{"start":{"line":27,"column":25},"end":{"line":27,"column":60}},"locations":[{"start":{"line":27,"column":25},"end":{"line":27,"column":60}}]},"8":{"type":"branch","line":38,"loc":{"start":{"line":38,"column":21},"end":{"line":41,"column":14}},"locations":[{"start":{"line":38,"column":21},"end":{"line":41,"column":14}}]},"9":{"type":"branch","line":40,"loc":{"start":{"line":40,"column":14},"end":{"line":40,"column":58}},"locations":[{"start":{"line":40,"column":14},"end":{"line":40,"column":58}}]},"10":{"type":"branch","line":51,"loc":{"start":{"line":51,"column":21},"end":{"line":54,"column":14}},"locations":[{"start":{"line":51,"column":21},"end":{"line":54,"column":14}}]},"11":{"type":"branch","line":53,"loc":{"start":{"line":53,"column":14},"end":{"line":53,"column":58}},"locations":[{"start":{"line":53,"column":14},"end":{"line":53,"column":58}}]}},"b":{"0":[12],"1":[11],"2":[2],"3":[10],"4":[2],"5":[8],"6":[8],"7":[0],"8":[8],"9":[0],"10":[8],"11":[0]},"fnMap":{"0":{"name":"UserMenu","decl":{"start":{"line":6,"column":17},"end":{"line":62,"column":2}},"loc":{"start":{"line":6,"column":17},"end":{"line":62,"column":2}},"line":6},"1":{"name":"className","decl":{"start":{"line":25,"column":21},"end":{"line":28,"column":14}},"loc":{"start":{"line":25,"column":21},"end":{"line":28,"column":14}},"line":25},"2":{"name":"className","decl":{"start":{"line":38,"column":21},"end":{"line":41,"column":14}},"loc":{"start":{"line":38,"column":21},"end":{"line":41,"column":14}},"line":38},"3":{"name":"className","decl":{"start":{"line":51,"column":21},"end":{"line":54,"column":14}},"loc":{"start":{"line":51,"column":21},"end":{"line":54,"column":14}},"line":51}},"f":{"0":12,"1":8,"2":8,"3":8}}
,"/Users/leighforrest/Desktop/code/hello/frontend/src/components/forms/Input.jsx": {"path":"/Users/leighforrest/Desktop/code/hello/frontend/src/components/forms/Input.jsx","all":false,"statementMap":{"0":{"start":{"line":1,"column":0},"end":{"line":1,"column":80}},"1":{"start":{"line":2,"column":0},"end":{"line":2,"column":10}},"2":{"start":{"line":3,"column":0},"end":{"line":3,"column":26}},"3":{"start":{"line":4,"column":0},"end":{"line":4,"column":12}},"4":{"start":{"line":5,"column":0},"end":{"line":5,"column":78}},"5":{"start":{"line":6,"column":0},"end":{"line":6,"column":20}},"7":{"start":{"line":8,"column":0},"end":{"line":8,"column":15}},"8":{"start":{"line":9,"column":0},"end":{"line":9,"column":14}},"9":{"start":{"line":10,"column":0},"end":{"line":10,"column":12}},"10":{"start":{"line":11,"column":0},"end":{"line":11,"column":25}},"11":{"start":{"line":12,"column":0},"end":{"line":12,"column":15}},"12":{"start":{"line":13,"column":0},"end":{"line":13,"column":19}},"13":{"start":{"line":14,"column":0},"end":{"line":14,"column":33}},"14":{"start":{"line":15,"column":0},"end":{"line":15,"column":164}},"15":{"start":{"line":16,"column":0},"end":{"line":16,"column":64}},"16":{"start":{"line":17,"column":0},"end":{"line":17,"column":11}},"17":{"start":{"line":18,"column":0},"end":{"line":18,"column":8}},"18":{"start":{"line":19,"column":0},"end":{"line":19,"column":22}},"19":{"start":{"line":20,"column":0},"end":{"line":20,"column":69}},"20":{"start":{"line":21,"column":0},"end":{"line":21,"column":30}},"21":{"start":{"line":22,"column":0},"end":{"line":22,"column":12}},"23":{"start":{"line":24,"column":0},"end":{"line":24,"column":10}},"25":{"start":{"line":26,"column":0},"end":{"line":26,"column":2}},"27":{"start":{"line":28,"column":0},"end":{"line":28,"column":21}}},"s":{"0":1,"1":150,"2":150,"3":150,"4":150,"5":150,"7":150,"8":150,"9":150,"10":150,"11":150,"12":150,"13":150,"14":150,"15":150,"16":150,"17":150,"18":150,"19":15,"20":15,"21":15,"23":150,"25":150,"27":1},"branchMap":{"0":{"type":"branch","line":1,"loc":{"start":{"line":1,"column":14},"end":{"line":26,"column":2}},"locations":[{"start":{"line":1,"column":14},"end":{"line":26,"column":2}}]},"1":{"type":"branch","line":16,"loc":{"start":{"line":16,"column":19},"end":{"line":16,"column":62}},"locations":[{"start":{"line":16,"column":19},"end":{"line":16,"column":62}}]},"2":{"type":"branch","line":16,"loc":{"start":{"line":16,"column":23},"end":{"line":16,"column":64}},"locations":[{"start":{"line":16,"column":23},"end":{"line":16,"column":64}}]},"3":{"type":"branch","line":19,"loc":{"start":{"line":19,"column":16},"end":{"line":22,"column":12}},"locations":[{"start":{"line":19,"column":16},"end":{"line":22,"column":12}}]}},"b":{"0":[150],"1":[15],"2":[135],"3":[15]},"fnMap":{"0":{"name":"Input","decl":{"start":{"line":1,"column":14},"end":{"line":26,"column":2}},"loc":{"start":{"line":1,"column":14},"end":{"line":26,"column":2}},"line":1}},"f":{"0":150}}
,"/Users/leighforrest/Desktop/code/hello/frontend/src/components/forms/LoginForm.jsx": {"path":"/Users/leighforrest/Desktop/code/hello/frontend/src/components/forms/LoginForm.jsx","all":false,"statementMap":{"0":{"start":{"line":1,"column":0},"end":{"line":1,"column":42}},"1":{"start":{"line":2,"column":0},"end":{"line":2,"column":36}},"2":{"start":{"line":3,"column":0},"end":{"line":3,"column":54}},"3":{"start":{"line":4,"column":0},"end":{"line":4,"column":44}},"4":{"start":{"line":5,"column":0},"end":{"line":5,"column":28}},"6":{"start":{"line":7,"column":0},"end":{"line":7,"column":36}},"7":{"start":{"line":8,"column":0},"end":{"line":8,"column":9}},"8":{"start":{"line":9,"column":0},"end":{"line":9,"column":13}},"9":{"start":{"line":10,"column":0},"end":{"line":10,"column":17}},"10":{"start":{"line":11,"column":0},"end":{"line":11,"column":26}},"11":{"start":{"line":12,"column":0},"end":{"line":12,"column":15}},"12":{"start":{"line":13,"column":0},"end":{"line":13,"column":39}},"13":{"start":{"line":14,"column":0},"end":{"line":14,"column":5}},"15":{"start":{"line":16,"column":0},"end":{"line":16,"column":43}},"17":{"start":{"line":18,"column":0},"end":{"line":18,"column":10}},"18":{"start":{"line":19,"column":0},"end":{"line":19,"column":9}},"19":{"start":{"line":20,"column":0},"end":{"line":20,"column":39}},"20":{"start":{"line":21,"column":0},"end":{"line":21,"column":81}},"22":{"start":{"line":23,"column":0},"end":{"line":23,"column":58}},"23":{"start":{"line":24,"column":0},"end":{"line":24,"column":12}},"24":{"start":{"line":25,"column":0},"end":{"line":25,"column":18}},"25":{"start":{"line":26,"column":0},"end":{"line":26,"column":21}},"26":{"start":{"line":27,"column":0},"end":{"line":27,"column":35}},"27":{"start":{"line":28,"column":0},"end":{"line":28,"column":27}},"28":{"start":{"line":29,"column":0},"end":{"line":29,"column":23}},"29":{"start":{"line":30,"column":0},"end":{"line":30,"column":8}},"30":{"start":{"line":31,"column":0},"end":{"line":31,"column":12}},"31":{"start":{"line":32,"column":0},"end":{"line":32,"column":21}},"32":{"start":{"line":33,"column":0},"end":{"line":33,"column":24}},"33":{"start":{"line":34,"column":0},"end":{"line":34,"column":23}},"34":{"start":{"line":35,"column":0},"end":{"line":35,"column":35}},"35":{"start":{"line":36,"column":0},"end":{"line":36,"column":27}},"36":{"start":{"line":37,"column":0},"end":{"line":37,"column":23}},"37":{"start":{"line":38,"column":0},"end":{"line":38,"column":8}},"38":{"start":{"line":39,"column":0},"end":{"line":39,"column":57}},"39":{"start":{"line":40,"column":0},"end":{"line":40,"column":15}},"40":{"start":{"line":41,"column":0},"end":{"line":41,"column":23}},"41":{"start":{"line":42,"column":0},"end":{"line":42,"column":170}},"42":{"start":{"line":43,"column":0},"end":{"line":43,"column":9}},"44":{"start":{"line":45,"column":0},"end":{"line":45,"column":17}},"45":{"start":{"line":46,"column":0},"end":{"line":46,"column":13}},"46":{"start":{"line":47,"column":0},"end":{"line":47,"column":30}},"47":{"start":{"line":48,"column":0},"end":{"line":48,"column":100}},"48":{"start":{"line":49,"column":0},"end":{"line":49,"column":9}},"50":{"start":{"line":51,"column":0},"end":{"line":51,"column":15}},"51":{"start":{"line":52,"column":0},"end":{"line":52,"column":12}},"52":{"start":{"line":53,"column":0},"end":{"line":53,"column":11}},"54":{"start":{"line":55,"column":0},"end":{"line":55,"column":2}},"56":{"start":{"line":57,"column":0},"end":{"line":57,"column":25}}},"s":{"0":1,"1":1,"2":1,"3":1,"4":1,"6":1,"7":31,"8":31,"9":31,"10":31,"11":31,"12":31,"13":31,"15":31,"17":31,"18":31,"19":31,"20":31,"22":31,"23":31,"24":31,"25":31,"26":31,"27":31,"28":31,"29":31,"30":31,"31":31,"32":31,"33":31,"34":31,"35":31,"36":31,"37":31,"38":31,"39":31,"40":31,"41":31,"42":31,"44":31,"45":31,"46":31,"47":31,"48":31,"50":31,"51":31,"52":31,"54":31,"56":1},"branchMap":{"0":{"type":"branch","line":7,"loc":{"start":{"line":7,"column":18},"end":{"line":55,"column":2}},"locations":[{"start":{"line":7,"column":18},"end":{"line":55,"column":2}}]},"1":{"type":"branch","line":16,"loc":{"start":{"line":16,"column":19},"end":{"line":16,"column":43}},"locations":[{"start":{"line":16,"column":19},"end":{"line":16,"column":43}}]}},"b":{"0":[31],"1":[3]},"fnMap":{"0":{"name":"LoginForm","decl":{"start":{"line":7,"column":18},"end":{"line":55,"column":2}},"loc":{"start":{"line":7,"column":18},"end":{"line":55,"column":2}},"line":7},"1":{"name":"onSubmit","decl":{"start":{"line":16,"column":19},"end":{"line":16,"column":43}},"loc":{"start":{"line":16,"column":19},"end":{"line":16,"column":43}},"line":16}},"f":{"0":31,"1":3}}
,"/Users/leighforrest/Desktop/code/hello/frontend/src/components/forms/PasswordResetConfirmForm.jsx": {"path":"/Users/leighforrest/Desktop/code/hello/frontend/src/components/forms/PasswordResetConfirmForm.jsx","all":false,"statementMap":{"0":{"start":{"line":1,"column":0},"end":{"line":1,"column":42}},"1":{"start":{"line":2,"column":0},"end":{"line":2,"column":54}},"2":{"start":{"line":3,"column":0},"end":{"line":3,"column":59}},"3":{"start":{"line":4,"column":0},"end":{"line":4,"column":28}},"5":{"start":{"line":6,"column":0},"end":{"line":6,"column":66}},"6":{"start":{"line":7,"column":0},"end":{"line":7,"column":9}},"7":{"start":{"line":8,"column":0},"end":{"line":8,"column":13}},"8":{"start":{"line":9,"column":0},"end":{"line":9,"column":17}},"9":{"start":{"line":10,"column":0},"end":{"line":10,"column":26}},"10":{"start":{"line":11,"column":0},"end":{"line":11,"column":15}},"11":{"start":{"line":12,"column":0},"end":{"line":12,"column":54}},"12":{"start":{"line":13,"column":0},"end":{"line":13,"column":5}},"14":{"start":{"line":15,"column":0},"end":{"line":15,"column":30}},"15":{"start":{"line":16,"column":0},"end":{"line":16,"column":33}},"16":{"start":{"line":17,"column":0},"end":{"line":17,"column":4}},"17":{"start":{"line":18,"column":0},"end":{"line":18,"column":10}},"18":{"start":{"line":19,"column":0},"end":{"line":19,"column":9}},"19":{"start":{"line":20,"column":0},"end":{"line":20,"column":39}},"20":{"start":{"line":21,"column":0},"end":{"line":21,"column":81}},"22":{"start":{"line":23,"column":0},"end":{"line":23,"column":72}},"24":{"start":{"line":25,"column":0},"end":{"line":25,"column":12}},"25":{"start":{"line":26,"column":0},"end":{"line":26,"column":25}},"26":{"start":{"line":27,"column":0},"end":{"line":27,"column":28}},"27":{"start":{"line":28,"column":0},"end":{"line":28,"column":23}},"28":{"start":{"line":29,"column":0},"end":{"line":29,"column":40}},"29":{"start":{"line":30,"column":0},"end":{"line":30,"column":27}},"30":{"start":{"line":31,"column":0},"end":{"line":31,"column":23}},"31":{"start":{"line":32,"column":0},"end":{"line":32,"column":8}},"32":{"start":{"line":33,"column":0},"end":{"line":33,"column":13}},"33":{"start":{"line":34,"column":0},"end":{"line":34,"column":21}},"34":{"start":{"line":35,"column":0},"end":{"line":35,"column":168}},"35":{"start":{"line":36,"column":0},"end":{"line":36,"column":7}},"37":{"start":{"line":38,"column":0},"end":{"line":38,"column":15}},"38":{"start":{"line":39,"column":0},"end":{"line":39,"column":11}},"40":{"start":{"line":41,"column":0},"end":{"line":41,"column":2}},"42":{"start":{"line":43,"column":0},"end":{"line":43,"column":40}}},"s":{"0":1,"1":1,"2":1,"3":1,"5":1,"6":16,"7":16,"8":16,"9":16,"10":16,"11":16,"12":16,"14":16,"15":3,"16":3,"17":16,"18":16,"19":16,"20":16,"22":16,"24":16,"25":16,"26":16,"27":16,"28":16,"29":16,"30":16,"31":16,"32":16,"33":16,"34":16,"35":16,"37":16,"38":16,"40":16,"42":1},"branchMap":{"0":{"type":"branch","line":6,"loc":{"start":{"line":6,"column":33},"end":{"line":41,"column":2}},"locations":[{"start":{"line":6,"column":33},"end":{"line":41,"column":2}}]},"1":{"type":"branch","line":15,"loc":{"start":{"line":15,"column":19},"end":{"line":17,"column":4}},"locations":[{"start":{"line":15,"column":19},"end":{"line":17,"column":4}}]}},"b":{"0":[16],"1":[3]},"fnMap":{"0":{"name":"PasswordResetConfirmForm","decl":{"start":{"line":6,"column":33},"end":{"line":41,"column":2}},"loc":{"start":{"line":6,"column":33},"end":{"line":41,"column":2}},"line":6},"1":{"name":"onSubmit","decl":{"start":{"line":15,"column":19},"end":{"line":17,"column":4}},"loc":{"start":{"line":15,"column":19},"end":{"line":17,"column":4}},"line":15}},"f":{"0":16,"1":3}}
,"/Users/leighforrest/Desktop/code/hello/frontend/src/components/forms/PasswordResetRequestForm.jsx": {"path":"/Users/leighforrest/Desktop/code/hello/frontend/src/components/forms/PasswordResetRequestForm.jsx","all":false,"statementMap":{"0":{"start":{"line":1,"column":0},"end":{"line":1,"column":42}},"1":{"start":{"line":2,"column":0},"end":{"line":2,"column":54}},"2":{"start":{"line":3,"column":0},"end":{"line":3,"column":59}},"3":{"start":{"line":4,"column":0},"end":{"line":4,"column":28}},"5":{"start":{"line":6,"column":0},"end":{"line":6,"column":66}},"6":{"start":{"line":7,"column":0},"end":{"line":7,"column":9}},"7":{"start":{"line":8,"column":0},"end":{"line":8,"column":13}},"8":{"start":{"line":9,"column":0},"end":{"line":9,"column":17}},"9":{"start":{"line":10,"column":0},"end":{"line":10,"column":26}},"10":{"start":{"line":11,"column":0},"end":{"line":11,"column":15}},"11":{"start":{"line":12,"column":0},"end":{"line":12,"column":54}},"12":{"start":{"line":13,"column":0},"end":{"line":13,"column":5}},"14":{"start":{"line":15,"column":0},"end":{"line":15,"column":30}},"15":{"start":{"line":16,"column":0},"end":{"line":16,"column":33}},"16":{"start":{"line":17,"column":0},"end":{"line":17,"column":4}},"17":{"start":{"line":18,"column":0},"end":{"line":18,"column":10}},"18":{"start":{"line":19,"column":0},"end":{"line":19,"column":9}},"19":{"start":{"line":20,"column":0},"end":{"line":20,"column":39}},"20":{"start":{"line":21,"column":0},"end":{"line":21,"column":81}},"22":{"start":{"line":23,"column":0},"end":{"line":23,"column":67}},"24":{"start":{"line":25,"column":0},"end":{"line":25,"column":12}},"25":{"start":{"line":26,"column":0},"end":{"line":26,"column":18}},"26":{"start":{"line":27,"column":0},"end":{"line":27,"column":21}},"27":{"start":{"line":28,"column":0},"end":{"line":28,"column":35}},"28":{"start":{"line":29,"column":0},"end":{"line":29,"column":27}},"29":{"start":{"line":30,"column":0},"end":{"line":30,"column":23}},"30":{"start":{"line":31,"column":0},"end":{"line":31,"column":8}},"31":{"start":{"line":32,"column":0},"end":{"line":32,"column":13}},"32":{"start":{"line":33,"column":0},"end":{"line":33,"column":21}},"33":{"start":{"line":34,"column":0},"end":{"line":34,"column":168}},"34":{"start":{"line":35,"column":0},"end":{"line":35,"column":7}},"36":{"start":{"line":37,"column":0},"end":{"line":37,"column":15}},"37":{"start":{"line":38,"column":0},"end":{"line":38,"column":11}},"39":{"start":{"line":40,"column":0},"end":{"line":40,"column":2}},"41":{"start":{"line":42,"column":0},"end":{"line":42,"column":40}}},"s":{"0":1,"1":1,"2":1,"3":1,"5":1,"6":16,"7":16,"8":16,"9":16,"10":16,"11":16,"12":16,"14":16,"15":3,"16":3,"17":16,"18":16,"19":16,"20":16,"22":16,"24":16,"25":16,"26":16,"27":16,"28":16,"29":16,"30":16,"31":16,"32":16,"33":16,"34":16,"36":16,"37":16,"39":16,"41":1},"branchMap":{"0":{"type":"branch","line":6,"loc":{"start":{"line":6,"column":33},"end":{"line":40,"column":2}},"locations":[{"start":{"line":6,"column":33},"end":{"line":40,"column":2}}]},"1":{"type":"branch","line":15,"loc":{"start":{"line":15,"column":19},"end":{"line":17,"column":4}},"locations":[{"start":{"line":15,"column":19},"end":{"line":17,"column":4}}]}},"b":{"0":[16],"1":[3]},"fnMap":{"0":{"name":"PasswordResetRequestForm","decl":{"start":{"line":6,"column":33},"end":{"line":40,"column":2}},"loc":{"start":{"line":6,"column":33},"end":{"line":40,"column":2}},"line":6},"1":{"name":"onSubmit","decl":{"start":{"line":15,"column":19},"end":{"line":17,"column":4}},"loc":{"start":{"line":15,"column":19},"end":{"line":17,"column":4}},"line":15}},"f":{"0":16,"1":3}}
,"/Users/leighforrest/Desktop/code/hello/frontend/src/components/forms/RegisterForm.jsx": {"path":"/Users/leighforrest/Desktop/code/hello/frontend/src/components/forms/RegisterForm.jsx","all":false,"statementMap":{"0":{"start":{"line":1,"column":0},"end":{"line":1,"column":42}},"1":{"start":{"line":2,"column":0},"end":{"line":2,"column":54}},"2":{"start":{"line":3,"column":0},"end":{"line":3,"column":47}},"3":{"start":{"line":4,"column":0},"end":{"line":4,"column":28}},"5":{"start":{"line":6,"column":0},"end":{"line":6,"column":42}},"6":{"start":{"line":7,"column":0},"end":{"line":7,"column":9}},"7":{"start":{"line":8,"column":0},"end":{"line":8,"column":13}},"8":{"start":{"line":9,"column":0},"end":{"line":9,"column":17}},"9":{"start":{"line":10,"column":0},"end":{"line":10,"column":13}},"10":{"start":{"line":11,"column":0},"end":{"line":11,"column":26}},"11":{"start":{"line":12,"column":0},"end":{"line":12,"column":15}},"12":{"start":{"line":13,"column":0},"end":{"line":13,"column":42}},"13":{"start":{"line":14,"column":0},"end":{"line":14,"column":5}},"15":{"start":{"line":16,"column":0},"end":{"line":16,"column":30}},"16":{"start":{"line":17,"column":0},"end":{"line":17,"column":31}},"17":{"start":{"line":18,"column":0},"end":{"line":18,"column":4}},"18":{"start":{"line":19,"column":0},"end":{"line":19,"column":10}},"19":{"start":{"line":20,"column":0},"end":{"line":20,"column":9}},"20":{"start":{"line":21,"column":0},"end":{"line":21,"column":39}},"21":{"start":{"line":22,"column":0},"end":{"line":22,"column":81}},"23":{"start":{"line":24,"column":0},"end":{"line":24,"column":61}},"24":{"start":{"line":25,"column":0},"end":{"line":25,"column":23}},"25":{"start":{"line":26,"column":0},"end":{"line":26,"column":74}},"28":{"start":{"line":29,"column":0},"end":{"line":29,"column":12}},"29":{"start":{"line":30,"column":0},"end":{"line":30,"column":18}},"30":{"start":{"line":31,"column":0},"end":{"line":31,"column":21}},"31":{"start":{"line":32,"column":0},"end":{"line":32,"column":35}},"32":{"start":{"line":33,"column":0},"end":{"line":33,"column":27}},"33":{"start":{"line":34,"column":0},"end":{"line":34,"column":23}},"34":{"start":{"line":35,"column":0},"end":{"line":35,"column":8}},"35":{"start":{"line":36,"column":0},"end":{"line":36,"column":12}},"36":{"start":{"line":37,"column":0},"end":{"line":37,"column":21}},"37":{"start":{"line":38,"column":0},"end":{"line":38,"column":24}},"38":{"start":{"line":39,"column":0},"end":{"line":39,"column":23}},"39":{"start":{"line":40,"column":0},"end":{"line":40,"column":35}},"40":{"start":{"line":41,"column":0},"end":{"line":41,"column":27}},"41":{"start":{"line":42,"column":0},"end":{"line":42,"column":23}},"42":{"start":{"line":43,"column":0},"end":{"line":43,"column":8}},"43":{"start":{"line":44,"column":0},"end":{"line":44,"column":13}},"44":{"start":{"line":45,"column":0},"end":{"line":45,"column":21}},"45":{"start":{"line":46,"column":0},"end":{"line":46,"column":168}},"46":{"start":{"line":47,"column":0},"end":{"line":47,"column":7}},"48":{"start":{"line":49,"column":0},"end":{"line":49,"column":15}},"49":{"start":{"line":50,"column":0},"end":{"line":50,"column":11}},"51":{"start":{"line":52,"column":0},"end":{"line":52,"column":2}},"53":{"start":{"line":54,"column":0},"end":{"line":54,"column":28}}},"s":{"0":1,"1":1,"2":1,"3":1,"5":1,"6":28,"7":28,"8":28,"9":28,"10":28,"11":28,"12":28,"13":28,"15":28,"16":4,"17":4,"18":28,"19":28,"20":28,"21":28,"23":28,"24":28,"25":1,"28":28,"29":28,"30":28,"31":28,"32":28,"33":28,"34":28,"35":28,"36":28,"37":28,"38":28,"39":28,"40":28,"41":28,"42":28,"43":28,"44":28,"45":28,"46":28,"48":28,"49":28,"51":28,"53":1},"branchMap":{"0":{"type":"branch","line":6,"loc":{"start":{"line":6,"column":21},"end":{"line":52,"column":2}},"locations":[{"start":{"line":6,"column":21},"end":{"line":52,"column":2}}]},"1":{"type":"branch","line":25,"loc":{"start":{"line":25,"column":14},"end":{"line":26,"column":74}},"locations":[{"start":{"line":25,"column":14},"end":{"line":26,"column":74}}]},"2":{"type":"branch","line":16,"loc":{"start":{"line":16,"column":19},"end":{"line":18,"column":4}},"locations":[{"start":{"line":16,"column":19},"end":{"line":18,"column":4}}]}},"b":{"0":[28],"1":[1],"2":[4]},"fnMap":{"0":{"name":"RegisterForm","decl":{"start":{"line":6,"column":21},"end":{"line":52,"column":2}},"loc":{"start":{"line":6,"column":21},"end":{"line":52,"column":2}},"line":6},"1":{"name":"onSubmit","decl":{"start":{"line":16,"column":19},"end":{"line":18,"column":4}},"loc":{"start":{"line":16,"column":19},"end":{"line":18,"column":4}},"line":16}},"f":{"0":28,"1":4}}
,"/Users/leighforrest/Desktop/code/hello/frontend/src/contexts/ThemeProvider.jsx": {"path":"/Users/leighforrest/Desktop/code/hello/frontend/src/contexts/ThemeProvider.jsx","all":false,"statementMap":{"1":{"start":{"line":2,"column":0},"end":{"line":2,"column":78}},"2":{"start":{"line":3,"column":0},"end":{"line":3,"column":42}},"5":{"start":{"line":6,"column":0},"end":{"line":6,"column":37}},"8":{"start":{"line":9,"column":0},"end":{"line":9,"column":41}},"9":{"start":{"line":10,"column":0},"end":{"line":10,"column":50}},"11":{"start":{"line":12,"column":0},"end":{"line":12,"column":19}},"12":{"start":{"line":13,"column":0},"end":{"line":13,"column":57}},"13":{"start":{"line":14,"column":0},"end":{"line":14,"column":33}},"14":{"start":{"line":15,"column":0},"end":{"line":15,"column":24}},"15":{"start":{"line":16,"column":0},"end":{"line":16,"column":53}},"16":{"start":{"line":17,"column":0},"end":{"line":17,"column":12}},"17":{"start":{"line":18,"column":0},"end":{"line":18,"column":56}},"18":{"start":{"line":19,"column":0},"end":{"line":19,"column":5}},"19":{"start":{"line":20,"column":0},"end":{"line":20,"column":9}},"21":{"start":{"line":22,"column":0},"end":{"line":22,"column":32}},"22":{"start":{"line":23,"column":0},"end":{"line":23,"column":31}},"23":{"start":{"line":24,"column":0},"end":{"line":24,"column":32}},"24":{"start":{"line":25,"column":0},"end":{"line":25,"column":20}},"25":{"start":{"line":26,"column":0},"end":{"line":26,"column":55}},"26":{"start":{"line":27,"column":0},"end":{"line":27,"column":49}},"27":{"start":{"line":28,"column":0},"end":{"line":28,"column":14}},"28":{"start":{"line":29,"column":0},"end":{"line":29,"column":58}},"29":{"start":{"line":30,"column":0},"end":{"line":30,"column":50}},"30":{"start":{"line":31,"column":0},"end":{"line":31,"column":7}},"31":{"start":{"line":32,"column":0},"end":{"line":32,"column":21}},"32":{"start":{"line":33,"column":0},"end":{"line":33,"column":7}},"33":{"start":{"line":34,"column":0},"end":{"line":34,"column":4}},"35":{"start":{"line":36,"column":0},"end":{"line":36,"column":10}},"36":{"start":{"line":37,"column":0},"end":{"line":37,"column":64}},"37":{"start":{"line":38,"column":0},"end":{"line":38,"column":16}},"38":{"start":{"line":39,"column":0},"end":{"line":39,"column":28}},"40":{"start":{"line":41,"column":0},"end":{"line":41,"column":2}},"42":{"start":{"line":43,"column":0},"end":{"line":43,"column":29}},"45":{"start":{"line":46,"column":0},"end":{"line":46,"column":55}}},"s":{"1":1,"2":1,"5":1,"8":1,"9":18,"11":18,"12":13,"13":13,"14":2,"15":2,"16":13,"17":11,"18":11,"19":18,"21":18,"22":3,"23":3,"24":3,"25":2,"26":2,"27":3,"28":1,"29":1,"30":1,"31":3,"32":3,"33":3,"35":18,"36":18,"37":18,"38":18,"40":18,"42":1,"45":1},"branchMap":{"0":{"type":"branch","line":9,"loc":{"start":{"line":9,"column":22},"end":{"line":41,"column":2}},"locations":[{"start":{"line":9,"column":22},"end":{"line":41,"column":2}}]},"1":{"type":"branch","line":12,"loc":{"start":{"line":12,"column":12},"end":{"line":20,"column":5}},"locations":[{"start":{"line":12,"column":12},"end":{"line":20,"column":5}}]},"2":{"type":"branch","line":14,"loc":{"start":{"line":14,"column":32},"end":{"line":17,"column":11}},"locations":[{"start":{"line":14,"column":32},"end":{"line":17,"column":11}}]},"3":{"type":"branch","line":17,"loc":{"start":{"line":17,"column":4},"end":{"line":19,"column":5}},"locations":[{"start":{"line":17,"column":4},"end":{"line":19,"column":5}}]},"4":{"type":"branch","line":22,"loc":{"start":{"line":22,"column":25},"end":{"line":34,"column":4}},"locations":[{"start":{"line":22,"column":25},"end":{"line":34,"column":4}}]},"5":{"type":"branch","line":23,"loc":{"start":{"line":23,"column":16},"end":{"line":33,"column":5}},"locations":[{"start":{"line":23,"column":16},"end":{"line":33,"column":5}}]},"6":{"type":"branch","line":25,"loc":{"start":{"line":25,"column":19},"end":{"line":28,"column":13}},"locations":[{"start":{"line":25,"column":19},"end":{"line":28,"column":13}}]},"7":{"type":"branch","line":28,"loc":{"start":{"line":28,"column":6},"end":{"line":31,"column":7}},"locations":[{"start":{"line":28,"column":6},"end":{"line":31,"column":7}}]},"8":{"type":"branch","line":46,"loc":{"start":{"line":46,"column":24},"end":{"line":46,"column":55}},"locations":[{"start":{"line":46,"column":24},"end":{"line":46,"column":55}}]}},"b":{"0":[18],"1":[13],"2":[2],"3":[11],"4":[3],"5":[3],"6":[2],"7":[1],"8":[21]},"fnMap":{"0":{"name":"ThemeProvider","decl":{"start":{"line":9,"column":22},"end":{"line":41,"column":2}},"loc":{"start":{"line":9,"column":22},"end":{"line":41,"column":2}},"line":9},"1":{"name":"toggleDarkMode","decl":{"start":{"line":22,"column":25},"end":{"line":34,"column":4}},"loc":{"start":{"line":22,"column":25},"end":{"line":34,"column":4}},"line":22},"2":{"name":"useTheme","decl":{"start":{"line":46,"column":24},"end":{"line":46,"column":55}},"loc":{"start":{"line":46,"column":24},"end":{"line":46,"column":55}},"line":46}},"f":{"0":18,"1":3,"2":21}}
,"/Users/leighforrest/Desktop/code/hello/frontend/src/contexts/UserProvider.jsx": {"path":"/Users/leighforrest/Desktop/code/hello/frontend/src/contexts/UserProvider.jsx","all":false,"statementMap":{"1":{"start":{"line":2,"column":0},"end":{"line":2,"column":71}},"2":{"start":{"line":3,"column":0},"end":{"line":3,"column":34}},"3":{"start":{"line":4,"column":0},"end":{"line":4,"column":56}},"4":{"start":{"line":5,"column":0},"end":{"line":5,"column":71}},"6":{"start":{"line":7,"column":0},"end":{"line":7,"column":36}},"8":{"start":{"line":9,"column":0},"end":{"line":9,"column":40}},"9":{"start":{"line":10,"column":0},"end":{"line":10,"column":41}},"10":{"start":{"line":11,"column":0},"end":{"line":11,"column":48}},"12":{"start":{"line":13,"column":0},"end":{"line":13,"column":19}},"13":{"start":{"line":14,"column":0},"end":{"line":14,"column":25}},"14":{"start":{"line":15,"column":0},"end":{"line":15,"column":21}},"16":{"start":{"line":17,"column":0},"end":{"line":17,"column":18}},"17":{"start":{"line":18,"column":0},"end":{"line":18,"column":11}},"18":{"start":{"line":19,"column":0},"end":{"line":19,"column":36}},"19":{"start":{"line":20,"column":0},"end":{"line":20,"column":39}},"20":{"start":{"line":21,"column":0},"end":{"line":21,"column":16}},"21":{"start":{"line":22,"column":0},"end":{"line":22,"column":67}},"22":{"start":{"line":23,"column":0},"end":{"line":23,"column":43}},"23":{"start":{"line":24,"column":0},"end":{"line":24,"column":9}},"24":{"start":{"line":25,"column":0},"end":{"line":25,"column":15}},"25":{"start":{"line":26,"column":0},"end":{"line":26,"column":32}},"26":{"start":{"line":27,"column":0},"end":{"line":27,"column":37}},"27":{"start":{"line":28,"column":0},"end":{"line":28,"column":17}},"28":{"start":{"line":29,"column":0},"end":{"line":29,"column":41}},"29":{"start":{"line":30,"column":0},"end":{"line":30,"column":7}},"30":{"start":{"line":31,"column":0},"end":{"line":31,"column":9}},"32":{"start":{"line":33,"column":0},"end":{"line":33,"column":18}},"33":{"start":{"line":34,"column":0},"end":{"line":34,"column":24}},"34":{"start":{"line":35,"column":0},"end":{"line":35,"column":6}},"35":{"start":{"line":36,"column":0},"end":{"line":36,"column":9}},"37":{"start":{"line":38,"column":0},"end":{"line":38,"column":44}},"38":{"start":{"line":39,"column":0},"end":{"line":39,"column":9}},"39":{"start":{"line":40,"column":0},"end":{"line":40,"column":76}},"40":{"start":{"line":41,"column":0},"end":{"line":41,"column":27}},"41":{"start":{"line":42,"column":0},"end":{"line":42,"column":33}},"42":{"start":{"line":43,"column":0},"end":{"line":43,"column":35}},"43":{"start":{"line":44,"column":0},"end":{"line":44,"column":9}},"45":{"start":{"line":46,"column":0},"end":{"line":46,"column":63}},"46":{"start":{"line":47,"column":0},"end":{"line":47,"column":70}},"47":{"start":{"line":48,"column":0},"end":{"line":48,"column":24}},"48":{"start":{"line":49,"column":0},"end":{"line":49,"column":18}},"49":{"start":{"line":50,"column":0},"end":{"line":50,"column":21}},"50":{"start":{"line":51,"column":0},"end":{"line":51,"column":65}},"51":{"start":{"line":52,"column":0},"end":{"line":52,"column":19}},"52":{"start":{"line":53,"column":0},"end":{"line":53,"column":5}},"53":{"start":{"line":54,"column":0},"end":{"line":54,"column":4}},"55":{"start":{"line":56,"column":0},"end":{"line":56,"column":30}},"56":{"start":{"line":57,"column":0},"end":{"line":57,"column":28}},"57":{"start":{"line":58,"column":0},"end":{"line":58,"column":18}},"58":{"start":{"line":59,"column":0},"end":{"line":59,"column":4}},"60":{"start":{"line":61,"column":0},"end":{"line":61,"column":10}},"61":{"start":{"line":62,"column":0},"end":{"line":62,"column":67}},"62":{"start":{"line":63,"column":0},"end":{"line":63,"column":16}},"63":{"start":{"line":64,"column":0},"end":{"line":64,"column":27}},"65":{"start":{"line":66,"column":0},"end":{"line":66,"column":2}},"67":{"start":{"line":68,"column":0},"end":{"line":68,"column":28}},"69":{"start":{"line":70,"column":0},"end":{"line":70,"column":53}}},"s":{"1":1,"2":1,"3":1,"4":1,"6":1,"8":1,"9":53,"10":53,"12":53,"13":21,"14":21,"16":21,"17":21,"18":21,"19":17,"20":21,"21":4,"22":2,"23":4,"24":21,"25":2,"26":2,"27":21,"28":21,"29":21,"30":21,"32":21,"33":21,"34":21,"35":53,"37":53,"38":2,"39":2,"40":1,"41":1,"42":1,"43":1,"45":1,"46":1,"47":1,"48":1,"49":1,"50":1,"51":1,"52":1,"53":2,"55":53,"56":1,"57":1,"58":1,"60":53,"61":53,"62":53,"63":53,"65":53,"67":1,"69":1},"branchMap":{"0":{"type":"branch","line":9,"loc":{"start":{"line":9,"column":21},"end":{"line":66,"column":2}},"locations":[{"start":{"line":9,"column":21},"end":{"line":66,"column":2}}]},"1":{"type":"branch","line":13,"loc":{"start":{"line":13,"column":12},"end":{"line":36,"column":5}},"locations":[{"start":{"line":13,"column":12},"end":{"line":36,"column":5}}]},"2":{"type":"branch","line":17,"loc":{"start":{"line":17,"column":5},"end":{"line":31,"column":7}},"locations":[{"start":{"line":17,"column":5},"end":{"line":31,"column":7}}]},"3":{"type":"branch","line":19,"loc":{"start":{"line":19,"column":35},"end":{"line":21,"column":15}},"locations":[{"start":{"line":19,"column":35},"end":{"line":21,"column":15}}]},"4":{"type":"branch","line":21,"loc":{"start":{"line":21,"column":8},"end":{"line":24,"column":9}},"locations":[{"start":{"line":21,"column":8},"end":{"line":24,"column":9}}]},"5":{"type":"branch","line":22,"loc":{"start":{"line":22,"column":65},"end":{"line":23,"column":43}},"locations":[{"start":{"line":22,"column":65},"end":{"line":23,"column":43}}]},"6":{"type":"branch","line":25,"loc":{"start":{"line":25,"column":6},"end":{"line":28,"column":8}},"locations":[{"start":{"line":25,"column":6},"end":{"line":28,"column":8}}]},"7":{"type":"branch","line":33,"loc":{"start":{"line":33,"column":11},"end":{"line":35,"column":6}},"locations":[{"start":{"line":33,"column":11},"end":{"line":35,"column":6}}]},"8":{"type":"branch","line":38,"loc":{"start":{"line":38,"column":16},"end":{"line":54,"column":4}},"locations":[{"start":{"line":38,"column":16},"end":{"line":54,"column":4}}]},"9":{"type":"branch","line":40,"loc":{"start":{"line":40,"column":74},"end":{"line":53,"column":5}},"locations":[{"start":{"line":40,"column":74},"end":{"line":53,"column":5}}]},"10":{"type":"branch","line":56,"loc":{"start":{"line":56,"column":17},"end":{"line":59,"column":4}},"locations":[{"start":{"line":56,"column":17},"end":{"line":59,"column":4}}]},"11":{"type":"branch","line":70,"loc":{"start":{"line":70,"column":23},"end":{"line":70,"column":53}},"locations":[{"start":{"line":70,"column":23},"end":{"line":70,"column":53}}]}},"b":{"0":[53],"1":[21],"2":[21],"3":[17],"4":[4],"5":[2],"6":[2],"7":[21],"8":[2],"9":[1],"10":[1],"11":[24]},"fnMap":{"0":{"name":"UserProvider","decl":{"start":{"line":9,"column":21},"end":{"line":66,"column":2}},"loc":{"start":{"line":9,"column":21},"end":{"line":66,"column":2}},"line":9},"1":{"name":"login","decl":{"start":{"line":38,"column":16},"end":{"line":54,"column":4}},"loc":{"start":{"line":38,"column":16},"end":{"line":54,"column":4}},"line":38},"2":{"name":"logout","decl":{"start":{"line":56,"column":17},"end":{"line":59,"column":4}},"loc":{"start":{"line":56,"column":17},"end":{"line":59,"column":4}},"line":56},"3":{"name":"useUser","decl":{"start":{"line":70,"column":23},"end":{"line":70,"column":53}},"loc":{"start":{"line":70,"column":23},"end":{"line":70,"column":53}},"line":70}},"f":{"0":53,"1":2,"2":1,"3":24}}
,"/Users/leighforrest/Desktop/code/hello/frontend/src/layouts/BaseLayout.jsx": {"path":"/Users/leighforrest/Desktop/code/hello/frontend/src/layouts/BaseLayout.jsx","all":false,"statementMap":{"0":{"start":{"line":1,"column":0},"end":{"line":1,"column":38}},"2":{"start":{"line":3,"column":0},"end":{"line":3,"column":42}},"3":{"start":{"line":4,"column":0},"end":{"line":4,"column":42}},"5":{"start":{"line":6,"column":0},"end":{"line":6,"column":26}},"6":{"start":{"line":7,"column":0},"end":{"line":7,"column":10}},"7":{"start":{"line":8,"column":0},"end":{"line":8,"column":6}},"8":{"start":{"line":9,"column":0},"end":{"line":9,"column":16}},"9":{"start":{"line":10,"column":0},"end":{"line":10,"column":16}},"10":{"start":{"line":11,"column":0},"end":{"line":11,"column":16}},"11":{"start":{"line":12,"column":0},"end":{"line":12,"column":7}},"13":{"start":{"line":14,"column":0},"end":{"line":14,"column":2}},"15":{"start":{"line":16,"column":0},"end":{"line":16,"column":26}}},"s":{"0":1,"2":1,"3":1,"5":1,"6":1,"7":1,"8":1,"9":1,"10":1,"11":1,"13":1,"15":1},"branchMap":{"0":{"type":"branch","line":6,"loc":{"start":{"line":6,"column":19},"end":{"line":14,"column":2}},"locations":[{"start":{"line":6,"column":19},"end":{"line":14,"column":2}}]}},"b":{"0":[1]},"fnMap":{"0":{"name":"BaseLayout","decl":{"start":{"line":6,"column":19},"end":{"line":14,"column":2}},"loc":{"start":{"line":6,"column":19},"end":{"line":14,"column":2}},"line":6}},"f":{"0":1}}
,"/Users/leighforrest/Desktop/code/hello/frontend/src/pages/IndexPage.jsx": {"path":"/Users/leighforrest/Desktop/code/hello/frontend/src/pages/IndexPage.jsx","all":false,"statementMap":{"0":{"start":{"line":1,"column":0},"end":{"line":1,"column":51}},"2":{"start":{"line":3,"column":0},"end":{"line":3,"column":31}},"3":{"start":{"line":4,"column":0},"end":{"line":4,"column":56}},"5":{"start":{"line":6,"column":0},"end":{"line":6,"column":25}},"6":{"start":{"line":7,"column":0},"end":{"line":7,"column":45}},"7":{"start":{"line":8,"column":0},"end":{"line":8,"column":52}},"8":{"start":{"line":9,"column":0},"end":{"line":9,"column":48}},"10":{"start":{"line":11,"column":0},"end":{"line":11,"column":19}},"11":{"start":{"line":12,"column":0},"end":{"line":12,"column":18}},"12":{"start":{"line":13,"column":0},"end":{"line":13,"column":11}},"13":{"start":{"line":14,"column":0},"end":{"line":14,"column":27}},"14":{"start":{"line":15,"column":0},"end":{"line":15,"column":44}},"15":{"start":{"line":16,"column":0},"end":{"line":16,"column":34}},"16":{"start":{"line":17,"column":0},"end":{"line":17,"column":33}},"17":{"start":{"line":18,"column":0},"end":{"line":18,"column":23}},"18":{"start":{"line":19,"column":0},"end":{"line":19,"column":27}},"19":{"start":{"line":20,"column":0},"end":{"line":20,"column":25}},"20":{"start":{"line":21,"column":0},"end":{"line":21,"column":17}},"21":{"start":{"line":22,"column":0},"end":{"line":22,"column":28}},"22":{"start":{"line":23,"column":0},"end":{"line":23,"column":7}},"23":{"start":{"line":24,"column":0},"end":{"line":24,"column":9}},"24":{"start":{"line":25,"column":0},"end":{"line":25,"column":9}},"26":{"start":{"line":27,"column":0},"end":{"line":27,"column":44}},"28":{"start":{"line":29,"column":0},"end":{"line":29,"column":64}},"30":{"start":{"line":31,"column":0},"end":{"line":31,"column":10}},"31":{"start":{"line":32,"column":0},"end":{"line":32,"column":19}},"32":{"start":{"line":33,"column":0},"end":{"line":33,"column":94}},"33":{"start":{"line":34,"column":0},"end":{"line":34,"column":136}},"34":{"start":{"line":35,"column":0},"end":{"line":35,"column":19}},"35":{"start":{"line":36,"column":0},"end":{"line":36,"column":14}},"36":{"start":{"line":37,"column":0},"end":{"line":37,"column":16}},"37":{"start":{"line":38,"column":0},"end":{"line":38,"column":20}},"39":{"start":{"line":40,"column":0},"end":{"line":40,"column":2}},"41":{"start":{"line":42,"column":0},"end":{"line":42,"column":25}}},"s":{"0":1,"2":1,"3":1,"5":1,"6":6,"7":6,"8":6,"10":6,"11":2,"12":2,"13":2,"14":2,"15":1,"16":1,"17":1,"18":1,"19":1,"20":2,"21":2,"22":2,"23":2,"24":6,"26":6,"28":6,"30":3,"31":3,"32":3,"33":3,"34":3,"35":3,"36":3,"37":3,"39":3,"41":1},"branchMap":{"0":{"type":"branch","line":6,"loc":{"start":{"line":6,"column":18},"end":{"line":40,"column":2}},"locations":[{"start":{"line":6,"column":18},"end":{"line":40,"column":2}}]},"1":{"type":"branch","line":27,"loc":{"start":{"line":27,"column":17},"end":{"line":27,"column":44}},"locations":[{"start":{"line":27,"column":17},"end":{"line":27,"column":44}}]},"2":{"type":"branch","line":27,"loc":{"start":{"line":27,"column":38},"end":{"line":29,"column":22}},"locations":[{"start":{"line":27,"column":38},"end":{"line":29,"column":22}}]},"3":{"type":"branch","line":29,"loc":{"start":{"line":29,"column":15},"end":{"line":29,"column":64}},"locations":[{"start":{"line":29,"column":15},"end":{"line":29,"column":64}}]},"4":{"type":"branch","line":29,"loc":{"start":{"line":29,"column":58},"end":{"line":40,"column":2}},"locations":[{"start":{"line":29,"column":58},"end":{"line":40,"column":2}}]},"5":{"type":"branch","line":11,"loc":{"start":{"line":11,"column":12},"end":{"line":25,"column":5}},"locations":[{"start":{"line":11,"column":12},"end":{"line":25,"column":5}}]},"6":{"type":"branch","line":12,"loc":{"start":{"line":12,"column":5},"end":{"line":24,"column":7}},"locations":[{"start":{"line":12,"column":5},"end":{"line":24,"column":7}}]},"7":{"type":"branch","line":15,"loc":{"start":{"line":15,"column":42},"end":{"line":21,"column":8}},"locations":[{"start":{"line":15,"column":42},"end":{"line":21,"column":8}}]}},"b":{"0":[6],"1":[2],"2":[4],"3":[1],"4":[3],"5":[2],"6":[2],"7":[1]},"fnMap":{"0":{"name":"IndexPage","decl":{"start":{"line":6,"column":18},"end":{"line":40,"column":2}},"loc":{"start":{"line":6,"column":18},"end":{"line":40,"column":2}},"line":6}},"f":{"0":6}}
,"/Users/leighforrest/Desktop/code/hello/frontend/src/pages/LoginPage.jsx": {"path":"/Users/leighforrest/Desktop/code/hello/frontend/src/pages/LoginPage.jsx","all":false,"statementMap":{"0":{"start":{"line":1,"column":0},"end":{"line":1,"column":43}},"1":{"start":{"line":2,"column":0},"end":{"line":2,"column":39}},"2":{"start":{"line":3,"column":0},"end":{"line":3,"column":54}},"3":{"start":{"line":4,"column":0},"end":{"line":4,"column":51}},"4":{"start":{"line":5,"column":0},"end":{"line":5,"column":56}},"6":{"start":{"line":7,"column":0},"end":{"line":7,"column":25}},"7":{"start":{"line":8,"column":0},"end":{"line":8,"column":30}},"8":{"start":{"line":9,"column":0},"end":{"line":9,"column":33}},"10":{"start":{"line":11,"column":0},"end":{"line":11,"column":56}},"11":{"start":{"line":12,"column":0},"end":{"line":12,"column":55}},"13":{"start":{"line":14,"column":0},"end":{"line":14,"column":24}},"14":{"start":{"line":15,"column":0},"end":{"line":15,"column":56}},"15":{"start":{"line":16,"column":0},"end":{"line":16,"column":20}},"16":{"start":{"line":17,"column":0},"end":{"line":17,"column":12}},"17":{"start":{"line":18,"column":0},"end":{"line":18,"column":58}},"18":{"start":{"line":19,"column":0},"end":{"line":19,"column":13}},"19":{"start":{"line":20,"column":0},"end":{"line":20,"column":5}},"20":{"start":{"line":21,"column":0},"end":{"line":21,"column":4}},"22":{"start":{"line":23,"column":0},"end":{"line":23,"column":10}},"23":{"start":{"line":24,"column":0},"end":{"line":24,"column":19}},"24":{"start":{"line":25,"column":0},"end":{"line":25,"column":90}},"25":{"start":{"line":26,"column":0},"end":{"line":26,"column":58}},"26":{"start":{"line":27,"column":0},"end":{"line":27,"column":47}},"27":{"start":{"line":28,"column":0},"end":{"line":28,"column":14}},"28":{"start":{"line":29,"column":0},"end":{"line":29,"column":16}},"29":{"start":{"line":30,"column":0},"end":{"line":30,"column":20}},"31":{"start":{"line":32,"column":0},"end":{"line":32,"column":2}},"33":{"start":{"line":34,"column":0},"end":{"line":34,"column":25}}},"s":{"0":1,"1":1,"2":1,"3":1,"4":1,"6":1,"7":9,"8":9,"10":9,"11":2,"13":2,"14":1,"15":1,"16":1,"17":1,"18":1,"19":1,"20":2,"22":9,"23":9,"24":9,"25":9,"26":9,"27":9,"28":9,"29":9,"31":9,"33":1},"branchMap":{"0":{"type":"branch","line":7,"loc":{"start":{"line":7,"column":18},"end":{"line":32,"column":2}},"locations":[{"start":{"line":7,"column":18},"end":{"line":32,"column":2}}]},"1":{"type":"branch","line":11,"loc":{"start":{"line":11,"column":24},"end":{"line":21,"column":4}},"locations":[{"start":{"line":11,"column":24},"end":{"line":21,"column":4}}]},"2":{"type":"branch","line":14,"loc":{"start":{"line":14,"column":23},"end":{"line":20,"column":5}},"locations":[{"start":{"line":14,"column":23},"end":{"line":20,"column":5}}]}},"b":{"0":[9],"1":[2],"2":[1]},"fnMap":{"0":{"name":"LoginPage","decl":{"start":{"line":7,"column":18},"end":{"line":32,"column":2}},"loc":{"start":{"line":7,"column":18},"end":{"line":32,"column":2}},"line":7},"1":{"name":"submitHandler","decl":{"start":{"line":11,"column":24},"end":{"line":21,"column":4}},"loc":{"start":{"line":11,"column":24},"end":{"line":21,"column":4}},"line":11}},"f":{"0":9,"1":2}}
,"/Users/leighforrest/Desktop/code/hello/frontend/src/pages/NotFoundPage.jsx": {"path":"/Users/leighforrest/Desktop/code/hello/frontend/src/pages/NotFoundPage.jsx","all":false,"statementMap":{"0":{"start":{"line":1,"column":0},"end":{"line":1,"column":56}},"2":{"start":{"line":3,"column":0},"end":{"line":3,"column":28}},"3":{"start":{"line":4,"column":0},"end":{"line":4,"column":10}},"4":{"start":{"line":5,"column":0},"end":{"line":5,"column":19}},"5":{"start":{"line":6,"column":0},"end":{"line":6,"column":94}},"6":{"start":{"line":7,"column":0},"end":{"line":7,"column":136}},"8":{"start":{"line":9,"column":0},"end":{"line":9,"column":14}},"9":{"start":{"line":10,"column":0},"end":{"line":10,"column":16}},"10":{"start":{"line":11,"column":0},"end":{"line":11,"column":20}},"12":{"start":{"line":13,"column":0},"end":{"line":13,"column":2}},"14":{"start":{"line":15,"column":0},"end":{"line":15,"column":28}}},"s":{"0":1,"2":1,"3":1,"4":1,"5":1,"6":1,"8":1,"9":1,"10":1,"12":1,"14":1},"branchMap":{"0":{"type":"branch","line":3,"loc":{"start":{"line":3,"column":21},"end":{"line":13,"column":2}},"locations":[{"start":{"line":3,"column":21},"end":{"line":13,"column":2}}]}},"b":{"0":[1]},"fnMap":{"0":{"name":"NotFoundPage","decl":{"start":{"line":3,"column":21},"end":{"line":13,"column":2}},"loc":{"start":{"line":3,"column":21},"end":{"line":13,"column":2}},"line":3}},"f":{"0":1}}
,"/Users/leighforrest/Desktop/code/hello/frontend/src/pages/PasswordResetConfirm.jsx": {"path":"/Users/leighforrest/Desktop/code/hello/frontend/src/pages/PasswordResetConfirm.jsx","all":false,"statementMap":{"0":{"start":{"line":1,"column":0},"end":{"line":1,"column":39}},"1":{"start":{"line":2,"column":0},"end":{"line":2,"column":54}},"3":{"start":{"line":4,"column":0},"end":{"line":4,"column":31}},"4":{"start":{"line":5,"column":0},"end":{"line":5,"column":56}},"5":{"start":{"line":6,"column":0},"end":{"line":6,"column":84}},"6":{"start":{"line":7,"column":0},"end":{"line":7,"column":43}},"8":{"start":{"line":9,"column":0},"end":{"line":9,"column":36}},"9":{"start":{"line":10,"column":0},"end":{"line":10,"column":33}},"10":{"start":{"line":11,"column":0},"end":{"line":11,"column":37}},"12":{"start":{"line":13,"column":0},"end":{"line":13,"column":66}},"13":{"start":{"line":14,"column":0},"end":{"line":14,"column":46}},"14":{"start":{"line":15,"column":0},"end":{"line":15,"column":9}},"15":{"start":{"line":16,"column":0},"end":{"line":16,"column":54}},"16":{"start":{"line":17,"column":0},"end":{"line":17,"column":21}},"17":{"start":{"line":18,"column":0},"end":{"line":18,"column":12}},"18":{"start":{"line":19,"column":0},"end":{"line":19,"column":14}},"19":{"start":{"line":20,"column":0},"end":{"line":20,"column":9}},"20":{"start":{"line":21,"column":0},"end":{"line":21,"column":70}},"21":{"start":{"line":22,"column":0},"end":{"line":22,"column":25}},"22":{"start":{"line":23,"column":0},"end":{"line":23,"column":21}},"23":{"start":{"line":24,"column":0},"end":{"line":24,"column":25}},"24":{"start":{"line":25,"column":0},"end":{"line":25,"column":57}},"25":{"start":{"line":26,"column":0},"end":{"line":26,"column":5}},"26":{"start":{"line":27,"column":0},"end":{"line":27,"column":4}},"28":{"start":{"line":29,"column":0},"end":{"line":29,"column":10}},"29":{"start":{"line":30,"column":0},"end":{"line":30,"column":19}},"30":{"start":{"line":31,"column":0},"end":{"line":31,"column":90}},"31":{"start":{"line":32,"column":0},"end":{"line":32,"column":58}},"32":{"start":{"line":33,"column":0},"end":{"line":33,"column":35}},"33":{"start":{"line":34,"column":0},"end":{"line":34,"column":63}},"34":{"start":{"line":35,"column":0},"end":{"line":35,"column":12}},"35":{"start":{"line":36,"column":0},"end":{"line":36,"column":14}},"36":{"start":{"line":37,"column":0},"end":{"line":37,"column":16}},"37":{"start":{"line":38,"column":0},"end":{"line":38,"column":20}},"39":{"start":{"line":40,"column":0},"end":{"line":40,"column":2}},"41":{"start":{"line":42,"column":0},"end":{"line":42,"column":36}}},"s":{"0":1,"1":1,"3":1,"4":1,"5":1,"6":1,"8":1,"9":3,"10":3,"12":3,"13":2,"14":2,"15":2,"16":2,"17":2,"18":2,"19":2,"20":1,"21":1,"22":1,"23":1,"24":1,"25":1,"26":2,"28":3,"29":3,"30":3,"31":3,"32":3,"33":3,"34":3,"35":3,"36":3,"37":3,"39":3,"41":1},"branchMap":{"0":{"type":"branch","line":9,"loc":{"start":{"line":9,"column":29},"end":{"line":40,"column":2}},"locations":[{"start":{"line":9,"column":29},"end":{"line":40,"column":2}}]},"1":{"type":"branch","line":13,"loc":{"start":{"line":13,"column":37},"end":{"line":27,"column":4}},"locations":[{"start":{"line":13,"column":37},"end":{"line":27,"column":4}}]},"2":{"type":"branch","line":20,"loc":{"start":{"line":20,"column":7},"end":{"line":26,"column":5}},"locations":[{"start":{"line":20,"column":7},"end":{"line":26,"column":5}}]}},"b":{"0":[3],"1":[2],"2":[1]},"fnMap":{"0":{"name":"PasswordResetConfirm","decl":{"start":{"line":9,"column":29},"end":{"line":40,"column":2}},"loc":{"start":{"line":9,"column":29},"end":{"line":40,"column":2}},"line":9},"1":{"name":"handlePasswordResetConfirm","decl":{"start":{"line":13,"column":37},"end":{"line":27,"column":4}},"loc":{"start":{"line":13,"column":37},"end":{"line":27,"column":4}},"line":13}},"f":{"0":3,"1":2}}
,"/Users/leighforrest/Desktop/code/hello/frontend/src/pages/PasswordResetRequest.jsx": {"path":"/Users/leighforrest/Desktop/code/hello/frontend/src/pages/PasswordResetRequest.jsx","all":false,"statementMap":{"0":{"start":{"line":1,"column":0},"end":{"line":1,"column":39}},"1":{"start":{"line":2,"column":0},"end":{"line":2,"column":43}},"3":{"start":{"line":4,"column":0},"end":{"line":4,"column":31}},"4":{"start":{"line":5,"column":0},"end":{"line":5,"column":56}},"5":{"start":{"line":6,"column":0},"end":{"line":6,"column":84}},"6":{"start":{"line":7,"column":0},"end":{"line":7,"column":43}},"8":{"start":{"line":9,"column":0},"end":{"line":9,"column":36}},"9":{"start":{"line":10,"column":0},"end":{"line":10,"column":33}},"10":{"start":{"line":11,"column":0},"end":{"line":11,"column":59}},"11":{"start":{"line":12,"column":0},"end":{"line":12,"column":9}},"12":{"start":{"line":13,"column":0},"end":{"line":13,"column":57}},"13":{"start":{"line":14,"column":0},"end":{"line":14,"column":20}},"14":{"start":{"line":15,"column":0},"end":{"line":15,"column":77}},"15":{"start":{"line":16,"column":0},"end":{"line":16,"column":8}},"17":{"start":{"line":18,"column":0},"end":{"line":18,"column":25}},"18":{"start":{"line":19,"column":0},"end":{"line":19,"column":13}},"19":{"start":{"line":20,"column":0},"end":{"line":20,"column":73}},"20":{"start":{"line":21,"column":0},"end":{"line":21,"column":5}},"21":{"start":{"line":22,"column":0},"end":{"line":22,"column":4}},"23":{"start":{"line":24,"column":0},"end":{"line":24,"column":10}},"24":{"start":{"line":25,"column":0},"end":{"line":25,"column":19}},"25":{"start":{"line":26,"column":0},"end":{"line":26,"column":90}},"26":{"start":{"line":27,"column":0},"end":{"line":27,"column":58}},"27":{"start":{"line":28,"column":0},"end":{"line":28,"column":35}},"28":{"start":{"line":29,"column":0},"end":{"line":29,"column":63}},"29":{"start":{"line":30,"column":0},"end":{"line":30,"column":12}},"30":{"start":{"line":31,"column":0},"end":{"line":31,"column":14}},"31":{"start":{"line":32,"column":0},"end":{"line":32,"column":16}},"32":{"start":{"line":33,"column":0},"end":{"line":33,"column":20}},"34":{"start":{"line":35,"column":0},"end":{"line":35,"column":2}},"36":{"start":{"line":37,"column":0},"end":{"line":37,"column":36}}},"s":{"0":1,"1":1,"3":1,"4":1,"5":1,"6":1,"8":1,"9":3,"10":3,"11":2,"12":2,"13":1,"14":1,"15":1,"17":1,"18":1,"19":1,"20":1,"21":2,"23":3,"24":3,"25":3,"26":3,"27":3,"28":3,"29":3,"30":3,"31":3,"32":3,"34":3,"36":1},"branchMap":{"0":{"type":"branch","line":9,"loc":{"start":{"line":9,"column":29},"end":{"line":35,"column":2}},"locations":[{"start":{"line":9,"column":29},"end":{"line":35,"column":2}}]},"1":{"type":"branch","line":11,"loc":{"start":{"line":11,"column":37},"end":{"line":22,"column":4}},"locations":[{"start":{"line":11,"column":37},"end":{"line":22,"column":4}}]},"2":{"type":"branch","line":13,"loc":{"start":{"line":13,"column":55},"end":{"line":21,"column":5}},"locations":[{"start":{"line":13,"column":55},"end":{"line":21,"column":5}}]}},"b":{"0":[3],"1":[2],"2":[1]},"fnMap":{"0":{"name":"PasswordResetRequest","decl":{"start":{"line":9,"column":29},"end":{"line":35,"column":2}},"loc":{"start":{"line":9,"column":29},"end":{"line":35,"column":2}},"line":9},"1":{"name":"handlePasswordResetRequest","decl":{"start":{"line":11,"column":37},"end":{"line":22,"column":4}},"loc":{"start":{"line":11,"column":37},"end":{"line":22,"column":4}},"line":11}},"f":{"0":3,"1":2}}
,"/Users/leighforrest/Desktop/code/hello/frontend/src/pages/RegistrationPage.jsx": {"path":"/Users/leighforrest/Desktop/code/hello/frontend/src/pages/RegistrationPage.jsx","all":false,"statementMap":{"0":{"start":{"line":1,"column":0},"end":{"line":1,"column":43}},"1":{"start":{"line":2,"column":0},"end":{"line":2,"column":31}},"2":{"start":{"line":3,"column":0},"end":{"line":3,"column":39}},"3":{"start":{"line":4,"column":0},"end":{"line":4,"column":60}},"4":{"start":{"line":5,"column":0},"end":{"line":5,"column":56}},"5":{"start":{"line":6,"column":0},"end":{"line":6,"column":43}},"7":{"start":{"line":8,"column":0},"end":{"line":8,"column":28}},"8":{"start":{"line":9,"column":0},"end":{"line":9,"column":33}},"10":{"start":{"line":11,"column":0},"end":{"line":11,"column":66}},"11":{"start":{"line":12,"column":0},"end":{"line":12,"column":9}},"12":{"start":{"line":13,"column":0},"end":{"line":13,"column":62}},"13":{"start":{"line":14,"column":0},"end":{"line":14,"column":57}},"14":{"start":{"line":15,"column":0},"end":{"line":15,"column":25}},"15":{"start":{"line":16,"column":0},"end":{"line":16,"column":21}},"16":{"start":{"line":17,"column":0},"end":{"line":17,"column":51}},"18":{"start":{"line":19,"column":0},"end":{"line":19,"column":69}},"19":{"start":{"line":20,"column":0},"end":{"line":20,"column":72}},"20":{"start":{"line":21,"column":0},"end":{"line":21,"column":55}},"21":{"start":{"line":22,"column":0},"end":{"line":22,"column":9}},"22":{"start":{"line":23,"column":0},"end":{"line":23,"column":14}},"23":{"start":{"line":24,"column":0},"end":{"line":24,"column":26}},"24":{"start":{"line":25,"column":0},"end":{"line":25,"column":25}},"25":{"start":{"line":26,"column":0},"end":{"line":26,"column":60}},"26":{"start":{"line":27,"column":0},"end":{"line":27,"column":11}},"27":{"start":{"line":28,"column":0},"end":{"line":28,"column":7}},"28":{"start":{"line":29,"column":0},"end":{"line":29,"column":5}},"29":{"start":{"line":30,"column":0},"end":{"line":30,"column":4}},"31":{"start":{"line":32,"column":0},"end":{"line":32,"column":10}},"32":{"start":{"line":33,"column":0},"end":{"line":33,"column":19}},"33":{"start":{"line":34,"column":0},"end":{"line":34,"column":90}},"34":{"start":{"line":35,"column":0},"end":{"line":35,"column":58}},"35":{"start":{"line":36,"column":0},"end":{"line":36,"column":53}},"36":{"start":{"line":37,"column":0},"end":{"line":37,"column":14}},"37":{"start":{"line":38,"column":0},"end":{"line":38,"column":16}},"38":{"start":{"line":39,"column":0},"end":{"line":39,"column":20}},"40":{"start":{"line":41,"column":0},"end":{"line":41,"column":2}},"42":{"start":{"line":43,"column":0},"end":{"line":43,"column":28}}},"s":{"0":1,"1":1,"2":1,"3":1,"4":1,"5":1,"7":1,"8":4,"10":4,"11":3,"12":3,"13":1,"14":1,"15":3,"16":2,"18":2,"19":1,"20":1,"21":1,"22":1,"23":1,"24":1,"25":1,"26":1,"27":1,"28":2,"29":3,"31":4,"32":4,"33":4,"34":4,"35":4,"36":4,"37":4,"38":4,"40":4,"42":1},"branchMap":{"0":{"type":"branch","line":8,"loc":{"start":{"line":8,"column":21},"end":{"line":41,"column":2}},"locations":[{"start":{"line":8,"column":21},"end":{"line":41,"column":2}}]},"1":{"type":"branch","line":11,"loc":{"start":{"line":11,"column":24},"end":{"line":30,"column":4}},"locations":[{"start":{"line":11,"column":24},"end":{"line":30,"column":4}}]},"2":{"type":"branch","line":13,"loc":{"start":{"line":13,"column":60},"end":{"line":16,"column":13}},"locations":[{"start":{"line":13,"column":60},"end":{"line":16,"column":13}}]},"3":{"type":"branch","line":16,"loc":{"start":{"line":16,"column":4},"end":{"line":29,"column":5}},"locations":[{"start":{"line":16,"column":4},"end":{"line":29,"column":5}}]},"4":{"type":"branch","line":19,"loc":{"start":{"line":19,"column":68},"end":{"line":28,"column":7}},"locations":[{"start":{"line":19,"column":68},"end":{"line":28,"column":7}}]}},"b":{"0":[4],"1":[3],"2":[1],"3":[2],"4":[1]},"fnMap":{"0":{"name":"RegisterPage","decl":{"start":{"line":8,"column":21},"end":{"line":41,"column":2}},"loc":{"start":{"line":8,"column":21},"end":{"line":41,"column":2}},"line":8},"1":{"name":"submitHandler","decl":{"start":{"line":11,"column":24},"end":{"line":30,"column":4}},"loc":{"start":{"line":11,"column":24},"end":{"line":30,"column":4}},"line":11}},"f":{"0":4,"1":3}}
,"/Users/leighforrest/Desktop/code/hello/frontend/src/schemas/index.js": {"path":"/Users/leighforrest/Desktop/code/hello/frontend/src/schemas/index.js","all":false,"statementMap":{"0":{"start":{"line":1,"column":0},"end":{"line":1,"column":50}},"2":{"start":{"line":3,"column":0},"end":{"line":3,"column":39}},"3":{"start":{"line":4,"column":0},"end":{"line":4,"column":77}},"4":{"start":{"line":5,"column":0},"end":{"line":5,"column":15}},"5":{"start":{"line":6,"column":0},"end":{"line":6,"column":13}},"6":{"start":{"line":7,"column":0},"end":{"line":7,"column":38}},"7":{"start":{"line":8,"column":0},"end":{"line":8,"column":55}},"8":{"start":{"line":9,"column":0},"end":{"line":9,"column":3}},"10":{"start":{"line":11,"column":0},"end":{"line":11,"column":42}},"11":{"start":{"line":12,"column":0},"end":{"line":12,"column":77}},"12":{"start":{"line":13,"column":0},"end":{"line":13,"column":15}},"13":{"start":{"line":14,"column":0},"end":{"line":14,"column":13}},"14":{"start":{"line":15,"column":0},"end":{"line":15,"column":38}},"15":{"start":{"line":16,"column":0},"end":{"line":16,"column":55}},"16":{"start":{"line":17,"column":0},"end":{"line":17,"column":3}},"18":{"start":{"line":19,"column":0},"end":{"line":19,"column":54}},"19":{"start":{"line":20,"column":0},"end":{"line":20,"column":77}},"20":{"start":{"line":21,"column":0},"end":{"line":21,"column":3}},"22":{"start":{"line":23,"column":0},"end":{"line":23,"column":54}},"23":{"start":{"line":24,"column":0},"end":{"line":24,"column":19}},"24":{"start":{"line":25,"column":0},"end":{"line":25,"column":13}},"25":{"start":{"line":26,"column":0},"end":{"line":26,"column":38}},"26":{"start":{"line":27,"column":0},"end":{"line":27,"column":55}},"27":{"start":{"line":28,"column":0},"end":{"line":28,"column":3}}},"s":{"0":1,"2":1,"3":1,"4":1,"5":1,"6":1,"7":1,"8":1,"10":1,"11":1,"12":1,"13":1,"14":1,"15":1,"16":1,"18":1,"19":1,"20":1,"22":1,"23":1,"24":1,"25":1,"26":1,"27":1},"branchMap":{},"b":{},"fnMap":{},"f":{}}
,"/Users/leighforrest/Desktop/code/hello/frontend/tests/constants.js": {"path":"/Users/leighforrest/Desktop/code/hello/frontend/tests/constants.js","all":false,"statementMap":{"0":{"start":{"line":1,"column":0},"end":{"line":1,"column":27}},"1":{"start":{"line":2,"column":0},"end":{"line":2,"column":9}},"2":{"start":{"line":3,"column":0},"end":{"line":3,"column":134}},"3":{"start":{"line":4,"column":0},"end":{"line":4,"column":10}},"4":{"start":{"line":5,"column":0},"end":{"line":5,"column":143}},"5":{"start":{"line":6,"column":0},"end":{"line":6,"column":2}},"7":{"start":{"line":8,"column":0},"end":{"line":8,"column":36}},"8":{"start":{"line":9,"column":0},"end":{"line":9,"column":9}},"9":{"start":{"line":10,"column":0},"end":{"line":10,"column":139}},"10":{"start":{"line":11,"column":0},"end":{"line":11,"column":10}},"11":{"start":{"line":12,"column":0},"end":{"line":12,"column":147}},"12":{"start":{"line":13,"column":0},"end":{"line":13,"column":2}}},"s":{"0":1,"1":1,"2":1,"3":1,"4":1,"5":1,"7":1,"8":1,"9":1,"10":1,"11":1,"12":1},"branchMap":{},"b":{},"fnMap":{},"f":{}}
}
